485
0
485
0
0
0
0
0
0
0
485
837
747
0
131
559
1201
0
399
485
0
0
0
0
76
428
0
475
764
319
815
0
0
131
758
398
1053
688
0
1882
1028
76
76
0
3298
72
3110
0
0
162
10
3157
131
3099
1660
973
365
963
1345
485
0
0
0
172
0
1444
772
5251
395
6066
0
0
3297
1420
0
2126
1557
2618
747
365
1160
1257
4565
991
1444
2840
162
1751
319
0
701
398
2150
5799
0
768
1004
7269
815
740
2873
1450
7746
1091
1883
1629
0
4545
3232
13101
6202
162
1045
1911
1303
4293
1264
3664
53
1217
0
932
56
187
247
15282
2951
2616
10
6899
6208
4557
3586
2830
2845
1032
5040
0
596
282
11189
0
2163
365
1624
5328
615
1005
0
13754
0
601
1978
1567
3942
1179
4216
2452
4526
1230
6808
130
3959
4949
775
421
4981
571
763
1618
4788
4474
1565
2373
0
3290
1644
1382
11703
164
9662
153
7794
0
522
1299
1409
2443
7974
543
2924
9311
4013
257
6446
802
6405
9855
381
423
824
7686
0
1615
5995
2836
4899
1192
1328
485
4544
3343
5246
2695
0
2745
7134
16009
621
0
1298
0
6929
197
1633
532
3401
579
2114
4075
5083
2653
12227
10891
1774
12245
950
5933
1487
10048
1168
11681
32085
5143
7971
7417
4301
0
26671
10026
2294
7238
8626
5446
0
12227
0
2419
3015
2168
27070
2074
5849
8996
6715
9032
2369
991
168
35396
29994
12639
8364
25497
6013
23079
2701
0
14308
908
12458
6787
39615
2259
3789
120
5564
2689
16351
1947
1081
7434
1633
37876
8856
840
3540
2403
3136
5161
2660
1257
3603
1200
26856
1853
484
2363
197
34398
11424
19161
0
2333
9438
16464
14081
4920
434
1960
2158
3572
5033
901
1650
10360
8539
1897
6695
1781
1707
4037
10194
2914
4067
2459
730
3878
3338
23744
4811
3486
11974
2562
22332
4052
5617
0
0
9540
6261
1488
16917
9102
3035
2152
3043
3861
16892
835
2158
1226
18831
15335
8034
13628
693
5388
2370
10961
9903
1095
6440
5572
8688
1227
7444
6284
1347
793
6600
5316
6163
0
5014
16188
18807
8869
15037
10745
5313
10071
5132
27938
2086
2794
3937
658
2122
2687
7522
13748
3396
880
19
983
25067
18242
738
6164
11872
6208
15655
43286
571
3554
10341
8301
9092
5589
499
1932
18161
13857
4234
635
278
1882
1677
2337
11468
11752
47150
0
5321
25712
139
43710
0
11223
1289
2111
6232
30654
162
3819
36376
20988
15234
4740
10988
21564
2754
14587
2062
7698
0
64531
9540
4963
6188
29310
4148
463
3538
2811
3346
1131
5895
5907
468
0
908
34
7644
36720
1545
4038
26274
4086
5590
2137
381
25830
12595
4485
1957
840
47501
6949
18705
23946
7770
3492
5121
33217
33886
2348
7523
5275
12789
375
21495
2771
1786
46057
16630
18165
0
12264
18942
938
9948
862
15879
448
2139
5344
1900
2231
6724
11288
27195
36272
0
46374
20538
2075
419
53361
533
0
40106
3564
16554
5418
1261
2350
47807
13737
8608
11854
1732
28014
332
4063
5023
6091
5050
7661
3499
130
8872
40589
16494
0
9461
33474
328
6072
3821
208
5661
29434
8315
35805
3429
12612
282
688
48248
1121
9082
4081
404
480
20495
6247
2178
0
46408
1092
5404
7721
15343
0
74246
53204
22588
9802
17000
9393
14912
72887
7639
26461
21840
2527
11691
1721
725
21118
19457
28208
73931
946
339
26750
5683
41092
0
9923
0
11737
6392
1359
20549
800
35540
15956
26052
11686
1523
30444
12550
12814
8917
0
34336
1180
9303
16883
10907
9129
265
11705
44194
2330
88554
4357
12584
14922
4648
45074
9913
40598
11081
15698
40872
4080
50916
360
29263
3121
14070
24548
976
19001
0
28588
0
38822
2182
68298
28649
25163
85282
761
11011
4984
107719
358
3132
16578
16945
14646
11862
29946
24400
36320
21959
3743
10963
25145
3010
79441
5670
11273
97
3870
3573
7502
2940
1910
2456
31728
13531
9475
3067
51583
33635
0
48949
6557
2659
9573
15463
25356
15253
2904
131
25394
12389
15349
2968
52079
9445
803
2680
3422
4423
1099
26486
5441
8543
44070
9774
2065
12001
8787
9499
2789
6700
8573
1228
3774
11902
41113
10045
11613
20806
26367
16065
27720
11924
8076
15513
64936
21470
6733
1549
5834
2804
26544
11187
15270
958
135859
16559
15920
21
15548
41970
3513
44802
23469
6436
455
43287
24077
54085
8735
3875
50605
3868
26590
61780
1464
7256
0
21654
15187
124946
28965
1080
4227
2040
18177
465
948
24109
8739
126103
4263
6097
9993
9595
20319
18001
2121
2480
4416
68397
2038
47553
4043
7740
9792
2254
5216
19344
17964
68787
5048
4778
61785
1040
2613
0
82459
3974
24568
12539
11514
586
50802
80932
60317
6805
2619
13918
13105
2846
8384
17063
6752
12166
10527
5585
12780
3198
33788
1861
7272
2468
365
23331
24555
39307
12967
19888
4990
81940
981
33208
36197
40906
7246
5951
9886
34183
0
32480
16286
8370
31199
13049
19623
1198
6512
2426
12031
6908
29185
4337
2542
5720
2706
5087
30346
609
34158
79268
0
3523
3735
4767
8882
48616
58673
89123
4397
81179
16302
18774
20525
37579
1947
351
15414
4623
49467
154995
64833
10138
24666
42814
50652
243
27535
41705
613
14263
15334
49816
1941
49197
5678
12956
6551
42714
3680
412
126776
17118
6351
6002
29311
67
10746
9147
46874
41073
2920
7252
33672
1080
43443
78606
12526
8103
42069
3419
5015
4665
8089
35940
2386
6191
905
49480
465
10833
4467
14550
3436
57405
2597
50853
4467
100696
139847
6594
9989
27900
55375
7708
47855
2765
45595
21871
7284
37417
71565
36427
22708
2189
25519
17581
6368
2711
137793
1781
42053
37060
75010
2285
54955
4576
21600
19039
822
102419
54917
12714
41088
4467
30366
6060
5990
3222
6735
63441
119288
34949
46903
46147
5025
62058
21366
43704
3423
2770
475
19660
45601
7261
1981
76676
5305
61712
15127
1568
1561
12346
6319
13288
96637
6924
9829
96067
19758
110684
26642
91042
1934
0
6693
21662
21657
17851
68819
27696
8524
3131
87778
9912
31233
17962
48277
8437
55427
1965
11582
2994
80233
768
22809
34920
18977
3416
25763
8241
182510
28457
33069
9156
7655
33196
5715
201439
74285
0
16146
26877
11058
46281
72718
7877
36829
13587
73773
8547
98315
3730
59416
17698
44635
14219
78166
11247
40718
4214
25010
22255
60041
1373
31495
20680
112468
8774
29644
23415
40852
3085
31844
141955
36223
41694
33
32861
2877
2233
48461
115711
968
25217
6220
2827
92171
13623
47687
1689
25634
989
14886
989
2448
74301
27692
57469
10710
82653
57343
60276
710
45286
2834
54435
3718
53054
2868
18844
22337
24486
12479
16410
1647
5375
19326
20263
114756
39464
59561
30608
390
8378
569
80544
1758
18170
9724
3041
3842
48901
26969
1417
6937
17127
3762
98732
4197
20467
77601
7104
87406
131993
7495
13362
26381
8158
40451
1231
8820
1447
148413
4790
807
38978
2609
4330
566
35694
20314
23214
9907
37717
22785
95352
111150
165
24689
10201
1198
6000
3535
51148
108683
3240
36865
121924
97676
7881
82478
4780
26623
3517
45443
0
43
38357
31860
37939
13710
5789
72950
10395
43714
17802
40574
4145
50819
53268
15637
27123
78244
10349
57283
22151
29973
128983
102366
83502
102819
16884
0
24884
22357
46666
3527
4483
771
32517
6564
109812
14647
19779
19274
20822
4344
8852
80855
4471
12678
31658
107330
70300
22084
45217
18117
23018
98310
3704
24540
19002
4783
65741
161
171452
4884
3019
4929
29816
13150
63803
14147
32046
18197
15430
486
47141
38830
44141
30355
33436
23338
1382
144071
19363
2991
118611
15256
44255
4243
9659
6347
30758
243
126705
186702
8519
22937
4713
25884
1205
88635
15899
1267
83789
1110
10064
7533
5673
27280
13431
12662
760
51090
6556
18548
6798
83048
2435
3052
1687
17376
1301
76666
72305
38333
52847
20668
19042
19397
146
4169
19508
15175
12750
81193
0
35490
19767
39671
368
40227
51
0
39537
42702
13881
4419
69228
6679
5762
17082
13298
32915
27580
86517
6394
181352
3312
63206
18245
7052
1169
29843
4977
50420
4988
43321
177
3662
0
34040
18996
9031
86897
29521
68518
56354
4729
63160
7655
16468
31258
55518
1373
32488
963
59220
3922
2747
21614
9573
2617
38359
5353
23061
89720
107619
30088
0
27075
31238
46525
21451
40027
4961
141396
26435
15743
4612
9686
32281
2099
192367
65842
8956
18632
26101
73768
1783
2917
156
181340
2423
23508
239422
26952
17235
21189
44652
121499
18749
69916
86499
1279
37012
2292
54772
65570
409
80647
8533
21061
12260
29570
3001
187501
15104
123259
131580
2500
140205
5741
33136
57719
52261
17367
39039
0
13268
13176
177129
12903
12973
18012
20962
20984
1961
15918
80060
15663
96782
86436
0
0
180143
35457
62766
3354
7241
5594
8474
12563
16036
50437
1233
4180
33891
2522
49962
32543
106078
13577
24401
35577
87687
20264
1268
14849
6143
183686
5242
2722
113991
36092
899
133718
20005
44119
13176
2632
35
9201
48307
0
32002
3840
28600
6372
14621
175888
78400
29502
7742
59110
38102
33139
3399
15953
11281
52171
46456
12982
81341
43141
269669
32085
88801
53346
11582
0
4212
134792
8269
103921
31746
34946
61800
24555
568
7290
156849
6451
191561
34663
1341
150785
0
54634
5063
12931
62797
92316
6000
12397
12523
17274
1234
145654
242
33363
24214
106197
40350
130543
20247
73577
63593
12949
93324
15049
2064
118067
291
0
30339
209021
35387
2362
1433
25998
28427
74905
28603
4264
2603
321
154142
2715
58222
9343
13195
34477
52120
6394
23737
36108
9983
0
279820
8551
5156
3377
41257
17699
2169
4724
147855
4280
133308
113619
24648
58483
93775
6264
63543
0
106213
979
71174
84587
6365
252029
12270
104882
8057
18431
87738
174265
3907
44551
12951
59108
6708
76466
40863
2519
20774
5890
53416
56
27906
2187
116131
116755
36395
79005
3148
59291
10998
14348
36110
3529
18865
95652
42468
28778
19209
20978
3327
27212
239441
122981
82140
18605
85751
34695
65471
19261
42610
130
29997
18323
78604
10613
59206
8016
82161
109457
54034
2437
258866
34
28293
4099
2813
16720
972
8856
13165
0
63903
125791
12424
86926
3707
255643
32775
6068
2145
210048
2010
64
15674
59460
61514
91629
706
16022
228608
35573
8537
40970
38463
1042
47658
0
78534
4748
0
4311
3901
26359
7286
175327
146495
11663
128161
3433
5370
15508
12853
4890
24649
16771
89149
66898
21787
598
23726
3468
30690
96600
141685
30397
17392
53187
0
42091
137281
35157
13146
126463
20658
81440
399
56311
28851
49681
2165
6643
0
26468
3576
43747
8689
23852
86341
87696
77965
32825
65273
105094
79735
7455
276662
306
283623
37962
22761
67292
6080
24320
2754
32414
57357
29485
2270
1288
13635
87524
8034
266256
12230
1783
6609
36695
23884
778
23281
14320
31429
66620
2663
15214
36891
142813
14495
3542
60189
25849
5558
26301
79242
163343
102733
10951
7174
83679
1207
112996
67534
11980
24392
178263
301225
2940
23994
24326
153566
53393
25412
145703
37650
91323
24810
71449
34083
6808
19618
4892
29024
122948
2617
9379
7477
71639
10757
16824
231
16491
28468
49336
45697
3396
48021
14503
71406
5473
42244
5219
109938
5717
43424
46733
7793
77224
183985
107867
70794
52253
12215
48193
5088
31605
72087
1776
77343
6396
118252
3764
65282
7850
53429
149469
3384
77050
856
82266
76667
9708
7997
346
164992
14460
25363
24394
148687
62863
31799
7950
36536
183787
34211
212032
3668
64625
126080
150326
20063
174391
15098
32228
83283
9407
78495
7937
16876
7387
27778
50514
130712
25959
38592
15786
9435
80570
8249
112405
24487
35061
27399
53267
73639
12217
183421
11187
17688
73820
18528
28600
92523
1406
19188
33293
4906
55096
2601
40339
0
179544
38313
68755
48490
7918
16725
10511
6345
11544
53645
125865
85788
6553
5248
16475
52770
13522
112775
9244
2635
29468
921
37547
136675
29147
33023
890
4307
65120
23002
268255
5063
38344
117744
55406
2565
35549
866
7766
47398
910
30193
168331
6848
1999
15417
8270
0
98369
67686
99059
45854
11399
46045
54939
122616
24222
63385
60705
36403
58620
187749
53100
43201
143627
20134
84625
7961
81298
342
19030
8866
74535
133531
23796
61340
131249
20331
13590
98745
9806
94701
106778
4980
41406
6916
265
38592
11599
4692
24453
32546
2018
6124
7288
6833
129569
44454
57645
718
78648
3532
85851
83111
5608
110083
61260
8029
119570
3890
95729
25044
109704
40053
15205
77568
15569
27204
27327
102541
18171
40295
6186
16454
26475
46260
6831
30892
227053
7654
225010
68192
94687
63442
184933
19137
35
5710
75087
9400
94270
114491
208604
10181
16114
5983
57096
32690
55143
287929
435
258536
6864
72045
145396
26637
969
34025
16899
136435
18901
47578
66225
40397
25364
47290
19465
72392
31223
38841
24710
82061
13847
286335
44781
1468
27158
34165
76850
11673
32292
14982
12183
21677
95574
43976
38152
689
92513
151937
17558
49335
36808
54888
7851
3285
280625
29591
12601
7162
64406
17782
103435
5198
35651
108881
6993
86777
99930
32755
30679
87627
4724
66030
2530
17468
2176
35676
160894
35972
155602
15286
43478
49205
66806
108369
48726
13464
118033
6338
79712
4363
2501
29869
11884
6506
113794
74125
3068
157444
71441
352
43399
122410
17452
54105
17469
172
121118
9116
64350
12777
17946
213415
15083
18898
31753
63801
87209
6977
27342
50537
292170
18429
31988
90779
117246
69266
45262
77098
201462
6726
25741
72844
114622
38381
3870
61874
57075
51306
264198
11473
3554
12592
161935
15112
148516
11463
92450
24254
7
74037
90250
3101
82789
9840
22713
6059
76971
45096
48733
6350
788
14599
68376
25711
119634
18408
41164
114290
3946
47015
118548
220003
2441
97813
26142
119688
231558
15778
50420
87008
6938
74957
13553
322098
76750
1679
16973
11997
8174
485
64751
7718
173278
57406
549
18763
77314
58455
450361
47673
97666
15545
4424
168770
43541
168108
81597
34702
380
160947
866
75434
9707
13208
110055
43772
32508
208519
47471
120387
34293
210223
2184
43401
19529
3089
71285
73551
1377
508444
26685
3433
27845
2988
146830
5760
327
44215
32436
1678
11500
83578
82520
15853
129416
110912
12460
250995
978
42750
48728
15800
84424
876
1177
107043
195229
57505
24172
167637
843
46647
2855
11713
30448
4995
12896
112508
120779
101523
84682
16036
277688
1246
423
15815
2502
34997
15330
38568
3396
3694
92023
154717
14912
2478
194489
19289
67362
4743
71813
6112
38622
276146
13294
28860
74166
47019
37964
2047
77759
51515
1813
352508
37192
90708
126705
45178
31723
260638
2310
2125
19164
69631
8765
131294
237509
17482
6352
84848
35676
22242
3919
17759
15890
1129
156736
19130
120915
14546
35616
46347
89041
842
72594
3976
26163
13849
16099
23719
36454
25491
9786
34451
62255
26329
18800
4381
81421
202370
112667
8925
53616
6916
55880
379702
10046
2089
8214
32942
296
57510
82942
126517
29482
12460
296219
2011
19440
39722
3394
93330
20685
295020
53696
0
139496
3420
345984
38232
10992
52154
88174
48469
17873
186987
75403
4615
12579
176824
21350
520
107713
5405
2004
198803
6030
2827
7060
11850
13416
36575
137299
72192
112128
24554
57449
34191
91769
27710
53050
6774
167855
20451
146242
1438
15501
164859
15875
15811
166248
12665
63068
11653
56911
12562
147138
4689
35577
73149
86251
10792
340
175158
13860
127625
34967
59815
4821
37512
67779
284299
13609
22100
79558
36173
4974
11861
5188
49544
31330
138430
2747
163828
8782
941
54874
115152
1654
30628
10874
79638
45123
30008
24331
232617
23421
19028
81824
10860
14004
45622
7984
38360
10710
233455
82678
23589
5929
71754
278597
58641
98758
10523
73091
11551
109353
14329
18673
308293
1346
96965
21749
5592
5178
12949
185269
21557
2590
50465
127665
1677
164806
34507
12105
157755
5224
2177
34668
163473
94179
54226
112803
16204
25279
63102
31702
22164
63918
62051
45827
32534
27324
85461
69637
169065
21629
431519
16633
77936
64297
217665
244065
7302
10641
128665
43363
114559
14472
12706
882
89467
49902
106503
5131
4119
50980
30941
175708
9939
113277
52344
2331
21281
13810
69289
1554
30325
403697
36559
39265
26978
2143
182080
32309
78074
12362
93112
169315
32022
61060
3594
123539
80305
2444
5383
223237
61329
11795
38097
230271
34060
46191
47545
38444
32421
220523
116552
463336
86932
609
11288
38959
49811
97915
3893
150671
52673
37658
70488
40486
152349
16734
98769
23134
55027
10319
9677
327466
114248
9796
1570
97333
3991
24068
75281
24204
9584
163691
3187
118926
6415
17939
42259
53093
5098
27995
32094
5951
11477
30914
22859
62968
3802
217228
2667
7931
166953
46163
27146
44019
48826
55169
50313
4582
224
234005
90486
3214
29929
290361
27129
149817
68421
61960
99747
2154
35583
22973
1587
20960
1730
313719
213379
28963
33618
3667
57170
18117
60966
62944
15487
169690
2395
53776
173350
16355
20516
10824
113953
45293
182066
2189
42622
1216
44506
33662
23327
54671
17372
476742
0
48881
6154
52021
13701
151331
122936
3176
41412
29444
129080
172464
8657
6612
150752
302037
86088
16904
114675
143103
67197
198710
46454
272201
0
128292
162154
103349
0
72162
20161
72290
92105
742
32771
2129
17518
124510
6433
41373
159875
52564
1147
24169
1927
327867
12592
81780
7525
322834
1840
22116
29457
87412
138372
86821
34082
27006
534852
18668
199573
93732
47662
20086
17118
20497
6227
136040
483535
308921
945
5590
310844
7980
11873
130302
27224
2920
198233
28870
244382
57073
27079
67869
340
92379
232397
76068
52506
31334
11969
121127
7953
314464
184752
12308
39300
51999
228724
58959
352849
37127
54235
173467
249738
13409
181562
72477
16891
5975
3507
539
172082
11344
9224
69634
61861
6696
10179
74226
19576
171430
14571
106641
21874
11802
29984
173143
81295
8679
60191
7410
102421
38713
89177
0
175874
124587
27526
70546
54848
66581
710
44521
73741
258706
4909
49275
342722
227736
19497
135430
164145
2747
6724
18354
53626
4474
15455
133319
51574
188148
1003
93579
2487
27401
110820
118368
65358
176336
104191
310925
206657
213283
241706
48577
2960
51392
24757
39656
38124
69463
257373
5427
85873
3429
74838
297676
70978
21480
37688
15809
4384
19984
124319
74882
56190
42735
258100
280
259789
14942
332696
6586
163533
2369
44745
40722
22945
30189
30144
732
142072
21198
42584
6621
66840
18559
76419
19554
78203
11756
78165
70910
0
140865
33502
134518
6496
113567
438909
45517
19964
41686
102098
71975
57776
310669
7182
68314
20984
327385
32545
5160
22902
39387
142147
29705
36093
70350
82058
5177
31931
288
197621
46080
78763
208550
27675
3706
138181
112326
180679
172964
56490
37171
2501
234277
38441
77821
29397
132422
18582
635
9261
6509
172621
104607
102291
71846
44927
12939
24828
227053
25191
75624
42367
248092
178932
1776
437542
40351
117484
11878
266629
29522
143082
139488
8907
151449
159492
93646
0
39414
170256
1389
22921
1234
160542
113252
211319
6304
133641
39193
389384
9483
14236
272952
128977
13217
184846
49913
0
420721
19590
346042
21842
19961
18727
74874
6409
75202
157722
19707
2176
367080
43417
123168
14938
128296
182697
5220
20337
13323
63659
23335
39783
2873
123715
39131
78914
54916
69745
70138
102285
116402
53504
126688
521
50495
2185
194196
4849
14526
126062
61581
25633
12957
128316
62633
71772
100375
40508
38136
90572
100092
2548
63590
77321
14789
51920
29307
211461
322554
4543
106178
45430
72822
79865
44776
212552
19114
2222
299914
137426
81072
86602
8404
220265
20920
131420
107841
823
3073
69277
22413
42775
35818
54764
47545
26073
5913
428384
91574
14414
16191
19353
16000
3953
55936
43653
968
149443
10149
1257
68220
23210
31299
91737
16750
135251
14724
9293
62170
5023
155617
14527
49494
68131
5031
125536
4609
3368
252991
14384
32054
10164
17477
271479
110629
201373
3735
95174
5784
32014
113467
114761
264388
70897
103472
93735
3786
227619
6997
32677
17644
56774
5196
84189
105129
11721
109652
14171
137354
6024
51106
39254
60737
64811
169695
4786
83126
36428
229784
357308
20314
20050
4410
86929
34739
195703
5118
112018
173392
9350
88588
7079
3383
174813
41663
35301
7265
95737
84106
82997
456405
67280
202444
552
28162
58548
28212
144434
10506
19802
123523
327
0
29746
1460
6835
49374
45926
147586
50693
37710
77111
575903
1630
184605
65277
16325
372
60752
173110
128020
6412
141256
135406
31554
2129
52114
362733
215034
25694
54058
18814
191
219806
4053
2663
297833
61263
5678
23838
34107
162445
1710
28192
4725
33538
5565
27145
52710
62202
76644
47198
24647
103910
49435
108270
251293
9493
48765
55877
114663
199437
37831
16115
160829
5617
295878
21539
128965
48524
16950
266837
28307
49960
9856
6565
189181
25399
161458
14608
212133
71732
16398
338461
8538
11732
1566
145281
18992
535301
12837
264789
112
56846
164690
317056
6951
90223
12809
283660
2692
21676
67121
69138
24993
171871
39604
41918
369252
19096
143220
178747
43106
40347
73931
120406
319
162691
70919
218755
266279
135896
49509
18248
12469
41810
107126
46558
59869
109325
220468
293157
16625
14873
6438
13219
256
34860
4784
10043
227413
158786
9712
32062
303496
39954
6295
64775
251257
6740
80923
143945
50026
328086
5246
428808
6910
107151
10868
13986
84592
18743
235360
4834
85708
103631
126396
27054
118504
28937
23976
156766
54995
203757
27153
20178
194029
23964
155965
53926
9537
154775
15492
52285
2900
6463
51673
7486
125921
74245
196280
25579
38699
161523
70886
16076
664
57868
96083
3757
4874
99528
14202
275230
47208
88761
10810
394604
9592
42663
50707
232339
25179
284089
116695
5857
24820
8164
38355
53311
52669
2291
19839
13359
272353
28683
392732
27714
120690
263153
2394
57403
51160
22327
85678
704
49804
150663
4248
9920
973
4583
143306
49872
19440
92282
25652
34026
683292
33562
18874
75013
53937
7041
391435
124614
370680
561141
5341
38530
162606
95123
53183
255649
35736
183473
89
38908
33006
406651
67914
57882
8525
380053
345133
62635
397
67607
3647
217897
31870
50964
156674
86651
250
35065
14633
342304
50018
41353
461
125289
27394
36755
14748
117441
18661
39738
30725
149815
26055
268894
75511
367445
8619
5563
92922
147098
50592
561403
9586
43986
165064
202471
201249
101642
18208
17794
8409
143990
40104
5530
164476
170587
488957
1457
20997
86215
113867
17917
14030
222627
5975
68286
496
2814
10166
499230
10386
191247
1244
6470
3573
268869
24504
56378
28854
4538
101751
3850
111350
301150
3988
3935
44956
51046
10296
151858
23924
297794
51298
3702
139256
78669
17639
89385
32714
24505
135296
92994
35239
344480
47280
82045
6447
254944
10620
64044
1329
397883
32802
92208
9953
86359
41729
5423
106865
26890
47388
59037
7939
317068
42405
399735
153118
76893
22060
35284
116943
247978
232943
53376
372893
8040
29103
90638
207233
2273
18215
395340
404593
95838
14027
141967
54133
11583
126907
4384
17262
45220
108431
91488
105588
2318
109718
3562
24827
19626
175793
23573
58790
6746
12995
164664
2866
295305
46217
389947
22136
14510
301404
6145
21568
12229
178333
