0
0
83
0
0
0
0
1289
0
312
0
0
392
817
2
2138
0
0
312
388
13
1164
2189
1205
620
412
1920
825
2071
932
2513
312
1868
708
2314
0
1256
0
585
1379
3701
830
3869
0
6091
0
625
501
2934
526
214
2321
45
345
7059
2303
1936
4087
2592
593
406
1279
187
0
345
3658
1486
392
0
550
0
0
1434
5505
1530
53
3347
901
109
219
1952
2219
1634
134
0
0
6685
1070
4191
209
116
956
4737
1327
698
116
11035
4081
844
1431
3496
7485
55
5864
2634
4464
628
7317
1541
0
2447
8317
1287
5912
3720
312
10418
0
3629
0
3953
1498
4632
4169
0
1192
0
0
906
5111
686
0
499
5514
3048
1421
231
9222
1164
6653
8450
5207
1228
0
6394
5638
0
700
8356
322
828
934
962
501
2347
11524
2444
738
4432
8930
6937
1493
6097
704
10863
4009
2839
292
3426
1436
30207
13648
309
2585
1797
6749
7152
8505
870
8025
2824
10646
867
0
4893
2498
7579
495
35500
2819
427
1927
351
1000
3882
5066
32774
11128
3052
2395
6524
1392
2470
18544
0
16411
5195
1395
7117
7977
346
8549
6913
2763
0
2812
2324
656
3245
1148
2513
4700
1553
3324
14160
5333
1927
34351
440
4984
2813
427
6541
209
0
190
1898
8055
31411
1781
9035
10867
7765
574
2670
3167
457
1834
1707
4547
168
13813
4196
3633
2368
2604
4553
8462
10191
4377
3978
8675
2566
13088
937
8500
13629
4730
1435
16802
5559
8624
1491
15055
2515
2386
10565
9541
2657
816
399
1596
10722
1499
3556
9099
8013
1227
2215
4335
12250
497
7415
609
4006
452
4625
4277
47160
0
12083
9576
7035
29356
4625
14036
0
17059
1339
31042
1985
0
25497
1026
605
39089
9811
3144
7335
11691
8830
8124
2240
298
1281
3213
17895
12329
552
332
1327
8237
4967
15014
8803
8901
12076
3602
12420
187
176
8629
715
7823
735
24390
3119
7351
3981
7804
6460
5227
18551
3268
14367
5869
14414
642
480
7017
958
283
48757
5085
42
10559
4574
13665
2123
25816
0
665
14753
28110
10140
0
1067
58797
7039
6797
88
11143
3178
1283
11560
2385
73
12459
13173
6483
6122
649
9094
1767
22982
6166
15525
378
16636
2112
4492
19295
2091
4527
495
9282
5993
1787
13438
726
12001
1546
81
1027
1320
351
21402
593
24419
228
7743
7755
7848
20207
0
168
6392
17367
9808
9619
1309
993
3299
3807
3757
39565
1981
4736
1058
15943
1139
4157
797
24163
790
35795
0
33995
673
916
9749
0
14320
5141
22579
1988
21926
46288
16305
4718
36056
4821
20819
38862
5255
7426
2194
6435
35726
901
2552
346
38492
45825
3300
8528
361
1557
66131
8
7384
7604
7905
24309
735
2330
22595
61790
278
35230
6157
933
10393
348
15887
888
25016
9535
326
33508
3430
23537
0
4748
52998
10988
593
55
3737
10885
4948
44733
2579
35000
8027
5235
59712
3003
17304
26845
0
67504
0
2914
0
18847
312
4255
7579
4529
25810
29348
0
449
19909
2329
9985
11849
4489
39680
32811
5183
8640
6907
2501
1258
30144
3627
9509
7923
0
858
4646
8487
9733
2562
15417
718
4581
7075
2888
48784
8424
2466
7378
0
11238
415
6859
23061
25746
42210
52598
9675
743
11690
4184
9698
20079
12452
33576
232
20574
537
2362
1735
63221
3941
2219
689
84510
5021
7481
1461
11109
44057
1422
964
420
28672
0
20980
1114
25016
10886
33794
23696
20403
9658
13108
370
62302
9518
30279
2769
5452
1314
1995
1655
10006
24518
60300
2140
5977
47607
13966
2700
64884
3191
14179
17690
29730
16716
5578
51059
26971
32085
94578
26810
3079
28423
6436
35042
63955
12088
103
29977
23922
20383
21939
5926
13345
3189
63843
34066
4681
22962
1158
7854
10507
166
43992
11090
41326
24557
9717
0
31026
26365
43789
82573
6842
28632
2588
15379
38509
18042
10438
1341
29093
488
9538
982
4015
3686
4349
558
2138
5251
2616
23746
4567
1394
35732
27180
1131
8353
6015
14546
7040
13432
664
61930
9505
31879
21969
4725
39509
16307
889
1037
12156
533
9936
90347
16456
783
12268
1311
10116
31670
5164
17684
4860
5560
487
9159
44950
1255
74534
15571
13863
1903
17104
859
23649
8593
29210
18113
42121
3140
0
33892
4994
411
0
37574
28170
51495
4968
6213
22056
61857
19889
4566
98198
21376
41020
66304
0
2287
2720
8587
8735
11920
3544
0
109129
4754
2169
8400
19024
1380
8652
64223
51820
6710
39921
5193
15719
444
28288
8086
37321
16811
18336
19620
16573
3083
31654
21683
10477
18947
34080
492
21640
0
841
3195
35632
22793
25774
11669
2954
5618
22761
5992
7304
1877
89572
3106
32504
8513
6906
105406
88735
16166
3243
15206
14118
22540
3198
27930
4140
16833
20703
48527
15704
12993
16918
4954
65918
90709
7127
244
3579
1189
15953
2561
39012
13732
7422
53176
2310
23466
6433
7457
18184
8945
10747
30877
5096
30593
13331
1034
79270
18299
62633
0
37120
29354
15632
29064
1466
28701
3256
13622
52336
1675
50080
532
1518
57872
11622
13426
24614
50881
1252
120095
3265
16373
15035
12654
3358
35237
10783
68912
1272
29791
6678
10810
47423
12055
13970
18308
12121
11394
1761
26672
72731
1500
21208
578
39309
1008
149442
2118
70605
1366
1609
2022
12543
532
117428
30878
7638
3261
10736
31559
8451
5680
13685
2754
46654
3953
122760
13885
8922
42055
4097
3549
66946
0
28711
44118
9222
9065
1597
56694
50871
21525
11856
55369
18879
1384
52192
56705
26901
15467
1285
12062
10397
4361
19791
1696
32261
113066
3633
9862
33921
12642
47268
41932
6905
11992
14801
16171
29804
14257
42823
312
14609
32260
6663
74718
8779
60833
35094
41454
80236
5155
18348
21080
1266
5121
45651
19147
34644
87691
63037
82705
9105
27803
52202
638
15148
11159
303
25757
249
28623
1444
56012
30439
973
26122
5704
22016
594
56384
16525
5913
32839
24903
13223
1289
302
91970
22016
79094
17316
3867
9458
59686
2971
112442
17417
18121
4290
7051
40051
16027
21773
6182
31690
34690
5669
88661
3363
74064
11966
23555
13221
10173
23526
554
4904
16677
74845
9845
7142
12709
33
9699
1297
35047
75086
33448
457
77435
5579
9033
9679
64738
371
77258
3307
6460
22173
8140
2292
27590
415
5321
11356
545
125525
14151
6085
2072
3016
85348
294
16645
19437
3747
231
5782
4101
21248
103181
13152
29599
356
2748
40542
22336
84128
96400
35598
10871
3296
14608
65033
0
17416
20785
153386
10558
23734
13426
17429
6167
13827
90260
12429
40781
31841
20299
98109
518
3719
37511
1009
46472
12830
46162
11738
86869
1326
7110
23383
16545
2140
134612
1908
42692
12764
27755
1548
91943
53726
1006
47803
27726
70836
4287
33494
57607
147104
18742
5731
36859
37822
17917
36801
532
73295
120605
11267
39387
35799
34655
36798
475
45386
48350
2130
9027
24765
129439
84767
18478
7634
22276
28668
20976
2612
15081
1184
136519
5906
8388
47462
2695
66099
9042
40073
2421
29224
116755
112
63990
14008
7913
451
3201
23213
61428
3826
22855
6853
10114
33298
12713
19228
23415
34830
15360
251
17397
3474
4828
6462
5936
60409
39607
7478
34787
2183
33055
908
77636
15409
6728
4914
5337
9870
125224
34711
52161
5973
95528
33271
19424
54077
6055
21211
1344
59815
5757
31216
23443
16296
129909
24696
4079
21623
7317
1367
11024
6666
64778
5479
19215
16583
29728
2109
1820
25506
12466
35434
15531
8860
33643
6941
12535
49017
154183
46164
4141
5302
6786
49006
6966
20783
10190
21700
40755
27055
13395
26744
5549
1416
6213
12744
4891
22318
89270
33150
9561
3113
115351
4512
15812
38293
91055
16235
2381
63448
16410
21340
13193
108309
3224
118282
0
13069
47450
22923
2917
15405
21786
5501
25859
1325
39731
71331
813
35758
2233
112611
77221
12127
3867
4594
1441
0
212599
12174
15403
9965
6716
25982
17905
51296
7351
58699
24982
17536
12149
26612
4406
93459
31474
6855
10741
25171
4281
4459
11822
2247
56278
75882
4030
26795
58279
45007
29721
65022
17420
25256
5746
2058
5330
54912
70979
2280
53570
6467
13149
16252
25435
44491
13276
21121
40994
3768
24750
8851
24962
146000
9055
36551
20853
7900
32047
34084
38815
21463
79714
101528
33322
6023
35315
1868
132300
147527
12516
10296
71586
3944
123403
289
156647
28510
941
38967
3659
42065
4151
54833
275
14645
17613
8815
543
29740
6888
6755
156590
223773
202095
92
35555
9790
15625
57982
18593
138976
12931
102939
2460
133246
38871
582
80700
7818
33726
2332
2033
726
8939
16193
10250
2828
60340
18944
14728
6521
9474
2448
31930
3100
87682
67898
495
43850
11667
31273
21937
30656
35070
4843
52249
2631
58036
22504
715
83420
81174
3079
188256
2943
7817
62354
34403
27860
26967
17110
39772
23846
111521
1181
15396
177
5816
26894
1581
57567
50323
7839
16701
383
55628
4991
61626
35523
19560
11655
77160
29021
962
420
26873
27791
206025
168812
2165
6535
382
24790
20887
48455
24793
41657
0
61358
19900
2782
29443
18121
28820
12442
33916
26675
93022
228716
404
7725
126687
14244
10023
11211
15100
32293
16160
35787
23934
25298
142236
7850
354
9016
49744
24959
7089
55161
44645
150694
4965
107896
206049
365
4147
7020
116860
11757
33253
22251
40616
2623
21388
16159
77080
29971
147851
4969
5900
5720
72544
0
23441
15473
1735
85461
31100
7958
7594
26413
50732
625
2296
62974
103920
37886
38188
5690
76335
18713
81659
9800
87712
7986
23859
4120
66472
6923
1503
10489
72862
19733
51399
53106
11798
55926
97310
3646
14283
1408
25785
25028
63941
127058
27749
17991
63155
21879
96517
3109
174106
6647
2666
9883
31531
25720
23645
28519
30611
10466
120386
8556
8581
57010
12703
9810
127115
1315
5156
70600
5708
0
7856
42745
4680
36778
25757
70258
8371
104595
10732
94888
12765
54055
284
1872
68214
15632
17952
23875
44316
295
170515
9157
9125
24508
54847
0
21284
9915
51275
16901
21393
61342
139
91709
1973
8736
24074
117738
24272
837
3922
94410
156026
166747
836
10403
1159
14198
11955
10068
411
76558
10027
8126
26640
11986
99139
748
30811
14593
5053
46424
13526
16593
2527
27642
4324
53450
2022
33283
1144
116331
6267
4646
19237
12464
85693
151587
2507
115681
4022
29946
1436
14669
0
47626
64950
39249
90862
7758
2274
21008
2065
66901
1435
182832
17723
7434
50773
147974
48670
4596
30507
3688
0
13489
15343
154220
15048
129223
2834
6358
31189
56396
13125
77211
18490
2470
146161
3102
248356
23275
163052
5629
95327
1722
54256
3509
20040
25119
180039
20583
45399
11645
94507
38846
293237
10536
20619
151671
85489
2912
29330
25421
10151
163625
5562
246811
63535
2878
1197
11790
4161
13457
53986
1530
72721
28344
72864
63913
5334
44912
3737
5314
52624
65233
66800
83776
85589
1242
31802
73222
8442
15956
49532
18007
166628
5173
36770
12379
20059
466
28385
36201
487
26996
82940
59102
115460
0
88535
54172
18589
58653
48868
38554
2591
158189
24856
119774
128116
18389
33770
17123
37868
75034
325728
6145
81690
11024
9678
17140
1774
41234
20919
105592
11497
106972
516
17520
63135
10474
248307
8295
67932
106096
1416
2547
99666
0
15260
0
18377
7123
4861
69026
6336
47996
5972
40943
30389
184845
9751
3843
48401
101183
3223
160
95015
109287
1260
6313
46469
79864
2552
261824
16797
2312
29560
919
38832
26555
7532
18865
14533
23072
12782
16178
2245
63323
124068
2134
44616
24594
122653
51359
45321
19515
41883
5119
46040
205637
25817
120581
32651
41429
8391
9617
16173
170315
143423
12604
88075
106053
31243
4615
27411
92006
28421
3425
10527
64861
85252
27151
18097
45943
8444
90153
464
79944
34902
14584
38938
7783
40299
1085
2278
71778
3210
189332
17375
8031
6088
7075
40230
14785
3708
17047
1434
38303
44616
9202
17902
24327
40770
96232
5376
49660
39424
3482
308988
272911
93753
4958
22325
4371
346359
13332
2723
58814
7336
11162
105750
53423
273525
10023
117129
1843
314766
4534
38283
7532
128663
60803
54828
123532
53539
3437
20619
15710
6645
58682
4977
19352
307
4927
152
51351
11681
50470
13246
13063
4514
8223
137950
12979
119023
59816
1971
25728
112229
29940
338
3646
22439
136949
41438
18265
139399
6135
14065
22573
195286
6731
28156
29205
39402
30419
67047
28336
93755
137437
27271
274612
10977
6789
473
12991
67402
93600
21616
13495
0
0
201640
81060
4995
17302
33196
48748
6896
83739
364
7989
1545
30295
71210
8921
7086
65538
9785
168839
121291
46071
101981
6488
50151
50226
7827
55530
3946
10772
10221
33109
10956
202518
13972
20696
11154
82481
2244
73188
18091
26289
12864
108055
11044
52597
729
258358
39236
7935
45726
14456
69571
3792
30978
108378
38477
149628
39587
23593
24629
955
20366
6150
232436
33164
47734
6957
37439
81897
24397
13126
261007
32432
25658
95575
8453
8356
25346
119573
31718
399
202062
11210
10441
2200
59504
2211
4480
65239
2866
114295
125572
228361
123796
28455
64814
72592
20439
47753
29465
15558
36914
40603
52415
39742
52927
183508
64571
15034
45400
152333
133365
53232
1720
37010
82464
48580
13242
19643
3595
43293
14427
347629
8313
25114
106150
11479
17854
36940
15302
169393
18888
46914
3109
6372
9755
3733
15380
40414
1119
40018
1664
308178
46319
22533
164887
41635
22292
1819
37338
6597
128248
33311
78770
15283
77923
18551
95183
73754
83021
3510
2444
2337
17374
48402
2176
34344
26616
19096
103021
12819
79187
17225
136028
3013
33431
1001
29207
39096
1377
3287
28789
6239
56775
265903
7985
9906
106292
348356
20767
87322
8448
53342
3689
85396
130067
18763
123481
31309
151995
4130
50808
214534
50407
164474
6925
151965
30915
12895
8619
4599
7814
42846
51329
23150
19487
4662
2295
39758
174973
9901
9745
20820
170294
150281
5288
23748
206187
122027
24804
10294
126033
16805
25836
69133
11351
17237
3250
28568
12764
62233
36193
52114
3610
83422
1294
2098
192896
16317
18926
238325
27813
40361
151483
1833
27
12203
68831
34937
43380
10228
91657
28988
95813
33417
0
157663
914
40902
39993
127611
3189
163289
147899
1772
6232
25251
42945
19021
14046
15964
21750
1108
189121
11967
8222
10996
302717
12391
375550
0
69086
50782
51977
21644
12485
242481
9749
93264
27528
98097
354865
17995
3969
320473
2836
36936
2417
34171
55535
121349
38425
13588
32161
18067
37829
7033
0
154866
25467
73071
974
62017
75483
31583
42155
26596
23719
30406
25360
7448
11128
196622
5159
9101
16845
8812
1750
38847
112380
2733
395
260366
43069
19103
57847
289409
124565
44529
2829
64588
4104
153035
13045
53925
3549
56073
85471
89086
34910
26876
3061
52430
16465
171412
23904
24262
2152
19456
109407
20204
18458
15120
60483
1296
115375
4970
240846
12555
33317
130265
2025
75699
0
56041
11734
161965
8563
9576
2433
98078
16981
19777
87674
55113
338478
3106
60055
151921
15030
30179
6309
83335
12446
63207
67718
6224
122704
430
29305
3483
87559
2529
62357
130645
188043
40502
6303
130476
90845
27232
38253
8234
82402
14280
15698
62299
15930
158251
33467
36804
3326
153059
31861
77535
118357
277284
7061
42088
53697
537
51698
18011
39422
238278
11496
315
27704
93044
251138
3073
6106
47233
19534
215600
60619
15685
121949
147664
144632
168
109753
30579
14476
44280
31089
25629
30984
7627
32603
14511
6049
16024
69376
117231
6437
14564
215417
398
91250
13396
100753
120493
23414
56289
12079
40804
5622
72051
71760
27398
95218
6911
60818
200924
43550
32269
3542
79090
31049
55383
88073
51470
5038
4791
40256
187259
32931
8084
36801
1242
70365
2648
10764
81568
3337
154938
117940
72193
42561
1498
111332
132525
1620
4611
77001
119547
14352
87791
724
3765
35325
116878
12348
354004
4322
72571
23414
41554
73386
40405
107333
118208
22889
42261
100840
48321
46551
130731
76474
43002
192287
30343
31479
9972
19640
32082
68663
997
35851
242095
98926
51195
18648
161136
29449
22852
34933
2235
7172
55004
2117
30571
23008
168654
20580
20870
20390
55785
166785
46036
34382
71155
85958
7863
1936
120131
47299
91621
242924
12857
7101
3920
122529
60745
28195
25321
51716
11557
11065
37149
1846
13587
4650
57368
131874
32085
73151
73324
218253
128298
42346
39971
52759
43037
52284
87649
6934
223934
67953
28435
164636
18497
11437
9963
5219
43560
71374
3458
13199
170071
441182
43904
2289
11362
342663
76936
162145
21619
243538
131375
239978
5785
28195
167502
28856
21955
1900
34504
43835
247895
97567
80780
324923
1411
42965
33957
80947
14996
13879
39555
16951
43568
44287
1041
18033
25805
8280
12921
58008
36997
74620
96619
236743
185335
3195
291999
41057
86985
9825
27157
70059
213703
1898
9464
49944
99818
45494
1615
312707
24546
212984
5950
20752
3991
23650
101361
41183
120770
22181
1340
1213
163375
29671
100378
10143
69908
28747
9032
145193
8171
38420
3817
37733
76218
1413
2621
56315
103436
245420
2260
36631
129970
19571
5334
3552
58141
62243
11232
11389
1307
117663
19509
31633
1072
52312
35228
2280
3717
3211
55146
55757
5215
55999
6613
23824
1476
145357
74638
35191
148876
46533
130178
38683
14622
55595
73400
79075
102987
45158
28882
6175
1748
292906
27520
35596
23750
4962
79435
157165
61766
108073
80015
796
168846
4440
57893
807
13054
6643
70466
186
88256
29779
121393
4683
115647
14768
6645
30414
76626
905
35418
113379
17173
59337
20381
177788
3622
1191
126617
3171
201598
65978
2773
5908
719
60721
9307
72593
127455
21918
119916
27768
294641
119358
14747
206870
44948
5733
26516
69333
22801
33339
316158
7487
8336
226976
7590
193242
89064
36603
10062
96324
9580
45899
46383
59818
27775
218546
32090
203586
37398
52129
21209
15752
5943
34288
188344
0
1858
6983
9987
82763
94722
56096
96524
51053
14499
115666
956
64691
10376
52831
60044
24033
243335
79814
13520
181030
9261
113888
9464
59312
40188
32920
34794
197815
92818
4532
110429
171394
60643
196841
85293
7428
30071
7004
135934
111886
4169
187297
30921
8409
16863
4970
112662
108127
148164
190212
51213
140099
6826
196384
33429
325415
59777
72894
23676
634
17712
18786
1475
50808
162243
102943
113361
28604
90184
118274
13564
43247
80804
74689
114703
1230
35417
93934
353
160415
121311
728
1098
12355
40530
132898
134411
67857
17012
77311
4952
53184
183315
91823
86482
163517
24263
99876
8810
120570
98826
198651
65264
125839
19649
7275
37410
5084
67599
11670
64449
196905
89408
107307
72042
30608
36310
2839
10278
35491
174794
135065
64194
89591
2006
137001
22397
15226
36846
5860
43809
181469
33816
67841
141286
9416
33990
8819
141162
7561
122830
214933
95485
8949
160088
44384
205125
18394
31866
98440
68204
24142
56644
15633
11930
12690
54312
279518
194095
114393
36468
2689
4821
38977
29152
60000
202229
72432
62387
7784
14851
63096
23591
146841
23095
63848
18711
41538
72002
8108
482
141577
8961
12989
2531
155782
17733
1872
41806
51647
74610
0
32830
123923
25317
44744
105991
35957
421345
38723
117413
57064
21807
10989
72538
0
61180
49592
8644
11468
10268
61374
164137
113630
89183
16848
29799
97826
251041
59647
53
3233
42871
9316
44359
24581
69200
48129
1172
39671
47342
18630
44660
18873
2611
47236
10978
22415
16988
25818
58705
125109
16827
65799
53552
96549
6926
135137
5209
46984
8821
26675
33321
47979
7404
18376
11805
31740
13753
146964
19965
4357
13464
21488
2630
65381
21868
13820
86075
447645
17075
124824
58184
145355
59900
121097
2388
85427
4912
65013
104458
25142
142700
52570
313613
9645
3078
24141
37441
95473
9964
107626
6324
376882
6529
619
33312
89139
39850
48024
54687
56326
51022
169448
18931
115830
67845
369087
135898
120540
5827
164042
325414
145520
164406
111010
8090
16067
118450
376494
28907
18520
160669
80
26524
181317
6601
24052
45902
102065
58978
154684
52493
49088
174844
1525
33500
69304
5585
447321
38446
146166
7967
37021
18991
0
427390
53816
15048
26464
3557
201732
227031
677
19063
26947
72645
30066
72051
57824
8124
69198
113602
5212
67615
40342
163169
50709
35561
68615
26974
30539
251698
2619
232861
20430
248934
59630
43785
34797
5829
255984
14910
26954
94862
50802
5042
59275
0
148741
45291
152440
36436
31124
123441
20323
38963
16991
66826
46594
6925
8283
96456
38934
198521
49770
113307
30688
4575
287579
32925
232856
43218
34048
40524
134329
59208
14255
33757
28946
6395
245911
1599
361419
201680
18403
69681
24355
31213
601097
96432
19989
184928
17028
41482
20548
225380
33610
167538
6226
4025
8916
9250
215331
28602
23096
93723
11581
70485
6926
42627
9353
1401
0
61121
90445
83735
231597
497
13940
41036
98206
326916
18458
41644
232159
36238
63445
68733
104751
1017
111102
38065
7532
3089
32069
66046
21595
9420
119614
17376
75061
12435
31415
3172
928
6655
6202
22579
94181
17040
18609
87929
58064
114247
4236
23662
360080
1242
233543
29623
253128
32475
208535
18240
15732
2196
11054
14180
25674
16585
81418
179493
97365
27162
327180
34393
9125
16450
17140
6560
17945
48381
5020
115027
32396
132105
205041
31865
153063
132052
246263
95389
67775
92699
11480
105868
4492
75842
26595
32321
189805
131495
4755
11798
144976
28468
407
21720
39707
67143
85698
91641
16549
120045
18099
21053
27041
21153
7667
57244
11851
49787
54597
56180
9362
18069
1266
69164
42181
232104
3943
43222
10738
187577
30319
5682
120965
34472
26064
30010
155959
33781
60158
17405
106339
77796
48024
28179
154876
20666
29240
559
43534
176444
112159
21263
35717
20555
2610
291246
45706
65166
145257
111094
1146
272027
45191
86481
113809
66066
164148
102666
34086
59653
154156
16608
162186
1467
285415
2900
89874
72175
110964
18189
50024
124413
118418
11551
131249
49757
86796
15120
674
47528
29843
209061
14495
34832
76584
169582
243952
88136
40313
21903
7417
139557
744
17155
41361
5749
145867
78396
68504
242016
6726
268983
107554
98
123512
277393
36408
104027
77103
243829
38218
16044
6811
1855
298615
23469
48013
34781
129688
77060
129762
2523
331
135441
143195
216144
50987
136261
18323
9099
48
284585
3118
73545
11748
58514
3643
89547
212718
17650
104069
38601
98735
364245
10242
8537
135732
565757
55984
117674
3148
274132
3746
114570
49361
1946
273012
13502
313608
79865
148719
31578
182507
82500
20155
177177
20946
31414
199604
172266
26683
19700
54820
89492
131803
152981
9671
110242
4747
63245
2536
26933
56046
6453
81976
28468
90264
56931
48060
8378
96234
42116
881
62441
16745
31540
159014
333238
52071
34766
100736
98952
31050
35659
84631
104261
1603
166567
51956
114697
2750
263350
79678
22830
4169
10499
47169
64030
35647
494239
8293
136770
12912
57870
33499
129760
18278
35505
58719
226885
19181
3513
24084
251081
85370
355617
111265
28577
45476
114556
3269
2758
3147
83455
118205
23398
506
33985
13624
14101
35846
438626
29450
12891
120196
21142
77881
245192
115210
11788
54009
19648
32077
220023
51368
51229
505104
35721
110071
543272
13301
91814
15167
67383
76990
35831
285246
428
20284
38039
28740
68793
33428
23897
291717
45675
299417
37211
43441
113051
28947
17967
11222
10283
49365
310101
92649
94308
21201
36505
223067
33783
2642
27086
65479
36696
23836
87422
133172
27126
171937
129916
907
195415
21366
8493
3463
1331
173787
11375
4601
131287
23957
193362
65634
20354
17278
70058
282916
0
326346
174777
67378
219270
24975
69120
136071
23477
239736
292
209976
346311
42089
8029
241938
13127
220921
45960
1951
25427
116060
9443
21167
371087
343010
1008
40024
171974
18775
184687
265896
100291
256352
49824
245622
98127
180697
23265
8380
438106
6505
86553
13899
67043
35627
51903
45866
313968
146926
81070
38254
134542
324613
11027
14077
167905
39971
387460
31577
45842
33796
37729
36957
512012
792
10013
27185
87458
17891
113960
26908
155799
65762
148391
3943
255861
11853
6057
10261
86228
88467
23085
138691
104399
90549
2244
145501
60606
31064
86982
11639
22166
12663
48272
271495
5201
1569
16623
329388
150696
8885
96740
135775
2636
83299
57855
3656
17348
32945
68086
10989
1119
14010
74315
109232
4310
591055
188582
237628
12956
205812
190495
51526
108445
29710
71227
264210
36277
95909
40746
205743
27941
144261
40019
64492
215314
23089
195770
336957
42502
35514
131602
83834
56503
10245
132889
5756
190534
6189
63613
11193
17550
469568
5868
35148
9878
199545
107504
75369
167750
151073
7469
23686
87587
243195
3896
40241
11604
11971
42444
6958
44830
50811
95195
6828
40167
15948
150671
157
5540
198606
90241
21300
18296
20311
21317
148719
44620
122390
33205
318668
10905
21812
64336
171774
29379
176622
72263
751
162178
15572
8730
400772
151757
130371
187397
76966
170935
79485
52300
5785
247498
144311
203793
40184
73330
28183
108300
60540
53579
337198
127820
59910
473733
7752
9073
308643
11025
245101
20622
110359
85527
189207
244632
7369
59561
2576
3823
141473
47326
8537
8243
109383
60363
271846
49037
14025
380346
3961
184352
17170
90987
103826
2200
27752
33356
70414
92018
34463
2496
47332
204382
392277
66725
152990
10394
66021
33170
3741
25535
18518
39696
177469
3447
226482
105070
21522
10435
1596
120672
16414
196042
52622
41276
71127
537243
1771
221476
367815
7906
569706
18013
14629
102075
4420
29715
410060
2163
125977
134728
33781
51829
148250
167219
469370
22758
867
4881
832
58532
25335
82085
78126
58168
275709
179717
29737
291275
496787
84135
119200
1862
191811
7974
902
145073
357960
56235
95396
16390
416884
45592
215691
998
473941
37787
39731
253488
6980
48071
41117
76940
7802
227424
183417
63478
52502
13896
94635
314196
8492
4025
88992
69063
39861
174961
390108
4744
75160
53267
627963
366281
25735
179970
3982
13017
137290
31395
4523
57537
29460
305888
24767
156475
137579
33971
331322
2024
108198
13780
2356
482406
6722
92302
5965
23954
376250
11334
160211
32277
6425
218758
29400
42904
76081
37067
703634
36899
51744
20929
219827
15148
43121
478290
23772
111798
119939
233351
138657
31661
39005
115589
6508
30646
88797
126061
33470
101520
8695
248983
31591
174435
39417
13265
83363
34140
101600
44503
298208
118
309670
22531
81123
36590
104755
193718
100652
72722
586
16239
6225
155266
97496
23412
332703
143301
199702
5692
132318
163851
53786
74376
216370
17270
153505
70897
90746
5470
269939
78927
5427
6058
33874
25787
140890
3438
5777
49501
7755
269989
53699
27203
1056
75327
134613
228029
134443
40690
9464
437300
201948
29231
134261
4168
335935
18920
7855
150481
368604
32675
224978
16549
220137
17988
85366
99363
337789
61614
49369
334560
6451
85761
14439
221142
77683
51394
172522
20487
756298
13949
150563
45137
49347
1025
20580
11531
325590
97276
182196
85766
192431
19956
11097
5870
69582
66461
108114
3630
34541
163127
18869
799760
23201
2290
462046
121016
89838
63755
200397
205014
47983
35326
2216
87036
128473
17311
311395
3999
43877
22649
105590
707
243642
59960
44757
168206
104680
14357
32485
116997
24612
137676
1685
19925
54859
7249
132409
64076
0
90883
143097
209363
74340
22424
112391
78329
30936
5489
19806
110678
56812
36049
2608
8973
92930
50855
5899
121092
120812
8063
26673
7607
52573
76008
920
13286
177735
7951
105312
99974
34778
8659
7427
222629
80804
4146
16267
376772
3810
194509
182868
86089
189231
46121
171269
75197
433633
138580
5905
6487
56268
120508
31014
17626
290411
110388
1700
5164
8621
186526
423958
15861
333278
136928
74657
104982
10811
135948
35381
14248
34185
27028
71064
36126
7367
602726
79173
2563
776476
87616
11155
15149
86269
2896
14290
0
113102
167448
55742
39318
3214
12317
100074
4381
243814
381023
7137
92705
10824
17755
291300
388357
336491
14285
22970
181972
74246
52212
655336
105348
123125
1112
100072
110511
193770
18165
15018
17473
31923
33539
1016
354651
265352
34377
159278
58358
46452
625729
3515
746
243497
8022
41777
8156
59860
13456
16119
1979
237031
137772
2267
223768
93024
347120
55651
313493
48668
81629
401
116878
9322
110626
153109
589397
39265
134542
30173
482578
2994
203387
4599
221258
112820
17405
67995
11239
3469
212814
94555
0
4845
13307
173173
220597
135740
28642
57707
113340
95202
43516
40920
412613
129377
361654
188126
31355
72381
16241
379699
25312
3173
98409
15462
56362
494670
621595
2546
227516
124571
11624
201357
13566
203280
9984
127714
78278
3810
98738
68917
136520
140137
85925
104535
59382
86279
82653
16473
30244
307849
256567
412602
66531
48455
102474
7700
73855
32022
351908
108867
22943
84337
24475
226656
885
155945
15172
449059
13354
90681
62833
81020
43478
320817
36000
4491
524270
207942
69706
7723
226444
66541
25449
83734
13996
48088
253891
9073
155958
53154
58783
25989
154375
448
81220
128121
107452
15441
62956
2975
124447
332392
112245
231138
20104
10065
138998
1429
20729
292807
26276
55739
7102
183868
39972
12291
94502
67099
7196
1632
454976
188213
270346
7728
380107
56776
132393
68791
8312
276707
74837
49456
2373
202873
84590
37673
190303
3055
224988
102386
100665
253308
24909
194600
4087
31590
20076
34516
45154
13277
66689
54893
75647
27148
48635
92821
126529
53337
10628
68119
58691
178744
61830
17542
9964
12620
562285
144823
12157
71044
75638
82174
149806
41712
41535
232196
2612
70023
127724
166707
88228
44843
36216
27689
217039
111390
142360
112957
383451
44901
36316
6099
308978
318496
19774
214803
60287
40559
14829
107707
89079
474433
90273
76365
8044
3143
70598
103518
4982
22396
270452
14216
448366
29188
9699
11929
549
124538
412487
56912
70487
125294
230548
2710
290722
75235
36588
313407
719163
251367
7937
8975
1499
206310
64221
248868
465519
325974
406
104944
8197
242705
147800
76033
17140
145120
21279
373403
101949
81321
181040
9876
48850
12508
197890
13300
5056
11425
6349
196344
6118
1727
217271
35301
29385
237031
146485
908
62290
35256
332317
10751
34883
35390
9007
127246
10391
49422
52211
142525
11466
142040
352
84207
18626
2844
167000
206104
772796
6615
594090
612931
11223
44151
102524
185041
15018
4857
31061
36430
345627
23416
109241
73999
12344
9957
10818
15124
104310
3539
196345
133979
141025
279987
82224
661
138848
40657
48549
69962
9000
2384
296563
33315
57877
10980
259916
33093
48917
330187
15060
49014
5179
82217
82582
325683
1070
280050
27294
160825
24464
95024
15825
121301
25735
262026
230692
11591
178171
80215
144336
29203
18567
123603
91378
89088
80209
70920
1849
204154
14925
107759
149053
5344
135825
100061
10513
137133
32650
16985
612905
5580
289744
40225
12381
288532
31582
52923
404295
123670
143622
111211
403284
52540
261385
11653
124384
48059
59353
32650
204764
2426
138287
123269
235741
370956
204477
82789
916353
16950
69073
23900
3084
33727
91798
522441
270181
15419
39249
58038
258593
18675
31273
6662
15259
6961
92020
63305
66666
32482
12992
109169
248791
118111
698286
26176
23616
217165
65679
1167
233691
78649
134962
134632
5718
250712
23685
94484
574800
44250
148025
165912
106972
384070
13110
2136
344624
16807
187517
38760
16290
162799
24323
309373
10691
84029
32358
35685
140874
13947
173417
440695
261319
5907
18291
230940
190887
344096
15981
102253
50383
323474
121345
128053
177672
18814
25641
189943
15891
563136
94788
9548
44866
4829
329695
61361
139014
447302
54955
100559
10112
12233
244548
27537
627
334071
24218
15032
119611
685
18987
54439
2435
27758
21428
412801
109582
26820
57634
67181
306867
369003
20476
228687
252540
1118
140498
114539
18199
322638
16550
36575
178524
11973
570808
19760
402173
31541
76099
278572
45422
4031
4470
74631
225978
11462
62766
24947
147987
91172
104262
11082
34705
21271
300131
152032
37055
189304
2917
22234
44194
143896
481033
82931
64384
122827
49708
107379
18238
57758
59205
276216
68308
72729
19116
204236
43468
63377
461793
62593
27984
20807
296067
9052
88813
542474
13412
59667
12649
167914
457235
141671
76264
165733
9059
105789
313388
423985
47934
7372
2927
87011
715
128204
153013
196668
6535
252661
405271
5176
4442
287655
488602
35626
151441
22664
441673
223502
29718
26956
301574
12290
409342
112142
199546
96362
589904
103235
122852
3123
489262
27825
76001
52529
37658
14569
41634
80594
142896
236354
5472
4303
669435
69556
3824
27951
36188
200795
8270
114546
5755
166660
319038
13102
14887
423282
328654
13317
3093
180316
591098
26177
355792
67344
169495
27316
21448
548539
21226
25027
20408
3187
47810
59829
3900
45029
360342
67067
4135
76591
223130
168239
54942
82039
175958
6217
5053
230791
3687
13591
224292
29818
12154
4227
262213
75750
53199
522455
60780
16000
466008
4059
4951
357338
197471
123238
280290
48983
13209
20050
101534
154177
45440
6398
654752
72382
64955
427486
7107
2399
64149
37364
148944
55596
101358
515897
7485
14447
39400
285906
52405
110691
3492
365168
127821
77034
124314
121057
153407
82140
306406
252079
20704
119006
173950
24856
16092
116107
1874
97052
367256
1636
2982
6560
50383
55442
309395
5465
93702
178462
155885
199232
118199
2642
24189
16770
491432
281579
36693
385468
4992
201091
57851
97369
14386
225980
265288
61366
143358
15740
76361
5270
140976
132963
134534
28623
42537
67537
212001
171059
33675
496796
21049
89511
306306
8259
24758
641776
71361
45037
265688
873252
76677
9428
10678
84956
295626
56300
155867
20935
58412
2401
153679
45157
32805
116428
279582
47087
416144
21254
24656
68378
341565
30562
61139
94531
9558
160556
90376
38618
247129
207598
16428
32021
305498
2806
103459
124475
548948
25012
103304
38585
302832
39843
378143
392
293551
26940
247204
16920
130375
447491
267650
42495
5143
66381
18211
22910
326637
67153
292107
23302
96593
93816
230826
35066
269632
34054
276451
19270
11615
2173
41294
335391
441559
13382
299129
125548
403981
186160
8108
84078
70155
170748
39785
214795
406620
39151
329481
49153
287466
15926
46141
85958
300082
2120
71190
48677
268420
292996
230222
6406
218661
185935
295050
288640
417752
82142
178741
502077
77053
119209
416104
7560
62333
70941
22587
106062
5794
34415
22713
375079
55415
130777
353174
111338
414993
3565
100187
9765
249097
32830
180931
57157
221478
50882
640001
35715
643947
42552
78800
219919
1376
110311
353338
66264
31828
10170
144082
17815
181294
15518
360959
219209
36238
448030
32736
51344
8726
34951
187800
36103
87322
131508
32844
96486
7088
26863
9782
480529
15285
538264
1003
207554
198693
35444
77574
49512
51853
235685
27177
23401
37045
739462
9022
20722
575
86782
82768
412846
126739
63195
150417
17183
391279
12788
55675
44435
247574
7754
47027
145101
31261
57574
453342
25075
225474
4185
155146
1929
75623
742661
35795
607283
51244
136060
9168
89080
272635
67279
85270
76714
21120
117216
84367
529827
102272
121889
10148
236897
9466
277884
97767
8661
48327
476974
176007
79681
2274
27410
342764
12511
371293
239727
328502
245711
78158
55731
157619
38752
60356
24052
5279
171010
111099
421
164028
72794
471
194122
42650
89481
69168
133486
3073
97924
5163
171601
46594
114330
216393
25248
199971
119314
484195
51258
238255
125004
265906
64190
415989
847
17431
358005
18611
47899
6147
33500
199460
108241
144430
86847
84797
441509
25653
50203
99302
171702
29932
6157
680430
426226
403500
601
32710
309268
26518
451300
14448
28711
44191
194157
49202
609941
132553
128154
58775
253967
5820
32036
16980
34809
546331
307734
5061
306095
7888
39351
35083
216076
541344
62487
50085
2608
78818
25476
191398
12888
124911
399268
92084
989
163718
24686
94351
70180
330655
143583
36124
124299
28983
111093
73299
386679
17556
144980
6881
2326
45538
34450
162223
666
199986
0
11102
58299
4604
8836
114715
62846
263546
484427
76375
219157
131564
115166
107509
90269
34410
9905
236875
62797
42767
538379
19161
351485
21485
203789
132949
290263
58577
96220
101808
90291
9570
229946
140994
450315
141400
191593
100216
7498
80956
131577
352415
12358
40085
7792
465440
56693
143346
549305
95567
74340
110491
45217
505408
89542
586
256099
4752
15757
112701
163234
45114
8230
105593
45730
122572
85154
241374
322706
16940
325967
80613
139018
310529
17206
690288
19405
114901
208206
213158
34847
98405
477735
1798
266563
134676
41153
7699
217555
34709
46551
123840
337635
50929
515731
54985
434495
60694
62425
352884
219643
83845
196643
32351
31778
305603
744731
45275
457102
51724
148746
135416
176837
77539
278706
343767
38505
420055
432690
3224
176215
173735
26902
125415
139437
415994
82754
83328
36250
414
586732
3097
251290
12170
151743
60676
363997
36607
86450
137369
20703
707
250936
112194
138601
191028
76584
112744
18202
3569
14840
9737
166018
105663
262391
46078
8535
10722
15560
218436
116085
12009
271762
6795
226907
41905
2060
193942
103373
359461
1433
160396
144867
17456
2350
131570
180162
234931
40051
165964
27699
631085
54423
112783
206662
45178
28099
5745
149830
254136
19631
201298
64039
47800
13789
22901
46533
96256
26970
6147
664328
10223
152703
30591
15794
239910
548113
13344
127309
338619
32619
25258
26210
197756
79882
210850
117068
144336
19479
103420
175379
115513
1647
476283
10880
61835
67566
12957
141299
347684
106548
17728
148510
171576
16602
316469
7724
234097
9383
564363
42541
162252
498220
68979
266249
180764
716053
122482
30027
34611
292813
37130
41309
431906
207279
287674
218957
109274
324384
6225
40254
129409
244537
99419
17042
93502
2229
317369
818920
100630
30763
247024
2216
63939
39300
298220
66173
371610
1397
87482
150069
235116
18095
84310
112366
340083
1089330
33159
114999
26378
389709
122646
164699
50558
234527
15355
36574
26041
56288
742835
134707
124874
82441
12374
18485
168941
20371
62265
62627
228647
151582
20797
312270
79321
647
36511
101826
253264
71045
484456
276794
1825
217081
14659
541077
53174
178895
1972
18086
246368
41499
227707
1673
128556
718360
4511
91676
123638
34153
157836
83380
160382
286564
426
31717
15509
815417
40430
59319
267861
32175
22845
102690
7185
8941
150470
64633
229960
354575
41036
148883
159854
69398
64862
75798
72364
235913
63353
5962
82085
200217
164645
52141
190506
129226
125662
599876
60190
34071
38968
62638
93302
8527
353325
270387
86087
95082
72353
78075
14263
225651
103069
9679
250562
1184
560201
127521
181874
25432
8703
42021
44187
246006
57409
391516
241477
515630
48526
41944
186335
55536
845326
730790
465779
13262
186360
26721
140728
18712
178364
10712
307739
114637
68467
570941
531137
19291
287073
64374
14047
22190
497119
182995
192833
680236
337435
11683
495752
51594
20951
188857
68107
165316
30388
37389
23503
123845
5739
464250
33282
10374
65303
97844
200328
14108
4931
17289
35194
179030
19902
396935
394403
1645
274610
12330
206262
27696
13257
942654
160214
122525
170818
270793
163137
170113
5206
129953
351663
68756
502151
27401
25548
128313
569151
114469
103411
386433
77843
346429
1602
33789
95513
61030
58192
33116
713843
15076
15809
37367
4421
85645
52829
41825
13522
138
50261
235676
18103
187218
131823
32847
49469
5704
272307
474936
28610
274076
45642
71612
115717
40822
6559
22011
263900
22660
86878
41963
6747
168285
155177
175155
6933
618600
16010
156176
355470
50452
138707
64157
688072
33942
220512
43290
79896
900
583563
5086
304848
1664
133840
311745
59498
244610
126717
96402
82739
91587
165428
14747
245902
402218
18330
11805
149150
122512
114820
27475
285422
76426
258576
76788
7713
441964
321416
348569
10723
987908
5018
121215
20529
18495
164235
614656
454153
64397
28692
291429
123501
25758
13057
118098
126151
80411
169571
3808
169159
381533
279708
107981
222358
52848
20795
699234
1617
77137
33221
143268
78039
150118
253938
697
52482
21807
470649
148473
1083730
11312
44937
79341
151796
24652
69794
81929
334083
390733
32602
439457
63285
64956
12737
34326
22899
327694
9130
601539
22035
77246
7518
854922
324250
28952
246860
144377
798208
18358
825429
35371
302754
5992
79113
8140
209354
35112
911859
95577
21355
181015
128678
40846
295694
11229
90520
59080
115296
332571
587702
7470
530869
27250
205683
67511
49316
179568
138415
99491
18263
307157
69097
6180
374023
174253
16963
39603
686240
105020
193154
212785
83957
111096
30210
115303
16707
278009
15962
81495
388309
344009
50641
197801
11845
240509
26609
148369
35139
567144
104536
28805
18360
65236
674475
281251
23435
21438
42912
103560
12168
329435
14435
433484
7360
592900
6258
7642
72589
186910
33418
351182
533971
126812
350719
109932
274039
25371
350550
90110
141416
71588
126591
102003
49151
86439
529467
5373
297682
50090
106581
20558
9566
35914
434353
34759
76403
98589
227355
160085
7860
115825
804001
840634
121948
602944
89116
205267
659346
24800
3069
228765
46026
112731
174010
10311
17525
26325
505470
139850
4790
216198
84803
216514
16265
5358
171730
551561
324730
10381
443911
1316
572546
19690
22208
189002
18659
109676
567797
350883
181205
153776
154833
138028
83417
22725
35031
3741
518566
153752
362240
30782
332939
30548
243544
33466
76994
381944
1900
18244
256720
342653
296031
312029
82516
15278
711907
102580
484593
2365
3908
86649
405242
275090
31344
15516
493530
201220
660316
46129
79390
150903
72010
137062
200986
111810
12861
57287
232
140914
20617
118187
81461
239251
52669
41483
333518
555068
42593
31658
184899
66366
33432
24023
54791
355663
8958
314734
145485
115306
197266
16493
165730
39678
23548
218675
122110
560472
6150
57553
6074
77415
71908
7581
226342
3303
333098
269593
78033
19075
11300
272071
3611
149862
224
163118
34233
76102
5601
42847
301331
95216
7059
196983
36174
249586
1467
63411
47715
5690
96491
348757
434320
119252
46337
16876
63104
63896
1240251
271487
5493
113207
22002
872
166880
83890
61087
3310
17380
360520
115176
69132
99445
233878
501593
396202
588124
226939
284472
185340
594350
496693
449442
140191
273129
63564
13263
11444
38691
41814
127517
105459
190398
65086
176612
28352
922754
112889
134424
250202
2837
388804
63634
111620
15771
548073
3961
537463
8313
121534
58783
102188
21039
29302
14858
89852
317872
56771
53218
131912
86266
57912
5032
238620
80809
642716
62758
251892
25734
1091
44643
473040
85580
507491
240834
196879
269816
115869
449613
65114
277958
37957
150942
5306
191288
110889
64969
92450
56387
795087
934
600800
42719
215785
186500
12572
12295
243561
684140
32736
8714
30645
19303
279084
106878
62276
438871
277773
26287
21141
191788
160507
190799
160395
579476
133470
525
78371
241593
378649
209607
422696
56207
138385
317690
374762
951
617038
26155
60471
57349
471428
196285
48366
121051
157670
54177
13404
97777
163938
292978
28837
10903
88518
158627
36337
558961
6513
234906
78065
56132
594575
7986
10804
40098
168786
51778
314081
368887
103696
39571
29809
157709
215905
6061
22103
70065
219996
165365
80730
403609
6308
55538
544688
39488
514068
87821
198229
733364
125860
26213
208520
294
116982
505842
8300
210365
236454
22373
186293
10817
30460
206856
325
69447
120115
383501
97667
86807
3606
27456
22893
183067
54350
36541
124437
46372
855458
53442
805013
24190
95732
16024
472944
28965
3195
2587
192862
60304
211236
142195
3943
30544
10717
199435
164121
18058
523227
282190
248605
17574
89228
47517
678557
23838
101214
43135
34979
15423
45873
843298
74291
215246
42562
488526
152136
10464
116467
1550
199079
18602
16617
107565
434044
70978
152487
43917
428440
729
298511
24225
91539
279505
578599
302821
129684
258605
31590
174756
121418
376148
101329
148423
9533
720686
102241
79479
142125
27456
165825
356495
108433
65638
366996
6880
24144
8697
143183
2147
174246
181227
196203
1469272
45003
513848
33763
36101
169433
95609
503167
46852
249202
137151
485190
96752
709
73709
615749
53730
3326
105662
31610
117807
806094
111965
208192
367
8859
129710
61057
196007
383438
9043
205052
87787
344482
8376
218317
420437
173804
75997
172014
163962
53832
42647
51095
149945
722844
23107
19793
371749
108302
84465
211704
99488
98225
103854
73057
551729
55785
193060
260657
99038
501181
10647
87709
106386
343273
52627
164978
223704
40743
460886
33310
100921
16373
55269
64577
22784
16810
697735
289031
5593
173242
62959
24308
3473
183435
58923
1369269
27448
54547
7015
204971
156551
84995
108402
125029
90782
228000
15533
49336
125598
251523
57864
780018
696493
67759
311382
5114
251915
73791
2049
1569
9029
221987
64650
22110
9386
1618
72749
6462
197065
10391
449276
339434
40952
131625
9176
5723
395875
134107
18166
421879
684989
104920
323643
149635
113861
35561
164342
46916
83014
324008
8192
66573
3835
30852
5231
84752
692877
68758
243620
84272
7605
760241
137978
179554
238110
79194
12828
99524
10971
301473
170371
797802
12159
132508
12184
296353
65459
169471
56693
401825
71385
40409
59028
10984
38473
195516
107411
23482
94500
34123
39125
237360
7140
607629
336889
276542
18822
610881
1595
293782
372313
655634
92460
279894
518483
78918
121420
66219
68687
336930
187200
116532
181745
4284
237688
31479
29397
51908
20152
127357
83008
242683
362985
51577
186464
42065
503726
12057
38186
40052
147223
182447
562463
2570
100905
4737
192613
121121
382421
489851
121619
153715
75184
52483
93818
99621
345499
3684
2265
33286
222968
24915
387646
161290
31905
413427
77879
152424
156789
26694
358334
483551
146732
225960
72997
154540
18707
231766
363567
8720
211468
57290
36231
114710
25647
44327
31594
229010
91764
823189
4380
322562
13990
20876
623257
496074
3010
212235
37849
814188
164812
60852
70493
107537
167650
6874
763196
138121
1929
595574
115785
153700
43531
762998
294168
139988
31981
109459
6328
1333603
1835
164447
101113
283069
443554
84361
216025
25561
114972
48871
93503
219699
49014
12789
146946
19209
44892
379065
158812
743072
161098
56545
362734
26392
169015
36000
14768
283374
332974
2585
603413
39196
7429
76174
8575
23978
102236
300076
197815
192831
65732
4085
78600
170490
20234
142606
36458
75290
170470
563641
322640
49169
83414
134016
37653
26324
27705
313379
139388
203633
61016
398033
352958
65654
289266
248429
1052458
77005
286109
77696
364582
15935
15150
241077
32955
81294
301106
7337
183488
2821
143279
270963
94042
339196
56401
52364
5462
680984
411062
55218
128766
259171
25053
66326
15566
117677
287394
166591
23990
609576
167947
2723
175721
2037
404227
163406
27155
414946
87019
81581
227924
389867
477669
235648
226189
381221
65498
41670
295881
45826
273209
181527
46318
856304
67835
550628
53443
69404
13169
230681
288362
17304
6975
610404
22107
27261
25521
448896
17689
142589
306563
1348
265415
6358
323109
675397
75259
342578
16010
409024
94894
11657
803229
35760
248387
14308
3881
5913
568038
65300
145802
340920
18190
439953
186795
751785
2352
119882
166410
561224
101678
251744
156191
30120
249768
352735
83320
179000
91142
74893
310868
331825
13233
276808
27385
7650
15719
1851
533529
114633
27678
614564
40587
27684
197591
472924
30932
10618
12012
143800
75950
222237
11836
13454
52053
59311
408726
85296
557767
36417
9237
774640
506280
34667
130385
91590
162162
288923
63893
340172
334718
1194
480964
2630
15359
35045
148802
49054
600375
54023
14674
79233
244590
28094
71089
60684
224535
386993
13851
303061
111933
46570
14092
8658
220518
28052
66847
51752
135487
145353
252095
586611
53503
278391
79708
482229
10237
293910
152151
149496
535426
688411
76201
719512
8523
339009
641666
24691
44891
70267
53161
24539
169728
905530
865550
119615
169108
1299379
70504
99248
5910
504247
230835
637130
380
40334
5874
78078
23249
564648
147288
46145
852356
159542
149446
891914
218630
275883
204008
36625
5546
234519
759089
140212
21343
813
27308
60012
65681
9041
116070
280301
101388
307167
251657
172302
8059
77713
278037
75529
186836
16101
309043
323467
77821
2616
239744
228300
386681
181251
63827
18371
212116
24155
19647
138945
301495
200086
41456
205767
135115
16039
42511
236366
84099
345645
286865
142532
20393
55472
344545
214187
649180
64168
392198
9906
3559
903448
516191
42392
18130
23643
250974
208938
148866
313976
92086
603947
139008
782406
36238
571639
14272
766660
4539
432385
918034
54783
47325
156795
13035
119946
61644
296190
215246
13260
96721
20970
46117
13440
530735
162910
764614
9188
196554
139985
8152
59826
59762
101399
83976
703054
95332
79499
37330
150489
99133
149862
112915
4219
340659
145949
179224
41812
60408
97291
135988
372379
216428
102363
174740
30845
13430
21138
173900
2495
416493
56994
72767
151747
658150
78383
82190
31862
71134
143648
84971
1411
35758
732584
9591
341315
19029
127746
172497
35322
1015298
25686
2500
6594
475234
106986
103955
199954
43072
3362
886895
462594
126467
231887
5055
274203
8400
519020
23779
28347
25726
19278
144087
282268
43685
622695
0
54631
173626
472937
225298
97377
179790
24711
311293
1144106
96535
131753
9315
893025
69402
89399
378277
96274
386344
138661
462355
230833
59626
405048
17231
588789
24596
235141
75148
112693
5981
234978
709273
35365
998708
52401
539015
18995
23702
90694
47593
163429
330812
29950
154720
35143
1211449
272491
159541
65192
7853
8943
357650
106171
747630
341
105126
152484
8115
191716
140439
266073
14987
452908
43901
74220
4745
19378
4247
41772
34441
448818
594484
850112
6502
112230
490423
511697
39912
36631
136132
8201
34663
28875
148316
77543
118427
104767
77563
250578
477245
262918
287020
685960
53060
127549
30241
296909
277305
13528
275358
7957
2914
16086
220481
511920
229916
1083719
125459
52367
415736
220243
79417
209887
6049
121642
54126
440133
126473
481250
73958
209455
27829
9040
752518
5910
695829
68173
239096
185832
20553
151497
44693
290574
14628
243191
143229
83541
42584
280121
726182
318324
11161
99571
68958
379113
202335
633092
247506
109730
54626
82531
2146
148917
27741
571287
3808
134709
148507
280323
137116
78719
26844
55582
1430
31909
25577
109415
26891
14688
4101
783965
2242
258085
4094
571424
150142
4077
730835
80217
116323
189622
372304
66856
34077
274816
178819
366496
123106
199414
20766
248953
295879
138080
283478
57933
426719
446489
475729
370616
272342
58952
72070
152049
61562
74200
224465
69433
31763
109039
4782
69068
2699
28287
751748
5073
816481
12177
58277
309237
267024
24074
423413
4090
44909
129353
228204
54373
23053
87177
7396
5961
67128
449202
18949
230296
106584
236918
706387
70828
29507
234732
170202
482951
65974
252176
197801
25411
176500
8296
566139
9482
34617
84109
990827
251198
700652
31604
158811
47328
86516
32529
400155
1253
112316
236472
59951
77671
510526
26817
17645
6395
216752
9993
59582
205798
87681
751367
28173
148096
41107
142729
165722
1043
419022
120772
308876
901250
130246
124479
354962
161296
6387
397276
13052
2538
61685
28970
268184
41481
326339
14927
361904
14165
616138
123333
98188
11900
3690
65477
286091
367567
118997
46879
148097
86696
73314
1052751
1228719
139966
16352
497229
66259
92559
37883
25904
760255
92221
612794
1711
51358
32050
1009055
61949
177057
305
34245
115855
68852
483323
126389
423
162910
193661
67740
31948
4903
41657
697241
33004
157969
418784
4511
532157
7080
67897
448802
55220
6494
1362691
31282
73716
16685
80095
160937
700643
77481
103663
24241
515417
71372
233337
20612
300889
223513
21869
207057
2239
137828
655851
120504
122416
7757
6001
270235
488
205861
15768
113156
56565
471427
333751
83381
24303
536514
135823
126197
83039
33252
485682
38321
809328
89061
295858
19211
701718
7093
360608
22834
156794
62129
312652
5639
42701
79271
81218
133397
711604
66321
264314
71597
235755
48591
500252
3486
150965
33744
302562
15410
42798
14637
737576
332855
368548
26166
32901
368440
18126
13872
12177
151978
101499
81737
694741
106448
3362
46618
4404
42449
181334
128659
55617
642214
293315
272914
63430
15432
131386
16239
3465
191131
125103
84394
21042
162376
59838
106029
24444
136216
3640
144688
117533
524540
68742
388720
261394
109793
3556
255290
59382
1004991
1256858
5694
145990
118461
732772
72075
579044
2240
257364
20389
21381
371167
6131
437368
254207
290185
261241
127981
1599
574059
23949
184316
776401
217491
274703
318073
64036
914441
155474
9649
380848
314757
6577
92452
564595
460315
244342
325461
1102
13848
274934
88793
56270
231090
223247
252685
75884
172767
388786
15329
43264
79060
85522
385619
248438
83711
75965
42697
455
208184
131576
25847
12848
17562
5889
85775
192182
322086
367198
92689
87521
45561
85112
227005
124703
160057
68200
16779
140431
23945
987780
183168
87329
94155
104117
138220
94892
191051
12526
303855
4454
347355
229306
72081
18796
451404
277342
275507
15439
140104
208635
160
373949
242385
1107931
540035
833479
111889
24620
506083
180129
16221
19663
46257
203892
19736
514257
5907
557754
214375
105207
188345
3686
626318
206160
121538
37005
15271
107793
104916
37401
75717
48910
6270
149249
4166
251597
24422
273782
611991
134015
401406
19004
285015
146924
87301
724015
445209
94756
16376
20127
525792
17945
113627
138179
15907
24283
378802
237370
709308
205788
246775
51230
57558
25535
130814
72942
81444
961786
362320
19678
128105
222352
7731
90096
18493
453879
365324
4930
129339
40776
210718
62475
869501
69378
7020
17451
27635
5543
263569
3104
78727
329230
50539
82053
35865
16019
175057
37109
386313
177547
145242
189936
120808
444867
14339
755791
1209205
706279
88875
437398
49396
330099
210079
315454
285840
303382
71945
188657
510273
559576
375410
44311
643472
2118
38253
23884
126639
23985
645093
440753
6706
206811
24720
137077
55153
145091
418090
129413
128441
3858
787652
10604
71467
82865
94929
592823
1931
472852
1080688
10509
16776
107821
71046
241620
196721
141891
687821
161845
61747
123254
70265
99100
131212
107083
282949
1031
870978
103344
45700
62539
136373
520478
31632
317309
9655
424666
86669
952456
3078
840635
25646
67777
4620
881573
101765
142756
120938
205280
109423
663480
611518
43879
105319
842672
452900
9595
4748
530094
123109
19505
223673
389
705692
106400
97625
115038
436145
69043
324457
22340
375600
107070
123748
110082
13638
151558
85316
132934
23078
320169
180586
69617
257257
376508
294420
382555
3657
232015
152746
1546
380351
296602
127984
28130
29056
287061
152562
421421
1239306
133584
60621
320334
166868
480371
116541
840568
28498
18139
59792
98101
13141
107467
39265
739963
181849
748434
9313
39571
78716
128859
243495
63768
473113
470080
26015
63344
493552
21225
338571
188239
553276
1216194
88215
7435
39869
73297
69711
16943
2974
14334
25895
295855
75443
29791
195298
345862
116634
14733
49286
8940
115409
381869
115447
633512
14759
214714
173127
131953
82298
167005
25585
530461
138896
196432
95556
87059
4364
29750
166430
45144
60292
19851
62317
125003
94701
48351
126152
671948
43732
297992
644179
309995
30564
492078
12883
562681
143074
471413
9753
674527
21999
960599
50025
420435
12309
24757
408338
4281
1354
223975
214528
33661
52578
21784
56413
5561
328194
55422
723396
53004
3882
771185
221575
399249
15595
462310
20760
2915
344
251503
59007
399528
32171
112268
388106
131679
81587
22077
353161
45084
30187
200547
345596
174567
522630
7343
185719
2353
262147
17669
811820
102117
461695
128901
427899
18502
581381
384081
12903
447852
284448
369639
7842
2808
299206
108598
116303
80305
25778
162738
163539
14671
129995
86630
952455
83529
87746
107129
11325
632797
26530
29344
383120
157731
807159
115457
89112
389663
746695
152106
212931
371663
229310
121379
125663
94508
18838
48059
61671
152355
52487
56049
774931
32643
25572
29792
15851
145205
57333
456030
83860
81818
353232
50839
150082
668692
17273
5626
66603
26378
163149
93951
81331
54098
7152
28452
678016
130636
22639
926
309329
9128
297230
254190
188143
33315
266152
227379
97729
226239
1623
723423
206587
153978
33889
1550
412935
21306
30274
34162
214792
85235
1421990
6237
70702
270583
162983
22482
208339
9984
862036
558400
49569
19382
104530
16015
201376
928952
3672
117165
555466
364320
129606
83357
506032
142280
24214
19252
491594
6393
138243
890227
12829
31876
1199686
8144
634592
18668
220995
18403
39018
181913
705155
62456
511234
93693
1015499
46030
95357
239794
123857
435024
25851
64866
106332
206172
404615
664872
11109
108934
122839
704546
48265
658212
186715
119956
12597
109592
45475
91006
123669
91381
22031
125926
146087
158646
390835
162774
198364
107400
1700748
122985
84120
663829
217834
40464
150932
28387
319199
26862
247482
29654
43388
320514
309909
47828
45173
442137
19608
143529
43169
1621
517886
40844
935042
87586
132724
19507
537198
9442
133758
175126
216316
60806
315848
364
240520
224067
767871
166944
723528
35211
286199
112324
489107
96228
110156
328612
251067
66252
80062
301395
251955
127374
202110
157438
155275
143436
5402
575314
661428
30448
147623
69006
629843
48957
108233
14392
65008
243382
322292
389276
34321
336881
160226
771248
291726
147049
170455
55570
93184
175299
14224
219270
162567
653809
2448
39552
88334
82073
417779
97878
6721
83441
83006
71909
268182
20677
15904
39641
56150
313923
20072
232357
72419
299834
4817
340287
342752
218420
29632
175862
59172
947223
21829
258311
939
281404
5528
940150
127509
156170
121971
74730
307419
15061
38372
297345
152951
227827
6224
700551
14979
12261
3088
146443
276382
751845
758310
635474
41012
3503
96876
238433
19054
307539
290530
453498
138230
270939
1066727
556700
89102
32808
3257
727232
95628
21261
676960
613929
137911
680456
482549
31444
38308
2933
1371248
55291
24659
2230
538384
126312
341224
489057
389657
751451
169071
56565
148634
127718
40817
85050
832948
35732
89657
243590
49545
13898
6169
137980
894178
73008
515733
168635
1031239
46926
651522
216409
115024
22081
1190109
10192
668213
51091
493541
210194
168002
316853
74686
1478101
63258
3251
41197
161868
208675
191936
50839
6763
168304
55177
381941
135863
936871
86984
63789
51978
158896
290044
237698
28991
245351
198879
11433
206827
602
10448
262859
27587
244526
433427
139085
330486
215011
321875
78900
326190
8816
893296
9454
0
38675
238017
24406
62191
157441
94488
37095
99826
701048
280995
167704
416488
151385
27167
85670
78541
49186
192174
15375
657141
40390
538867
6566
53289
233136
109356
51763
147194
193501
1220981
19974
709751
50859
102662
54544
128523
134449
2451
120010
258208
20252
101390
85027
484969
69620
572250
24382
59875
14290
548850
36737
93280
463188
1192
2103
22030
210048
88242
18197
1416307
212521
168135
18572
725961
141640
109497
65026
360343
4633
39969
5525
35395
10888
46083
235604
267973
78493
388463
52758
16712
27105
139174
89536
176179
104875
331865
58099
125450
141932
188281
7125
162224
63561
53509
11170
463306
60208
673421
231971
100187
381419
342792
149206
252404
298738
955682
119620
70227
48696
81624
616971
134811
320488
264590
99093
6516
267863
99351
68318
165277
153362
111243
109567
22314
504620
629542
33976
203279
3820
57390
5486
938589
109214
51363
97363
14484
115737
45691
817313
228756
393451
36363
33971
3434
119147
23506
292887
6167
340268
259305
21961
8040
704
259660
96318
107475
678129
422485
53673
55702
296811
461805
200202
122736
45101
486916
115925
221921
120811
229472
23774
26188
371931
181753
12719
197139
149333
57912
152626
386918
113093
721603
32041
479991
138538
117739
224140
167010
80400
122834
32018
55006
2386
101891
5531
181578
66871
7756
440168
36703
405258
8692
682418
12706
472405
297122
17023
629129
1047860
270857
244714
892726
26503
145713
109079
351356
218756
3230
357093
193985
71852
569481
57725
231139
60845
60432
169942
1543162
23830
108804
146922
256619
99885
1803
163032
26621
275365
4087
877543
219074
1076385
40251
82541
806490
1024
537455
38976
227029
10414
366141
727755
53799
114369
6066
139986
204179
138901
644581
16275
863154
109903
44657
718487
51567
293021
54785
176802
151446
68369
141181
66708
203100
38385
628105
43381
375684
115438
148662
495220
370114
93445
233233
168012
267901
89649
248559
19019
679525
71314
787416
290232
12265
206163
68203
11992
391257
456596
81832
439534
133097
9194
33801
321344
19100
789220
331169
100859
277242
81864
259483
237221
134648
24139
133814
7677
92825
213031
61801
998657
731050
0
626537
21426
9778
313801
125121
287202
8047
86013
218103
139846
125078
116302
254377
121640
1597436
64002
75673
430074
25796
54475
70677
331023
96143
303296
14029
341662
62569
124426
69857
1000804
37220
1278631
47958
724341
890049
38600
192294
40387
262908
478038
905469
1167598
100539
612799
11754
80
174884
17767
41215
235334
144405
45892
88419
461174
169924
85699
83670
45878
1276093
289613
118552
11055
59931
55394
149502
24347
21080
77865
38723
12458
261659
875121
30043
130756
58541
86925
490848
225342
435415
306900
963119
17519
164392
12701
105932
30421
3545
170525
30105
2696
904912
44050
27319
81616
159700
179332
15875
439089
323796
41434
389872
110177
8983
446365
262361
47451
73868
1141
413483
4411
572950
7740
271752
19341
99388
394276
322012
252022
138019
107270
92750
44352
985946
195863
4123
13278
143526
31111
24003
565802
58339
141506
101540
235966
284534
112795
331238
40078
828786
1897
188369
8610
1313909
343313
143190
491908
37938
255244
42511
609284
48195
429848
215870
1803267
18545
104061
77175
247024
154400
296431
3608
343695
166294
89044
8599
672453
6608
41109
242080
199467
324582
820520
23382
266169
500720
56034
58666
271737
4624
72923
14585
15031
91313
130089
48657
267290
97034
770053
53536
342386
212878
5524
144046
30508
40174
12144
807745
36680
5291
888034
91682
54539
101789
185688
397392
93731
28283
432089
67107
107142
34447
137843
117401
655192
27210
153846
52752
76079
279779
154358
1464269
13630
959479
29550
75611
56380
1602883
124647
410361
513372
52932
89645
68455
48174
254373
34872
161216
73070
50468
120705
301
400967
75209
44992
32180
582258
258461
11302
125634
115704
30159
829741
308520
225896
14278
293480
20815
184988
55038
666487
38010
266724
64130
150025
557024
4047
608779
17191
1285388
14291
1280513
995332
649283
40007
131182
58936
184711
15115
375797
35699
544902
1520108
2293
72355
1156935
851127
201939
193676
375523
61730
191521
229492
27522
199926
630096
46933
1489360
160052
70608
40354
24643
158094
380504
56551
446464
201583
98468
636303
475018
162939
145793
163944
65837
218571
53011
542638
150984
225556
607463
145398
144728
486749
26407
107029
714939
138191
53088
526634
80999
26900
126520
68000
950884
33606
136551
77046
41344
232784
274238
13465
319177
595162
492753
214026
248310
8691
7771
226767
140677
545078
176847
14145
51054
216077
1027315
116633
283631
10211
122029
296221
119345
14546
641660
56722
310036
252796
10641
356074
36004
149537
641946
159878
387950
121541
40761
42822
102073
264686
132796
530951
118956
21442
791245
2411
1328099
1680
368774
910133
16778
570348
305611
47793
14946
83677
23593
41600
78447
424
115734
5873
418882
45091
152757
28304
214563
412025
163772
125426
12421
475969
115735
320850
397289
13110
83059
593199
225901
95920
359710
522589
53578
425458
51650
651064
103411
99742
71756
128644
470
510928
387591
195300
55462
29929
23831
24830
375111
726940
220435
38444
463011
269240
6159
485715
191493
692918
13422
9328
576731
236273
32878
474250
55530
996419
491510
151598
133221
359059
345713
129967
227778
53203
81554
597400
203449
104469
852690
3826
15560
29177
390099
324293
360450
32302
7867
380120
237333
29530
27889
296247
33760
247484
126356
371030
20633
99327
146608
13814
148091
46147
49592
100382
18591
11874
97713
166679
545680
405815
4187
58783
625033
192021
110775
261911
11919
15526
541186
265973
793595
19075
159709
136044
351681
67363
140144
62066
12856
13991
644985
798650
6312
185443
120152
524124
1983
441964
183741
335388
50111
437131
215260
142493
345887
292300
34615
197520
87488
5312
1223903
8822
291917
45470
124505
2733
20202
429231
87385
585890
105360
964427
9612
262309
411232
23006
47447
1046597
40275
963532
72997
222548
168066
47154
5288
377280
1551184
40976
20961
19951
38727
50273
80714
1549
462582
2331
759870
588280
34704
20517
27531
449768
126531
646287
22674
772230
30451
241762
19777
220626
195934
35942
11354
198686
57080
102456
75134
17841
362443
135279
439040
131834
703
437434
34396
232304
41679
466518
10677
450040
72611
58316
168264
14675
276696
20237
45439
68718
101097
31684
27710
128149
50629
54505
183952
289379
217901
619707
36147
20938
340970
43924
1382260
217423
22483
724362
40642
16282
1150426
30074
744385
30601
39485
331246
113366
654839
182135
376603
70711
1243128
142376
722947
528778
152080
508967
464635
204897
141969
553089
21223
35171
359086
63640
22759
7774
468040
80189
37502
271546
35831
707170
425600
4631
197530
35199
320647
23117
275891
285394
12419
123259
2313
40984
288525
103931
619867
234168
19607
12875
919821
210091
116492
1056857
435114
24602
66429
119155
440188
117905
660723
22082
8318
456499
49786
28071
368588
62334
175673
4890
514939
243851
49829
673318
28668
9203
23317
37002
282635
273977
62006
106128
72304
63922
1104020
446593
79132
26787
499069
89097
417466
330783
537775
215609
765264
0
186881
164985
110615
419711
27038
116094
188139
7082
51389
217039
793755
26897
294849
27680
377867
37396
5925
385809
1224884
5697
30482
114397
369271
51127
90414
233617
84625
44887
28720
126910
23790
88889
13745
24886
259559
133297
95416
18972
894975
89505
138220
318509
153287
30508
11157
617068
221924
32546
68125
528431
56156
35383
8750
14660
289507
204627
147457
94118
34263
513642
5129
306994
1004
64650
218108
27470
210119
108104
630152
464158
82162
30050
333846
158726
92869
26225
165525
95057
422903
28439
968634
7049
516058
45381
424049
419765
130769
6849
367552
588831
24346
256457
576599
569595
345581
1978
69148
2834
163808
87020
6096
57876
349992
639923
32601
743198
159209
552325
929
442907
417065
21499
458352
70888
256364
124532
338676
46263
4756
344812
322871
194037
327489
29379
11592
119127
3714
211952
239869
102200
274953
86699
500099
240805
278306
3315
217945
614066
52619
275753
228359
587164
44363
1028563
111323
9093
268226
8965
24287
48189
33985
82815
552342
9788
1060520
747430
35655
798521
201364
625447
58832
149686
47736
344100
11655
167062
1087770
143565
99783
569438
9655
18536
237476
13638
310314
20438
32331
247725
557209
827553
175419
555576
16473
333352
51924
458908
403666
203104
32734
367037
364602
165372
902110
35289
246944
373311
727126
9046
127290
76276
124353
94756
260579
95534
35141
393239
56311
181598
6820
160377
205938
13256
173528
37360
174985
684
25921
70554
268243
255173
171095
273226
5023
94942
419934
1146585
23394
203530
192655
380289
86874
61162
1424
3180
522545
10667
202355
1716462
522251
95360
340910
88745
406393
28950
505666
438186
153710
71999
202
1038282
161588
212312
974769
286702
108833
63334
65964
633888
114915
230539
13029
1015829
12299
152722
41396
452166
426757
33343
774724
162166
130685
35144
97854
93572
129919
25688
3517
99706
558009
35664
443753
6420
583540
266283
476047
10403
671122
132072
215509
25536
26006
1087788
605946
2907
358746
112222
122916
1213
469908
69850
27778
62131
125221
238576
131490
69553
753931
68670
75817
776669
95227
231120
557843
387838
1277963
17330
587987
54142
112961
537183
30473
261555
393176
17329
57442
269475
315455
292299
102319
99259
283041
33999
2359
23565
1205956
2170
401753
187209
946815
67799
25549
389058
156285
77232
104742
1276064
918552
133296
77971
13385
46678
21138
45749
253248
43795
523064
32826
17600
195576
11990
375408
544962
471423
500486
37994
361160
1857
18340
26273
88678
17427
1347752
107668
63860
2035
55076
1493682
235479
76045
108391
585308
427186
17690
157517
37706
401900
69913
16894
3060
36174
325919
262395
649202
65609
43474
113457
586840
21255
73829
34927
623725
16426
722368
31335
246603
8613
930193
17600
99149
95165
97373
1327373
230250
19567
19063
35852
391459
32802
427303
141307
119503
326787
197865
456789
612589
32805
236472
28986
203704
42527
729917
9910
63547
46899
545894
102971
282700
211277
171248
368646
89936
338329
6448
33331
118126
221633
26321
8549
33344
143956
379574
865142
37906
66475
10317
360930
212747
142562
959549
15811
14680
9280
116538
223168
295233
717728
144350
244378
819400
2446
266349
710253
121036
347213
662782
55642
259926
371089
381501
92798
250496
11291
167236
28445
120637
10022
211726
73189
66011
151667
353111
133824
808303
84790
330285
265869
140765
489236
23587
106411
37293
812789
90351
576977
325472
205073
231718
850669
229680
466723
117525
108438
69511
93935
770792
85476
457546
433460
61885
725610
255792
7127
437309
52269
9218
336365
111786
175207
5652
48987
75961
641485
73821
6946
76377
28739
54945
80700
83444
121703
1011
24797
469660
834618
1636846
228235
205502
78372
226397
216310
395208
2094
294856
58278
133647
90305
742950
104052
234800
5647
5307
6584
4111
316719
388817
129505
701335
26358
1007527
8456
24847
946867
5862
378620
1138592
729029
1204955
446
410163
3778
618487
85795
363625
20942
551507
5569
76098
36513
135152
327122
454592
1177
425614
83099
661356
224062
537342
100022
81533
71228
81908
546418
626432
36724
466074
23421
98205
205944
199250
91464
47122
660051
35230
3387
158395
122482
134709
277236
311329
633450
70637
254739
75468
36653
329011
1050229
278158
71689
558109
275157
375727
68092
567350
127407
179271
88780
773951
8120
268504
19045
12833
84128
712615
51397
275688
150158
1117943
2557
329378
655602
582
33041
785930
240060
2474
46655
1074581
240470
542589
698316
119826
65604
462647
239620
124077
394854
4002
681159
146379
603229
70767
126075
386215
313000
1448953
537466
9999
124796
27362
74363
104779
246335
363788
7135
86644
6484
69105
105093
116333
311537
75207
177914
96262
436486
88031
67395
30233
986745
38460
2731
619607
333357
974839
46055
30181
264177
48485
301808
2558
448764
114379
93634
109917
543557
151956
311497
65906
371947
507385
695908
29656
269745
506583
327557
360376
58021
165037
126728
237501
12698
442503
63468
360026
118408
32959
25690
626020
10515
435596
64495
344930
48483
246625
104014
698867
893
10325
243311
215110
354932
179890
9250
38320
660599
10953
279763
4462
275060
208081
41864
8791
965851
358206
113820
14916
75837
39171
1411219
451110
113020
291848
1316
13486
4177
814607
1045167
130788
82544
127987
536696
123574
141353
486885
3035
313019
337774
56191
128887
39040
440762
31252
343179
61492
322090
130518
13251
508928
217110
169949
267348
398876
108148
529024
349663
198924
380438
43556
116200
588796
91143
209087
582514
128345
155910
105408
10221
81729
80632
24232
774751
435414
153629
457258
23669
283837
32981
49929
261299
250650
116467
278044
183887
366102
493434
14886
21042
74450
703813
127285
402632
161644
52750
45410
25348
422508
74887
230355
271272
819421
286120
1008718
3655
1674036
894737
109555
31798
53127
56250
531493
58697
61773
890598
81666
10696
357875
9677
1384536
473048
414057
116390
1446280
285120
129345
27771
1034300
124432
605134
231995
941910
121540
34143
66375
180009
242823
4589
324568
489935
7894
279880
202674
122831
1040770
344725
1303499
364763
236197
1005
9991
411909
139105
62850
124314
22848
692537
222054
14696
13903
21738
47281
162066
553234
638502
506743
135392
1085662
29469
763120
93671
269374
28735
39945
67331
633909
46170
49455
31187
701289
148826
32532
943515
213612
839869
269750
353090
23591
46838
411244
33994
289730
77830
617329
387810
118880
98078
656672
8021
450840
16269
1601876
622792
645819
38885
834694
1933
74616
31169
27040
212632
424630
257131
61928
146235
787630
142429
480566
647115
201793
1439230
41990
1107038
72472
118249
113018
262281
47742
410910
687400
354304
240149
567935
322971
205769
310141
44664
616
696692
1094390
93771
34144
175108
509989
1400
158925
40878
24512
1012154
14717
21694
45577
421645
511156
793321
850615
50198
22893
92641
209444
99237
56522
300914
41676
164316
14127
1005826
800681
180329
108032
324417
1327673
10691
220621
498938
83638
810506
255361
68123
191279
1241412
340672
15693
328225
1716852
42747
330062
10949
1288055
327154
47957
759188
44492
90711
38144
54012
964043
16804
163551
18322
252492
437749
58968
87039
180153
23244
363685
654185
1079606
828702
7409
166543
316081
232864
91079
119296
476571
413518
602524
30165
22673
42733
675859
102704
29353
336407
207628
170814
775239
113141
211686
94003
181498
191581
653839
30065
861528
89913
199722
410133
55630
147064
377874
8568
679234
7625
200665
128914
1109945
699824
21731
56903
79613
154455
15025
148004
194465
36386
95438
3886
122257
232946
274274
911106
43578
107796
25459
79395
319220
252615
27723
98315
45818
84714
461255
56678
47025
266953
245415
203720
43045
107831
86869
39168
400174
328442
29874
1169613
1312843
177152
139237
1033950
23085
42291
43785
243405
309594
102818
4242
74521
118027
810594
728498
18027
26936
557666
13430
21088
1056827
708799
26863
29318
1011147
3253
250488
25105
34109
710704
59326
43783
904205
12290
347330
84894
435551
65212
25320
154494
8731
575045
271074
33533
57488
519846
30636
683928
46118
763251
83778
899292
188128
69320
71688
35707
349383
96671
759681
70926
429997
9288
508560
284556
80987
1106282
47701
265088
79186
22019
1386411
796851
26466
114503
19733
306740
552737
157022
105104
162188
551705
159610
864818
175035
400464
325068
105953
554734
95012
71596
79099
45593
7755
11160
103563
189749
182007
329617
100317
197693
15416
102350
87317
233599
647427
35836
2002310
39553
847701
22403
20949
325944
573140
97723
828163
1453320
655759
508443
883335
365217
114883
78894
457543
4663
242515
72954
849473
218777
50235
273471
125033
420675
35292
193096
656521
2000
477982
206844
23049
926019
262166
20320
191252
1420776
104995
69968
1674
343130
104131
221549
77472
256341
269258
457534
17713
165734
1283466
261059
476154
515170
107686
13427
8373
367231
146737
164354
38371
77772
402120
292567
64280
93714
2391
92899
332392
6477
283884
39916
20649
157652
906854
11756
64093
65055
121834
1816630
22441
587284
122449
24036
323253
16319
62800
18219
419805
1506
234571
101537
294577
126487
496282
153389
72807
135769
21314
175951
127118
489977
40477
367538
372
25173
627528
1047138
54945
7983
536330
74041
179036
552698
237981
170934
394361
1634
4343
130733
51171
76470
707067
229188
340122
74379
108747
128561
77509
401512
53786
194178
136680
92773
93925
120162
22791
24811
1594066
26361
447953
2906
802553
58307
533310
126129
332588
180813
946894
46455
202376
186926
48784
127362
336359
6192
400957
721734
43451
424830
283166
114897
4650
480726
74699
99825
520295
1256741
223874
111624
61379
22962
295375
69839
564895
377899
260275
535019
14094
12459
516018
33432
353411
82559
19500
304445
304198
72789
334348
12768
593833
90346
814754
1383689
9812
460832
57618
653605
968315
180666
366433
13551
263959
26199
19449
4843
13182
90726
243667
201402
376761
58636
49407
126605
187847
83083
347736
368176
64356
192695
96662
324643
385828
31323
1037072
240901
88156
54806
53649
70911
42283
162969
220837
569783
167888
39593
322
58213
321924
1143790
99684
292504
981683
266850
50192
340805
1115200
495225
41945
166529
598918
45249
483532
121353
659755
17164
26952
4331
427066
124600
264714
151842
155761
264594
93765
543576
20908
164302
73600
576221
14536
316692
388759
236640
797986
30638
5586
353845
66011
606020
49758
1412520
779005
21754
623140
239288
132854
7961
84875
108996
562
4322
120035
213047
171304
404164
70669
156813
418787
75407
246682
499140
78580
530646
199152
13149
108923
90675
82785
594644
18061
36713
