0
0
0
0
0
0
0
0
144
0
0
0
0
144
0
468
0
0
862
1004
0
924
0
573
1293
0
573
0
0
0
0
573
1468
573
144
397
1181
1796
1006
100
1037
0
887
1117
0
144
456
1158
0
2246
100
1392
385
144
1247
2158
0
3900
2993
1644
867
0
710
210
343
1493
580
663
0
5497
8429
649
9168
629
1638
1683
3583
726
1230
655
1941
2863
1157
855
3219
580
2509
3500
3585
6416
772
3047
387
580
697
0
11667
193
9428
7799
0
1155
1442
3710
462
1808
0
2330
134
814
333
1321
941
2972
2766
193
2399
3999
10803
1311
3491
0
226
410
3556
144
4918
621
1743
3202
2541
397
7549
2694
10299
2067
1304
2043
894
0
1562
0
2596
2593
0
0
2313
1585
1202
4927
5706
873
499
960
6824
0
1912
1839
126
3749
260
2488
1465
3024
3239
5318
1838
9937
2817
711
77
3318
5376
749
0
1157
521
6608
9313
2316
701
2265
19006
3946
7911
0
785
0
9699
19805
0
1726
2506
13068
0
9540
3271
3105
895
7187
971
9307
2203
0
610
6730
8690
795
2560
893
3635
8421
441
13311
1426
5925
476
2518
593
0
2686
10598
921
458
4342
931
3865
0
1459
2365
17931
1431
3225
385
18343
20356
19984
1388
1748
18487
373
2268
9540
3021
1911
27992
1416
1191
2853
3193
2216
898
448
630
7420
9776
347
4796
22458
8259
1245
26979
1021
13404
10561
837
4321
16086
2715
2802
15236
1224
20387
3837
2278
4252
15854
2137
0
10125
1301
25339
0
4952
158
3337
11016
704
11857
1375
29458
30967
948
1640
546
3780
1425
660
14266
3671
3487
2347
8515
11143
5230
3427
1328
3548
471
4035
28153
802
4848
1539
2201
8435
3262
7712
4002
13997
8745
0
7156
18870
5701
4725
20393
2086
441
7879
4215
16343
23378
2185
6712
3316
5800
37609
4289
810
51121
3159
3384
7897
1886
342
11042
4441
8041
2189
9858
5060
3588
5504
1464
127
15356
0
10156
42064
910
3058
12021
7770
6457
3323
2130
91
3369
22070
633
658
19037
1105
6097
34088
4846
10052
9467
5055
2670
3467
13200
23437
3165
0
643
28343
158
10771
456
0
3715
2365
689
33
2713
20839
4373
14095
6015
15518
26898
2866
10498
10965
6951
18854
6748
12946
13171
0
29293
2172
37480
13032
971
21680
8401
802
8132
647
1519
7011
5135
25226
4938
705
666
16886
5729
483
14799
22512
19144
54754
10552
302
35628
6373
395
6442
2077
6338
9736
13161
9126
34607
4055
287
3852
0
12274
1938
39912
1142
3903
344
9575
14137
9465
1136
4242
8944
2686
9195
827
4598
9640
3830
18829
4349
17003
23083
24273
1082
11239
1627
385
4887
2947
8074
34805
10233
14615
27864
7657
1227
21962
1356
30704
7856
21543
2204
4990
1510
18233
4670
2524
11040
0
15018
22278
6814
10072
11284
14354
25678
0
4238
23237
74173
35059
584
28616
45133
86
10110
24326
7857
175
16311
323
51068
8912
9270
0
5436
9179
3292
277
52119
4289
37666
3529
27928
19361
651
11432
608
9182
12279
7102
792
5997
10641
10872
548
64367
24766
1918
74748
2130
1441
0
4049
7988
917
8565
44518
840
21056
22680
3661
783
8108
42403
51604
2933
18217
9826
47259
437
35903
11752
25431
1063
2221
18874
7959
35043
1305
1621
27575
12340
52604
20724
7802
8438
26637
1775
56965
5305
88357
2649
18401
18630
0
32067
59918
3882
76971
2443
17220
15073
10399
10538
8738
95347
354
1454
25807
0
65562
7190
1964
950
10019
7283
65905
16733
84354
16214
85825
4056
993
833
251
8216
1511
21328
9462
13897
319
35838
747
6231
28281
20475
2089
277
8657
13964
56485
451
22812
17783
7431
10059
0
1172
684
20738
296
391
24632
1999
51670
2317
5748
1981
2085
1962
9110
15864
0
11155
1533
4261
0
11119
251
8723
59414
13939
15239
6632
19152
2015
3741
17097
1150
13644
17104
15388
28168
12514
956
2441
782
20758
58870
35939
121
21654
4938
11445
12623
12532
33503
16233
14973
54543
9198
35198
1146
16859
4407
9930
58446
1460
1292
30798
12420
125
49210
89464
1787
4187
11933
4337
35484
4243
12890
4281
13463
26636
1840
13092
1109
19954
8740
23078
518
20215
1406
0
26317
12451
48760
4596
35429
5580
40466
4758
13312
5729
23324
2156
28970
54894
52909
5187
963
5883
23608
1750
11010
3441
6109
3192
14980
2470
15741
18371
35131
239
24147
10179
9446
38898
17166
34868
48978
17357
7458
80272
99305
10826
4397
18488
4313
382
6855
3416
9440
14115
66058
1805
13047
4786
47712
47645
5921
38147
22015
9105
3379
21871
52507
0
2577
21155
23698
7915
12621
12141
9476
141768
979
831
25983
10551
9456
73557
6668
28462
6748
11884
19077
51465
1855
1751
31381
11973
80270
1118
968
1284
40954
10669
36113
263
18617
71883
9840
815
3433
13612
5988
47195
4058
44184
2057
7568
1403
4653
1813
11807
8660
18746
8249
3773
3560
4361
10263
10755
5044
441
52877
14809
103741
14843
4740
93866
24307
12681
7482
23467
29805
15569
36633
13941
11360
51
79251
20207
69595
56304
1637
11834
110778
10179
71536
7421
41079
29793
7689
3707
59054
0
40812
45515
872
5135
19611
56886
1473
37388
62669
330
48200
3836
3473
3189
27858
13620
7614
4778
33040
215
1935
50674
234
1904
39454
25601
27655
115038
8047
51786
5956
51156
24219
8680
4808
9525
9965
95484
0
3963
31240
61066
3817
4527
45695
15039
2770
64136
12890
15804
363
32904
54188
1479
14996
4292
29830
11061
5348
15551
67222
690
34199
0
47680
8940
4109
32270
953
15773
4300
39844
3876
77513
4397
11777
8057
10217
35255
11095
16054
25189
16177
3373
30290
35239
564
25326
3294
20420
0
33315
13105
40244
3300
4693
50658
0
605
5612
913
115537
50780
18426
2063
9475
6362
72689
11094
4474
14097
5879
2761
2312
16972
332
58980
20228
15442
93828
11297
30652
11849
5394
3319
60615
6785
11614
7033
30854
19199
29127
16543
6911
6389
13643
154783
31956
10006
6287
42122
14255
20251
3264
3934
4120
24144
8290
34550
50945
12317
1582
33302
7678
47630
0
50700
0
24016
31754
25025
53361
17262
22926
9224
7355
43393
19112
15285
141431
4358
8350
46610
38452
42083
26269
615
29782
1656
13324
2661
92710
1013
7323
39964
4207
23472
6444
28875
29516
67011
27067
39609
12500
26529
47873
4469
18560
47217
15525
4014
222
8266
10149
8187
3416
17344
3933
25117
2814
61038
3548
63708
19139
16758
18227
1838
591
17872
189357
2974
13140
30710
10976
38754
1906
15111
71232
26904
43098
92
4499
88668
40226
85354
89017
11100
16182
10995
8192
1083
3296
101346
87596
2102
60881
11598
0
86334
8975
56963
496
119338
25428
1585
18184
1896
0
53887
0
32307
0
46130
881
8056
3200
42480
20109
11933
17188
1321
116608
32959
16481
13662
8995
80432
32450
5356
20570
25497
101636
153268
33492
19783
221
12844
4072
37184
17706
4106
103126
8587
10320
5087
5900
172788
2826
1007
9448
137357
321
0
114164
26348
43922
672
22501
60905
33961
18571
21852
16928
6869
99109
1305
95640
125555
25572
16358
5373
12268
38211
9802
42645
40758
57374
30570
120023
63196
33272
1184
28914
2365
51319
52264
6231
29306
13575
40262
37287
26040
25541
42552
13419
23216
25721
2571
80488
1985
60556
16827
60658
2687
8904
1059
25135
78003
1671
16528
473
43288
44635
16457
1826
53134
50908
0
21386
98947
40651
51669
16362
0
1402
76518
112058
7160
2669
27927
345
22122
870
52136
13359
26114
141709
65001
16490
6014
137697
3924
9765
5319
11016
4926
40298
2374
33052
14060
69232
10853
8118
58693
39197
49370
1456
5952
13185
15563
40623
39649
2710
58845
670
6416
4994
87969
10414
13912
11901
22879
10717
18513
11561
15493
17831
49262
9771
1747
5545
11332
16825
47013
20826
2893
22364
79878
18776
46563
45717
55621
12885
90920
116691
2628
31944
18027
8584
33152
8669
22076
4978
2867
36827
0
19467
21100
12968
39859
60752
14820
63221
5208
11365
26486
180195
11880
3036
29262
0
7528
140101
2122
33609
59165
33020
56377
40056
1847
16893
91204
9540
7586
48985
47078
25232
10025
2140
22303
11486
33910
39056
49566
41654
169137
89544
3293
132072
14523
98427
455
36598
18211
18926
4797
112174
5551
84928
27989
1245
8759
116455
10554
22793
1856
5736
4365
88009
2272
140172
132854
4774
54002
10336
49227
93068
55830
148952
24712
196147
90534
13851
6836
23673
10084
8278
71576
3414
27925
149476
618
117
21997
9169
9498
156844
15812
41774
19931
7609
24648
16722
53855
38671
18043
14833
166488
91929
11493
133221
14464
29579
1110
113693
479
12298
6693
9937
15177
43706
197593
1610
2405
87600
78288
20960
55370
27250
9249
19610
6772
32913
47093
1940
0
25945
39588
21939
4615
5605
99705
29862
41393
5173
175676
40319
172449
46615
5217
69016
39168
105229
59190
14805
113492
88565
5046
42823
8697
67685
26867
13692
43537
103
20133
15501
0
36310
1561
16118
53953
81081
29593
9434
43347
37762
52227
3458
13266
86400
50742
117374
246
29686
10669
24171
18310
68419
15982
5960
41241
7946
13032
3273
21297
33878
43786
26706
89749
66974
145273
1320
8125
63671
10384
45223
58121
3297
46699
68507
2428
168061
2803
102462
47672
8745
1222
39935
13869
6417
10125
74895
2267
4408
16202
201046
53692
3662
43834
3157
49194
39457
8474
55540
9679
4806
34911
8909
1301
14021
1458
5683
6566
25595
170998
100254
15094
19644
649
17982
20250
3138
59612
26778
33083
91667
41956
25016
75054
25071
9395
17043
184610
128512
164957
170085
3323
1166
21402
7886
38560
12074
74878
18783
9409
24399
54094
44381
130541
3851
951
173
36818
32839
15377
5016
8537
34715
18420
23514
32781
2956
66043
5603
8979
31256
23704
42253
6477
6441
34518
2957
1799
156014
55933
4757
63680
76258
46871
26601
20047
9124
27356
284
48538
46856
25853
1497
27119
54532
17101
1614
88151
110766
16229
90108
51515
56143
27883
1588
52809
142318
0
18485
112854
159942
2433
27279
69409
68762
18540
32621
2169
86454
16969
49911
24000
37742
49784
1036
88942
15457
49050
26053
34738
1833
38961
14693
2380
109598
17793
14106
22582
130840
2490
6659
32707
5070
11658
87375
115301
2516
128079
73364
13543
5556
6662
80485
0
113026
835
53128
19181
46876
67762
7060
60906
33878
33170
17540
23279
55923
271924
16772
36349
44613
4862
27874
9473
48047
1289
218896
32657
491
14693
1387
57218
53444
48413
337
80340
37215
22557
21377
22258
12668
8145
75066
42720
14656
129730
238751
39972
0
62984
96322
142167
11036
27739
86469
25898
7044
1088
7314
25090
147007
37920
2750
90366
171885
67548
123066
766
3041
7171
10463
1466
96702
43013
27462
14798
36497
6553
124779
4293
17084
234234
7505
256070
41492
379
8491
153447
39633
64464
97113
8888
40136
63227
6827
17478
24745
0
473
334351
187433
42730
199783
4048
83938
44411
17861
15114
69516
71576
469
110037
116987
62043
20616
66673
6981
2283
137730
34689
7315
313331
18172
53306
18056
143687
1458
51874
67621
25809
10886
47171
34701
9896
6387
3314
9257
16854
4873
2218
52036
13846
3757
124363
1986
10483
36618
14811
166169
1854
34821
68620
108082
80134
37211
57825
27708
28232
69171
22126
77713
29898
177165
1471
33006
20840
199865
166197
38132
4222
85107
2212
133462
23428
24386
16664
41676
2437
0
157161
55892
14428
348
2459
62620
7392
92449
9295
182895
26720
8325
83266
20321
112852
5002
40519
155
16349
86290
12045
2103
776
57722
6664
19243
25796
14386
38213
4254
22020
18942
150233
9197
70555
4084
29999
32270
142378
6897
273893
17632
19418
78729
46811
8906
146844
158451
103898
50408
30652
41110
151337
27772
168039
22928
105845
89159
249495
15138
9260
2012
53312
28313
41615
27143
44831
4239
77742
42362
111544
4383
83194
10564
9669
28585
56120
12585
16903
60465
26025
18423
5231
259369
22822
21297
106917
27285
73318
24608
34515
479
1585
61875
60367
29148
21126
834
14729
19641
288202
16139
5306
34765
166105
7338
51612
318388
26039
151783
16969
116302
0
67572
97801
67186
24224
92054
4286
70828
10900
124315
1933
48415
55587
26680
554
38355
58897
156704
1259
183557
1026
126490
1324
9028
12391
51167
13751
12761
40763
170571
150301
111714
40765
16595
238563
4870
68354
75280
43304
23897
11005
24970
8212
54592
23242
86621
147650
331783
1599
7122
34160
173665
244879
111702
87424
112317
26294
77089
28471
9270
12270
128423
553
12459
22556
1113
45836
11045
31585
4320
3853
154700
19321
31150
1638
20675
5524
10083
3850
6214
19150
3904
95182
18482
18908
33545
42167
92232
42973
131736
3087
22184
20210
49599
237
49350
46598
113932
8336
98751
20288
157815
50713
3505
62725
45669
2258
14992
52123
51459
126479
2291
205861
3834
3138
38047
69272
134775
1337
15264
15554
193418
10159
13030
5696
69412
26313
10936
62575
274
31698
49061
23964
138520
1669
676
2622
28367
22602
164970
12064
34010
42501
196554
6395
157284
313
158768
12372
20010
172778
1842
50296
39170
134195
40167
204
38449
37467
12979
152706
2069
45240
13624
79580
61999
97057
107297
101910
40554
15931
68501
11493
71445
36883
161468
16031
102102
29590
27553
44959
1057
133232
2253
25954
63886
47814
10607
14604
79399
155971
16228
102819
18
4979
30208
124367
71962
32943
0
11242
53484
1008
30766
17273
205656
25686
208687
27391
152952
32599
48514
20947
23578
3724
207745
12027
64384
51388
25062
61607
74406
11964
12775
75146
13685
49066
74431
564
20377
17254
40943
85137
2133
13142
19045
108435
3434
13690
3559
167493
18415
247169
31406
1255
68955
225458
55937
54004
5072
49851
59140
260638
37500
39786
280187
65991
20354
30560
30922
10477
125448
178577
63687
46860
3655
8055
35814
26842
77168
11878
95805
48259
1455
88242
217167
1018
4565
119537
62362
4666
136421
56556
60105
3153
13347
71190
20788
41334
39555
70210
82793
31907
16215
28773
7897
14811
9593
124383
8458
162919
45206
40996
195856
65429
10970
25794
12423
125526
92087
22359
18383
105871
5604
107071
43176
129112
812
1008
10948
24978
771
16960
865
117813
668
403
82890
15907
6144
13036
102378
105611
100208
7558
74791
4566
21295
22458
15534
16236
124139
75817
23800
1952
19246
34725
71259
134139
27518
104361
34357
197668
13107
70911
2374
47312
138857
73396
13893
18500
39425
41293
5777
100250
354
247073
38169
58441
325018
44756
36040
148277
13289
58508
78451
293621
33140
91723
35580
367476
38991
149566
61178
66818
175283
28826
113865
70579
65465
16470
16367
14976
38559
178573
7745
73469
51585
2093
83453
6232
2117
56296
2064
168479
72825
124199
67918
23995
65673
49188
121469
2039
36694
49564
119928
7131
1010
3685
48128
6796
2929
36122
156122
19688
1152
169402
40703
54593
26165
323
3990
132473
51048
1724
127858
165807
0
2772
59852
261584
62988
92265
62289
109522
2372
164283
58997
143370
375570
58237
83008
14159
279067
1422
3821
4794
40576
104224
19768
99525
1184
2427
4099
35296
114831
3510
50153
89426
16844
232169
11332
74305
20180
98399
122132
8878
87546
9063
41716
13621
9343
82042
120026
15937
21814
159456
34705
10809
21944
11764
67245
21556
76432
139483
8088
64767
55236
159287
40204
66326
36478
11662
14911
34175
86260
48923
179520
75537
66266
20235
39457
26026
2049
347212
27865
38073
355555
22361
72339
47847
227
99226
13269
30653
167733
186983
92768
89862
64065
5915
7829
20271
310564
696
40024
149742
17443
114265
4702
115171
139813
31014
41512
2139
4637
35567
34136
21982
103629
127852
4576
26626
123694
43385
1821
184477
149671
12435
216807
64623
22122
1659
3549
23329
11707
1494
207458
23025
152943
62352
11022
150601
4545
334699
34575
24613
9146
191154
54135
27028
7393
16498
394383
33864
316035
8205
9150
125203
5404
65376
5107
28142
6077
297463
22936
86863
26148
45413
18723
323319
9377
180688
118846
24470
73937
26962
15871
66803
156297
11466
108135
4931
1826
7864
11649
7951
226308
25770
134374
3358
29952
12505
25733
53314
37788
442722
29626
0
28024
59490
2550
171594
24501
84737
478
51311
3678
94458
5671
37064
18858
24650
8395
211850
6673
17473
38502
11444
70312
30865
67191
2225
227328
132362
95959
57888
5865
38831
24672
36765
13488
68161
37829
162462
84328
14498
19609
134616
5923
4330
239888
5153
30862
38364
10239
172245
17028
26893
1056
35136
13837
29335
187171
29188
27494
2717
169974
50419
6853
23340
45542
1246
17582
76250
22779
172744
1870
16347
186497
6618
18943
204130
26873
62125
20149
230727
186613
68837
3934
67344
11955
1408
210122
15712
115876
10019
99117
32685
36875
88670
34137
58800
40601
30246
85787
8784
70420
8467
157111
821
210103
4188
284754
194089
119516
87840
36039
41640
175663
31649
126717
316603
366
365
1436
20955
17155
30993
3884
49547
127702
2437
81427
39415
162288
8455
304330
621
135198
10562
270477
16269
40848
61727
60746
11176
77612
61468
54522
48124
118642
57754
89028
118563
54364
8669
86990
65057
43391
269242
7246
9730
29695
6139
41512
86666
193441
26765
289812
21582
183000
59431
269846
51286
18324
21726
158474
4520
188721
48429
13112
60145
2244
172476
7637
770
32588
59603
7804
180912
12172
6032
197564
3667
44376
14093
29661
15694
11842
118384
13268
3805
164890
58415
137778
8302
28249
285053
64394
62578
196396
45862
40532
100505
31840
3951
13392
5392
87964
979
24515
382642
2091
51847
59495
56878
40691
95261
34835
40088
12527
35538
1227
139911
994
46007
145570
93602
2087
1428
115414
25988
25101
125144
49550
2601
51685
139069
104659
26728
57383
26090
6998
11172
92831
123914
24275
94498
834
211902
93603
241867
105863
90444
110366
17047
302822
14717
196524
4870
42727
296099
73585
28849
46469
30607
58460
37546
6274
44074
47842
119729
2747
26137
114131
36515
76249
23540
1985
2651
25443
37114
313675
262051
23604
62018
12861
45324
85912
140918
11112
22124
26083
46297
99340
49286
79409
0
23587
11993
117691
170300
21509
22803
101631
14506
95509
11004
76182
16220
271239
1795
0
177434
45187
260643
1066
310500
316438
8969
56302
80714
130009
1623
313006
150052
66172
111814
4147
12611
42588
75214
7092
156246
8929
109395
69253
135263
138908
823
239033
104717
156961
163087
2099
79727
453066
2700
151870
76115
62977
50705
3382
34925
315443
25744
0
13482
142712
19263
775
4226
10377
9572
76089
368856
97794
2648
236485
47348
370225
205094
259291
27616
106925
3781
158498
41090
247913
57953
80196
185365
2049
86208
22703
241316
20908
249932
65894
35570
17637
2719
36242
125091
9013
337149
140292
115873
57606
138917
16047
40742
2686
36537
396058
348410
16099
25410
12628
1354
66481
128883
16908
1155
193589
239159
90538
6500
70504
15850
94277
4195
49506
93241
13600
114820
2540
3537
161835
34238
68465
481
65283
155507
165032
44804
52557
226657
10910
8219
15410
163652
64258
88344
196036
70542
275553
11990
62867
6669
41575
73757
120870
2110
80541
46520
430315
198063
46216
6332
195219
60901
312330
12307
22597
37070
78657
7435
82707
109090
195769
1316
233649
72030
18073
249491
33183
11629
102612
21478
27106
154180
128997
38488
83229
90910
43410
2317
1993
28075
4351
159003
6050
52832
3548
13319
391
48638
175963
87397
9732
5372
40653
26569
218006
4686
56574
106302
13431
16094
95458
19218
11200
82148
93499
23652
116031
117560
150835
33798
197636
61655
6246
34004
81431
36594
24201
63378
139402
6749
239874
1391
83767
41453
17169
418173
13625
106586
3034
193171
57380
20129
119653
18559
297451
52495
415599
72131
101420
12701
13629
0
21611
770
74720
128567
9282
65001
77462
25108
417244
55062
93410
10218
92204
1366
9590
97489
55454
1866
133258
91662
278201
103311
423644
28283
41386
17637
44091
235330
273174
937
1833
19791
159644
2503
142058
257735
117758
81379
44335
4871
71302
7654
611220
186657
5420
191861
5800
249
110253
68060
242339
32331
6061
65811
39295
154581
259780
116279
13323
130606
419811
53140
0
250670
30995
66955
40568
25699
82714
126225
25205
66350
10491
7395
23169
408845
49221
235487
31694
1068
73086
34792
144437
2209
449679
5897
15182
1507
143907
291147
2249
71333
21792
424438
485
71559
14119
8314
108045
41055
103878
158892
10107
62380
196175
323285
88511
76885
126099
31060
71034
81402
124570
50737
22681
50765
37832
22998
8568
22767
52291
266764
50263
13723
104807
35716
55921
286329
38373
131212
123814
1409
161842
25650
91923
23482
8362
108713
10264
50260
325
32220
17572
30097
18916
146060
79321
230360
5228
404734
3384
288068
91172
12371
145146
51809
123421
171556
29270
4594
1462
37588
3033
54935
197808
1137
401
4839
17200
230318
7301
14811
16639
13932
72984
112024
69126
1384
47750
14164
130727
154807
64588
90942
17575
94919
39223
84275
17891
213976
21507
25504
5741
59559
15461
91054
45750
56602
371901
112080
65954
91528
23117
5374
63490
92093
81165
30606
57772
275715
1227
37338
95576
294353
20325
2119
2374
111847
1883
109838
330252
1517
323180
4178
284858
37717
103717
145888
316378
3617
214296
87441
7488
126713
6673
23449
7093
32564
56477
10174
106769
72397
33362
79544
262639
369037
30101
96605
56919
117920
96074
414052
3231
95219
86841
53965
130165
44702
8659
13123
18655
255583
91747
161169
5426
34384
10524
7449
14678
121843
19361
96186
85658
49055
102162
2919
83891
32212
250865
49115
304894
223131
11532
59709
37228
209475
68551
38083
283389
110366
39090
69874
23485
261715
3043
61989
131761
6203
200793
77798
80003
6865
5450
55867
32668
110229
19452
105770
136384
9727
87010
27721
24510
240897
63743
19448
33861
33429
77383
635793
13400
102841
108792
177009
14565
614615
47819
69572
110736
256703
14158
110643
5694
44703
25146
89989
14991
50989
159568
94910
148502
56321
48971
20573
12127
158753
270226
38456
209356
17560
23817
224
132087
12735
40342
29205
3684
21607
34162
329409
29611
137014
4042
162151
106461
213266
200116
5753
251311
11576
311115
7439
70492
6588
5677
17739
104685
17940
99517
191268
438219
4597
94406
2238
242794
29436
1754
194573
25791
47830
147121
16866
270739
10348
37482
15709
254526
5342
164697
16481
13889
382021
181785
262811
64357
5067
37654
55080
7906
19260
9346
301720
67678
69975
616
25211
3530
90321
66997
7716
5580
170505
387962
8430
11973
59244
57248
328566
7982
221525
46140
31381
79451
14363
2915
23710
153543
287100
23448
166493
41430
60288
972
28112
304030
3965
42215
163330
1685
2283
151935
3600
4825
131007
26284
147037
17862
158687
72468
75144
2419
11410
249567
5537
15385
247713
155525
27262
475231
56817
164556
55267
3971
7254
32367
82300
35423
539
26137
54946
1841
59938
326380
46832
37547
30243
135422
71093
127408
27869
70625
34240
104457
1986
6025
109949
9455
104854
36381
4037
38908
27214
32325
19380
28242
552509
6952
25853
73378
436299
64046
96383
60434
443716
24784
53298
55200
32059
255677
465
61517
207699
55721
10807
396270
10266
193647
3513
24653
79191
0
74744
140355
54397
24832
176786
34336
621018
54275
372612
9287
171640
20790
44472
101791
45351
44527
296972
13666
242485
11365
265872
11456
349103
48069
33046
14597
5485
51035
498
140229
48234
225090
154824
109380
51635
59512
9747
52157
88164
13625
283818
31063
100624
5435
182960
18492
43267
143137
150575
18615
152157
1941
23046
68779
469335
51061
350934
27195
10972
445367
64038
128288
167046
86090
24002
4605
20669
53546
197234
3031
35802
116030
64413
164122
19070
295329
2363
123762
34097
46809
19916
99014
41872
80859
6459
46211
14543
7688
89485
69391
138268
1961
82923
29559
840
68851
498960
326249
52697
8788
150429
6612
331572
42870
73396
1754
7600
98548
84442
2733
61443
3875
85212
167038
336378
21840
48934
42510
562199
11918
283680
206240
596540
127555
14984
399295
21887
147817
24562
4425
297468
2937
48072
10762
41147
3162
14307
139391
19207
126507
44953
6675
3366
59777
38131
31068
97583
341566
12838
34789
57978
258988
36029
411766
38506
36355
2082
73298
68231
9978
39350
65279
27679
255144
50025
49722
3759
47973
151156
255924
128186
164380
254659
5066
454019
130973
3795
17650
131265
4564
207639
38064
58433
170339
64260
269532
160160
26173
19453
40321
102881
53866
85969
34592
140513
71316
6645
11474
38849
78693
86649
341098
2035
2244
232292
821
98894
2197
379260
159474
41439
89737
442922
36900
404635
275945
108821
14707
515
11084
149334
2599
19617
92938
11067
27342
357056
39669
3039
31977
258001
390
168010
73024
12406
82867
290943
1513
40671
36998
184377
169229
275401
31412
23447
83104
13872
322878
58728
3269
87252
85743
43489
123904
27166
92701
110565
7849
1013
234853
176683
183103
423949
61471
16885
137870
21165
117756
3489
52424
303
186536
73176
13043
163627
62754
83833
70493
4135
60504
9736
18181
2331
239215
155409
25915
68630
500
299844
180493
5781
32938
257445
88732
47520
333454
15604
346646
112281
63903
45550
65998
7438
221918
8529
15077
9691
96465
54423
248190
212538
69096
99997
4823
12455
99846
76316
0
72571
14683
9688
119506
22916
433263
103416
9415
1324
136605
15719
1195
139907
59493
99090
12026
111223
8138
15059
110224
237410
47397
6243
111823
156304
57357
171254
684810
20951
56994
295051
8085
32197
9908
27627
119461
3908
155327
59232
474477
150798
60416
143648
14517
77643
234022
141999
116192
315946
30467
48050
343174
147389
380
1866
71361
209765
87386
24787
51460
117943
94266
3914
51473
306
169409
3554
124433
64557
6260
29991
19864
52617
1031
48498
221116
272840
196810
25419
146416
50670
173108
420696
47555
13068
4746
51802
238810
448179
8770
95697
62221
15445
16515
114573
57405
183654
53651
78057
50315
29600
36067
3268
91541
17788
218
81466
1267
72883
103099
125573
467972
16735
33560
34935
97073
163311
223896
14357
22693
1486
16217
24734
55586
58465
5524
976
67938
2216
48637
25680
38463
140560
110134
15983
371089
5334
280942
174918
1845
169128
19765
77469
100335
7312
99214
86033
2190
55403
5146
4320
6422
401495
906
106066
88910
72065
35928
390876
194183
26611
62966
44541
7405
39998
111626
17454
24097
49828
16825
237522
132914
12449
171193
57789
38217
267028
11823
233107
84335
161700
115368
10712
10460
239963
8120
49308
113722
27314
60718
7196
55288
1032
3602
210947
21538
199055
26860
48606
330860
95208
227302
27290
390994
206534
7795
110643
28500
54646
14589
216113
2630
230268
21995
164846
90582
279350
95759
90313
19160
24092
161589
5769
255184
481928
6852
118899
45937
48966
148059
31872
199044
1724
114199
0
25985
40564
33628
107569
226971
100930
22253
76234
40491
5526
269020
50342
57927
7664
3710
59518
8296
150308
20564
70897
39605
259220
11221
21624
120510
94497
80112
4466
785
16300
75710
170982
301481
26128
26004
72
213689
15332
23321
30172
48251
266132
27097
163811
13776
36800
340847
138055
125414
107972
595441
241259
143586
7893
19759
283615
6702
35593
88996
284892
82824
351004
23051
180335
28271
85388
202145
2724
13561
372268
60774
18106
55307
235305
60748
166276
213129
227948
77244
50484
150886
78656
402991
326277
253911
1844
344572
64412
154127
73559
195844
11371
107529
33827
5495
48027
11871
2146
16951
169967
396908
20723
11050
101034
28380
66255
144311
342911
25559
68053
316834
9425
39348
40360
4077
57130
338733
92805
37658
96619
27050
185068
168702
49537
118486
564258
30126
179289
29344
119157
281699
579895
350463
160577
179192
227452
24640
111653
17851
60473
355972
20086
12845
479985
314215
13586
47376
33285
35553
62276
6262
46856
416339
2252
82664
31825
2834
366519
30722
282615
6657
82686
113086
1340
39841
422459
33915
683260
43951
106994
113131
195614
8708
70422
91475
156331
47822
211411
49792
29394
711740
91905
0
26673
98519
60928
585735
74647
128417
51329
523654
183131
137437
87047
118935
30908
127789
51178
5534
642804
187362
261653
7682
233884
5339
12628
4514
26308
102458
97599
5142
112313
60444
209486
0
30718
8972
23525
1093
177559
130872
238575
8023
6714
305659
11307
24385
233819
430803
182371
53644
50717
57606
231499
6400
98459
7325
9975
13312
64912
115875
12554
523
19218
141875
1417
241168
65050
10778
7661
2938
19855
189430
19169
148644
20523
30974
146798
114184
344409
309143
288991
47760
489802
42665
802709
229933
60823
801
5066
13446
18675
88523
21343
5560
75002
46015
161177
11564
116522
86280
3139
398722
8732
142249
15857
71589
409513
57586
0
56303
9647
35530
53694
236830
122176
233119
34414
23761
462961
779012
16300
35693
11546
184420
14846
695275
3338
54471
158182
1837
66691
134925
5392
57870
86114
206699
361431
54042
233222
129483
79699
5379
143320
43212
358083
483
161250
401895
874
523894
93721
71469
44502
54191
294014
71352
340026
40145
752771
250321
29316
199372
37283
441
113839
126589
2510
56187
699
278323
7977
70348
203191
180452
37908
61996
432080
41179
671
245433
18765
54926
2454
120209
104284
961
195187
54477
116294
152671
20516
97102
278030
96105
226021
9627
177792
56185
25488
52567
221901
233522
37784
42400
232121
11288
99201
5451
39687
87033
39147
12317
165720
113592
140887
87002
535139
194234
315622
27773
23346
11763
181122
18707
79674
104526
85992
52793
579074
9175
182349
47386
298427
5212
1829
118539
13966
209838
21935
60721
18471
275527
13559
45370
182537
130153
2888
140633
73635
27454
27304
39078
37531
174376
24177
167022
64803
96147
5006
357247
68152
716926
29842
1373
10465
66243
52690
161836
80075
29415
2171
155687
545
191297
66696
46694
91439
227784
28830
24104
226432
37914
221342
157958
121898
25562
1317
23107
308896
91345
268059
47636
37792
77346
77783
51308
16769
32751
246397
7390
303518
208880
9383
39248
217030
7797
141133
4989
41446
304612
13242
207356
441146
86071
111960
76920
52070
12566
186055
96621
487006
27427
32952
78627
34399
390794
492090
60127
227837
245903
187223
157741
3244
559807
14766
249114
163767
107904
217214
25433
27756
37514
109324
73058
2933
86412
460789
70419
27108
40077
197414
57480
58827
15712
46091
128147
755
91526
8225
165267
58118
55626
370437
263662
90485
402519
22198
53319
7213
160199
10001
13944
174944
141101
105
1599
121532
164207
16875
9968
249296
59204
446854
266990
29493
149395
38
221135
35697
40219
117857
118457
11233
61755
112815
0
39509
56971
83530
106662
79123
265795
36182
80640
77296
49686
63617
4017
327217
296020
59776
408790
18360
1229
13855
526650
12459
22899
292943
30610
258201
73518
2235
8450
28371
366834
69961
110890
422681
28403
257014
4884
63285
113535
91068
69950
1456
284917
95065
92722
258957
38662
135878
144694
18596
112751
207507
34728
446702
172927
153145
9724
47886
101881
84023
16668
87516
96259
44435
392689
383540
90510
131
60004
43819
146317
0
33400
32508
54719
132180
26991
120709
70586
3204
48501
45872
14660
90937
43725
8169
113363
49064
5050
17355
4194
424124
18965
461084
53643
203525
89368
83816
42844
139387
49962
67784
188595
344015
13772
7599
328247
117611
412770
37274
129117
6189
278976
271040
124326
504035
2309
504289
15510
54249
135621
105201
366956
17363
103693
46497
11121
65813
1621
53411
57465
4667
336633
4728
76721
267075
31101
47197
4420
101652
67445
131497
112901
10405
359542
3033
77189
4658
279510
23834
227395
36093
230426
54513
190973
10482
357403
83712
6001
41337
3780
408461
10225
4791
35616
1114821
63149
103525
31230
517215
30380
97794
526843
167046
29172
206248
28855
356010
44139
98899
72369
838
135567
176492
29889
240439
2279
72377
113995
411426
139881
14830
1857
188223
64379
373296
78007
18306
20668
223437
567560
76783
460387
186420
47588
88319
38524
7017
111802
33162
10483
355552
69177
141267
94311
63011
58368
273873
187261
277848
266758
30710
48427
176303
50442
317230
4499
18898
44299
110339
168072
96479
13825
76632
19021
2753
21572
37116
138533
224717
124103
172969
166604
44860
192794
114658
84198
13192
618740
12351
122537
13648
176351
9240
167441
343473
18140
32181
491617
2511
61948
209925
754254
15425
116500
333983
165122
126623
51624
18558
83495
156985
23707
188601
627913
42995
78032
107071
21811
3094
38459
27285
33161
9902
80457
40638
2849
246519
57935
139567
237281
77474
326063
15211
428030
89670
17136
64395
182414
92908
258945
29782
94332
81864
452046
26957
510635
10551
719323
79404
2943
172627
28644
107517
16496
226017
227138
30656
295779
136478
75749
1299
62890
26142
48110
80421
64986
158794
123731
50783
69999
336279
51744
7435
120896
110275
194185
49874
135501
0
394375
3447
466039
37279
55803
6013
143309
36188
343179
242166
44620
152584
3257
82377
67465
295503
11819
42128
57684
1072
77039
17369
324805
57745
525086
98426
40166
114532
16871
141363
436401
211234
23147
74895
37999
303261
59476
29090
668017
263843
40783
131189
17533
133443
16793
227120
23896
7824
37641
609867
91490
98844
48536
158457
59568
29899
94172
723473
45582
215825
63952
268834
5197
6283
144335
17810
231114
5830
4908
410773
58420
125938
120629
214573
279989
1887
87220
13699
126439
66172
207351
88891
79214
10089
8663
434442
508744
18164
299331
42531
32809
92071
56474
43036
18015
177824
147697
286987
28263
154238
120669
401318
49335
619873
19995
155271
543395
135936
300077
43184
224519
162575
176117
75294
164612
19079
51131
232250
131525
777883
139839
58538
67815
206266
268156
1694
55564
53062
267242
9646
295524
39381
311312
75194
155237
3460
83239
200818
104094
589296
14667
225426
147609
471861
314034
36964
27928
265039
100351
15057
238543
37331
51470
5873
282777
61023
37021
13231
168186
269123
429298
547603
477
9224
246193
28218
158917
180206
317673
80046
12913
157421
168899
26838
410641
50177
85098
189098
19185
16656
311775
4624
125661
73754
55496
47487
252082
13017
392367
46943
8238
422086
73647
91669
23696
115659
76396
80570
8301
10932
424964
56694
73879
8670
102462
169
85092
526673
202881
2425
5392
10945
19955
126330
5492
438745
25843
145734
80427
18470
82060
342917
269481
71197
4340
207418
130393
35977
250029
22715
147448
215705
373148
220821
56025
7584
494507
174302
92426
36549
92876
7264
11103
157462
40381
201380
70309
76482
15152
101947
165698
63333
70672
121200
135277
171606
278619
170556
233159
2447
84709
479078
289884
111090
126194
25809
85430
62427
6931
67212
23237
37524
1341
8074
138836
148305
29378
49728
7945
4707
15999
128411
4936
6552
221801
31681
58586
82449
131181
182886
250226
106122
382355
116330
82765
253879
76003
135008
137009
187464
206849
99657
231793
105412
71809
19724
255862
6392
108918
175643
123337
77091
3082
3798
59691
105387
100999
67161
277611
1751
307778
271565
306032
153193
84339
1819
377090
365
369240
278487
90242
81140
12199
169088
16085
37422
140127
6101
74371
127517
375186
120079
61331
16317
49128
82553
24159
151313
61617
21457
210702
27868
103626
134151
374511
36298
285841
266912
2949
273474
21059
419773
17336
145008
68140
168899
567178
31388
202012
247728
11797
141063
17489
9653
61541
236255
28921
497145
1186
277003
173163
478980
25263
93443
137701
93404
90302
32440
4141
287857
17153
608914
28725
21649
2406
21460
56187
114149
18247
155662
50783
35083
285652
4668
125719
34898
81665
771114
154697
445351
23731
75132
6334
212245
69602
81125
192896
15439
2780
462788
1713
336924
371722
58564
33271
281590
10865
24924
606693
3426
370831
138356
109117
552270
70212
41423
9612
14695
595768
19363
624857
9248
161519
32811
74932
18618
53444
2138
46524
223223
72687
18833
43724
17582
63892
289677
94900
12463
114946
8832
5184
3780
153565
149360
82130
61709
546040
67659
32537
121099
82908
13470
112052
27500
442852
102576
10489
185514
65596
752752
99105
78717
182606
52703
127580
14702
57914
44023
197273
88580
77851
429367
62588
140940
421728
44590
218704
646624
10967
38807
77188
70733
155907
267954
95448
435391
70120
35818
27004
149978
109907
141561
93270
16222
767700
24244
50619
79216
163076
62624
195072
203790
11658
2450
265530
229211
147997
8030
77602
45983
0
429138
0
23561
21838
24351
45679
7286
38990
126875
469001
43144
97862
10346
60628
271028
191044
224799
60968
304797
368987
81203
37298
138782
42644
3803
190902
185719
288127
282300
71938
297799
32084
84924
8838
450748
62514
530141
103180
187098
95459
315988
1209
263928
18403
180951
9203
218453
6178
13683
0
9537
496870
31711
431080
235999
647
997
439110
24550
40255
154387
59161
45595
173006
483729
97969
154338
296612
0
54116
8030
33788
279432
26188
59797
100529
291
59787
1212
1321
5046
89810
170278
12818
2486
75292
9325
410766
12160
464198
14880
293188
168923
24301
0
1182
114434
4072
145167
35039
158153
53435
46556
36763
189081
532760
385209
25872
247537
546468
40327
188024
42035
315977
1999
2417
341533
14124
65769
150348
21032
18296
3314
264839
287667
188324
325124
31650
223230
63475
5387
309509
190251
334093
146587
392206
36589
261717
46402
123903
465020
96520
25660
107761
8558
194358
13739
320756
5564
14562
43820
23726
114160
18601
386756
409830
126588
104506
31551
75383
243738
9518
267923
29819
18517
147149
77387
1005931
102434
1287
144086
162378
54578
87371
80567
101575
23804
27843
189075
31936
717857
14720
22572
49388
2813
245757
15372
337725
55824
415589
140568
313480
1771
309511
285615
535675
54171
226707
127080
300883
99832
177736
83109
347198
72877
187864
432671
130213
30005
34704
106822
24660
208230
990553
13149
125362
71186
28827
53008
228163
146632
58620
12769
158745
473598
16211
264802
46802
11113
2806
34626
25872
221490
228802
288317
8690
416015
133715
94417
35
6592
382261
177520
66925
25918
50561
45420
266
244399
532331
10728
699701
128075
7051
190158
118974
191802
5752
159719
144282
452947
103684
191435
43261
227309
5196
61617
226970
6371
76030
18217
153295
244341
44043
209609
21977
477453
443634
317564
42598
67188
86803
57988
77641
128032
316444
601467
45103
67575
182863
298304
34616
346688
14519
9192
84669
75816
209677
386004
543391
19050
18400
10120
1930
35499
327114
97312
29696
458813
54293
4509
198812
123902
1610
31387
481209
30698
179271
159286
98576
172935
409593
6559
69184
138643
4896
487657
55470
14873
548125
447748
108289
41371
189151
20699
361656
3141
485849
102827
500424
120345
154753
138616
61034
561361
336215
61447
169539
95784
280438
335907
613422
294848
319755
57799
30216
628309
20329
135212
353540
20345
64404
180406
372806
203732
16000
24760
87130
306821
62149
38155
33701
367848
53076
478807
617770
51544
397456
64169
134513
263054
39422
14577
280797
90118
54697
298192
493479
86627
18668
13115
378347
350450
762743
53448
462549
28774
6723
249986
1044757
92432
205943
5638
39119
49448
189167
4778
482756
74844
871454
52272
45856
685398
142175
17227
244
147486
265
66738
268520
22091
92117
351677
748542
8431
52220
17910
83300
141286
45142
305472
150395
49125
227253
21340
383190
159557
69481
380649
10676
375946
389309
81478
30243
3243
7480
188419
254591
45923
72382
170442
539869
5261
2242
53539
85102
1549
207700
283453
19472
46663
42442
226871
88848
93928
6478
195216
257622
175013
328418
94184
24159
108581
79929
18991
130372
36505
880611
122880
4797
571
12416
24449
53859
8739
400173
963
26380
140243
102514
34570
1101
120844
3701
278136
39546
171876
313137
34931
158251
2585
534459
94399
365430
1735
39645
458459
203830
150759
89375
32061
149226
32570
28297
524082
175537
147600
429993
58923
14601
121727
235520
546439
161129
202216
466922
158042
39690
442323
120308
205734
1844
474351
726420
13319
147302
140843
32794
23178
43433
176740
18899
52198
452512
99672
828539
40782
5600
200501
210240
11278
382418
6886
284173
295821
16461
21780
26568
121364
110106
22563
14042
142183
241820
89392
358087
8477
17246
430419
109661
321018
137807
331419
37543
116742
39431
520
3086
325943
37132
438416
230658
131774
18874
31887
24057
64339
534566
580692
690858
3674
119399
49292
107873
115026
56887
12890
14529
28424
57788
64852
54035
159039
226371
237509
317376
97106
33944
271296
73258
180968
12220
438815
392385
12859
196166
159892
70908
84892
324936
595064
57318
4193
117714
131410
17361
47670
218627
11622
51872
209011
19835
47874
498674
10827
427294
153044
53554
681035
8716
79847
51283
27174
48002
30615
237674
106939
20665
31064
21228
148903
128018
9920
31011
447603
8747
34900
4013
89923
549926
9018
320265
31035
369618
60404
7281
49209
46676
65298
905169
22004
96155
69537
18670
3257
330764
207791
67019
604343
296229
46131
179209
22949
63030
12454
69491
453263
138473
3599
277246
378799
6442
167522
2275
77764
96235
612610
197781
430859
23331
8430
25583
193319
27860
40995
91094
75375
159774
78023
9544
18522
427344
125185
155879
25240
136005
179725
7807
90084
47200
23447
32399
538324
28203
807757
216051
13704
581499
11420
39583
387193
114722
119357
632652
347272
44249
130895
31744
278232
28423
8446
26552
326114
7172
61996
508605
106396
124540
945463
765753
163582
106591
2887
52445
31260
92616
167176
12750
701823
318992
19858
3983
61452
58435
0
265420
24517
1261
25693
84687
340610
8575
294009
762649
361415
197323
467052
2556
261679
12719
531983
604509
130995
20837
505740
26924
128623
707727
37677
697426
86094
698853
141984
191786
62819
207001
242572
1387
93411
303730
64223
41853
217774
140099
351660
313296
51940
98460
101775
24448
90179
8408
439482
119078
41586
96642
557140
713908
455439
2376
5403
642517
14220
5952
386773
86515
273706
52205
52309
88655
626367
127489
92184
317874
76483
304979
6362
231053
4394
27035
454756
73273
308787
141712
781362
85330
9307
74537
29880
144153
3111
19872
154652
184283
123182
48245
323822
51727
108568
13450
939793
238985
16014
85888
38752
241414
114549
318191
4169
24738
652897
44136
435832
108827
2479
126813
127195
654804
493035
224804
29475
58482
13937
102030
18232
42215
33663
340341
25379
278778
1790
430024
142274
90862
738293
333122
215715
14899
225895
201657
140125
453030
13517
15477
544192
3748
441764
114047
18052
495911
182943
597916
258812
21422
176870
20412
80138
226338
51597
19240
144505
189941
271828
907167
403238
15171
129450
2814
81474
10165
58597
19825
33409
86144
31428
137534
383506
12594
300004
23301
36937
1153789
17473
35324
1035
117781
66327
105026
13202
145964
71118
123874
1182
440690
4850
24668
448767
97942
16258
21519
225281
81849
897076
16549
213353
300800
23959
171044
53810
580259
392135
7074
298224
131185
23822
578
234455
143345
530134
151660
6920
72747
608098
149546
419920
44090
229731
18566
69904
15293
527278
249797
323517
78788
799232
744872
249089
113453
71898
70239
66091
29451
68516
67565
940967
365
38262
205506
242070
140991
439516
185635
57761
0
373093
26558
13832
75367
13288
203446
141108
771988
30634
79876
10070
114469
55326
448645
260232
7054
7182
244965
241269
67910
5528
326703
110801
9278
91262
4700
194641
35930
105002
338834
40378
242842
8814
22994
3157
461346
9751
139740
3271
479361
220902
181094
6655
275418
212672
12389
106048
22423
51783
149058
322594
25826
12759
54082
43456
662834
65251
280185
159578
94001
69462
5360
131395
1609
226497
223203
537925
216549
1533
5338
189540
116013
608197
75738
519342
5332
204124
737201
21320
181140
68978
390868
773
341319
42452
114186
86445
623335
148012
74455
17482
77507
17183
2134
166249
172363
262120
49774
451464
18740
550782
89370
667939
22210
62136
468687
15629
48890
24027
199220
25728
91614
545594
35635
24278
10702
519346
8846
608879
595592
53304
59971
74357
461599
153542
5513
148444
281078
28102
560118
31278
127677
17536
270264
18382
191756
469
79501
714791
174698
91859
359679
5692
37243
285888
204858
212329
160502
12246
247616
76818
57128
43381
151944
33700
8170
147618
148196
99743
294200
19471
209510
814632
217476
309993
258855
707054
540353
526481
85320
204734
95971
62028
2040
222694
14167
1242
13556
599728
295246
109224
79908
203271
374915
22570
202365
205698
244935
44889
965099
1773
306753
66052
225497
32607
167339
154798
492742
222206
29568
108675
2560
290826
16308
39355
137323
85743
7513
131817
625841
3014
33649
394380
108434
16396
900225
109698
1026101
8935
108718
82044
120014
5937
319064
7490
13512
54841
219614
325660
95171
96400
60346
66511
101580
23759
219318
3036
332474
16666
166098
107211
93038
90555
38456
360024
450670
313119
255421
106817
28705
153804
78726
78480
89380
71136
87768
169341
352637
12045
266449
501523
2895
146726
19245
46708
83348
16809
278518
3053
158634
285597
10601
307351
68051
786758
144984
224172
458640
31512
4236
216469
91494
3890
13695
198758
136718
666641
47276
219984
297991
27212
137703
56753
221020
19039
1303
55272
791782
33443
68383
331
43755
508737
2731
435527
211287
84658
54254
1791
328149
52478
145663
358272
22171
20801
555990
26055
86935
618894
23683
123790
113772
561765
283178
63800
126743
11627
277794
24132
30396
134700
24897
113232
127264
28618
337965
209950
102521
186813
38337
288423
469928
570517
101267
48659
108746
89209
94781
161514
32104
440903
342953
5352
103961
19041
131606
262725
13686
552824
41203
459521
10431
633984
124854
422565
78475
541731
389706
146004
55652
238097
101662
1116478
250
215495
202080
132655
58563
268444
161460
499283
456
61832
887563
4114
345195
282606
288064
84063
267226
20356
765301
582331
34730
755579
36886
13185
504555
472008
271751
114819
54689
70320
264042
90267
672693
5424
37072
65057
106862
30726
263725
11463
140191
202726
145987
108724
781413
8116
311382
515377
120149
68688
30959
394777
51428
164845
183221
134731
17030
197709
496715
54198
237285
7112
230914
271431
85381
490217
95741
424928
198487
722109
71782
118569
84831
8061
312791
50821
21201
98588
46060
358377
9044
949769
104981
15078
37702
373448
56423
97228
2510
241923
49509
111943
16810
103561
25986
149328
96740
399444
411780
137685
588588
486153
171812
4004
75778
88730
86719
216304
206028
514545
529465
47869
4902
19205
22714
162361
6497
32243
45623
83987
29674
683087
10543
794417
515721
28849
118228
81105
1387704
18354
159963
93979
88564
323212
9517
110801
311279
110965
168564
24822
617132
72145
20539
313548
54279
526518
393284
1536
3390
98419
20956
696276
95262
366766
20199
104823
116450
5860
149966
10909
212125
155849
203594
26618
17655
372605
554414
73682
103174
390470
2256
192424
108550
145086
51366
376406
287121
21472
40104
542296
204585
389029
284777
8617
228007
733229
29906
201446
240798
806903
18450
27516
698745
17110
155277
16938
9334
269805
72183
341123
270477
37036
187772
351963
503507
132188
95020
450647
11959
1111267
9798
73374
119175
186285
170794
339853
30696
336901
555543
34413
173151
641093
24334
246304
65976
43447
29202
53749
41225
144692
721817
455017
738021
42110
101050
283333
2217
182294
2169
53253
65196
61930
112058
46720
72383
19409
518217
33099
452611
224534
109353
86179
121833
423887
471594
100423
366145
197171
169311
554644
118987
179088
11040
512388
33686
111272
22842
183858
1549
293220
599195
67546
86581
63878
741538
107624
55732
9960
99354
385191
3234
0
584842
676796
178237
335594
161322
7174
189964
64847
192453
70801
16006
547766
140348
273927
11888
212905
89667
88102
25196
91320
812515
5812
55659
94786
3550
66663
27221
22332
80311
739843
117745
14050
342927
22889
224838
57147
706999
94198
449539
729800
994
177678
14494
287191
92820
7728
12496
117574
547
59521
1216959
2446
20595
92170
183210
179268
55503
367875
171543
128651
262355
14425
1123463
610699
129914
95928
139117
419351
234655
27865
73666
292465
9210
209775
47323
4561
624889
526425
5501
420535
75376
202880
87145
6809
45180
30334
187451
119246
13248
466595
188872
51360
144082
64481
83843
311533
387118
4798
10651
414486
48068
119727
17842
91001
149749
13853
312615
15310
19749
104314
2135
13984
377583
138194
57666
398516
22794
166027
3906
39474
158426
14173
306520
302544
21480
151294
247960
87527
80587
171676
147208
697073
11935
41736
245285
115015
48584
661795
427340
7806
13076
129352
13811
378917
4080
63585
629917
191209
60110
50397
56282
75032
6028
106194
575410
13320
192556
37190
343467
14775
816974
248196
542426
13939
313893
32685
205256
178551
936933
119148
584851
448454
138461
89671
14029
222265
175791
70446
56240
9596
815076
139097
263965
4740
25891
333351
83712
344542
10369
90199
76526
170687
147613
479871
145949
14261
42263
619437
24826
247974
21010
503488
158048
37203
53684
631466
46186
60009
31252
202363
3353
92547
81918
71525
319063
11739
284012
257987
265031
6271
559683
95564
243933
110925
43302
587517
233110
8077
18677
81432
374746
26353
22348
232129
161232
115173
120991
734688
467427
40755
135390
419435
14193
641566
37613
125965
505824
97674
221017
285639
107634
374656
116606
358036
39377
58042
90360
123044
17913
23620
36168
23356
339644
30616
234492
155074
139741
2116
73744
279241
31837
74029
23075
12812
195781
87257
132776
86514
181268
475424
19544
114473
279520
423192
260772
97318
137821
40569
84811
35544
4594
36763
40262
111183
14354
371716
231658
198156
6960
68511
530574
38438
18905
105217
170196
87152
401638
97020
39233
407677
253227
246447
104861
313181
43529
227525
989299
3509
591958
583909
145595
75854
436097
202300
7564
407317
171367
100735
604298
12984
8339
222194
81636
126900
93011
409210
202114
48598
29056
549009
3985
123086
307928
2022
131407
95698
468853
80346
31702
650803
40934
119365
344538
61018
61922
41402
5822
201925
172121
172264
34471
445233
693708
35822
414870
239052
10248
810730
30997
27933
222215
248122
146292
49720
263565
726669
21478
48248
457393
68256
390618
62008
335743
42913
46592
31566
283497
204606
6999
227211
38983
70377
13436
209266
353162
144529
652057
587406
160343
58472
136279
11102
97557
313631
413703
550
146360
256287
127995
88025
61906
343
123015
34704
55414
738036
8337
43706
127454
673448
12655
118840
30350
133933
20620
185558
119931
862724
14186
40323
201975
328760
88727
517990
51814
446174
142854
431258
98338
174828
191910
686394
592471
70368
810087
2836
11678
26168
128139
438242
41055
573556
1179
137308
82634
840784
10031
110060
273332
141056
586774
51265
938071
227389
63553
654842
542219
334746
55278
113497
20945
304963
43502
75601
473244
155563
76967
370059
58811
189631
154797
42516
441651
168618
466081
63588
404792
382757
37448
343762
28105
352230
1005886
73533
576509
20965
389434
98699
297844
201629
170294
447
172258
45027
68993
79788
2190
892364
9506
124776
7760
259444
12612
205879
89135
165458
10373
396481
10899
306733
158595
556311
315590
1053320
68855
48379
245844
261429
54523
28221
325709
370407
14027
44256
523235
92160
566650
16835
212936
66741
427425
204358
201257
264060
199970
43235
21615
500704
293585
103999
323543
112423
439984
25909
183167
16983
89294
4123
33740
309737
37242
514825
276841
371385
915560
176953
14293
970868
87119
338236
125656
14268
139817
15380
330913
128381
717888
230422
512656
14843
180098
36933
16152
181641
1513448
114570
508485
103524
40837
334365
112864
89939
506944
71278
68034
64642
115212
20922
258291
173301
273881
78160
53099
42604
232814
186332
10011
294561
18796
12188
137068
35793
292655
58070
120887
38126
648374
216463
25215
100045
79836
73151
311496
294986
91588
8540
30958
6714
614425
286336
104906
29666
84162
18707
35808
195811
49060
30285
343299
42993
197896
604034
61513
35847
94024
57850
511160
346512
2487
166101
1909
12089
106717
57643
82732
63707
361369
108382
1072279
202233
18930
837852
365
1292
400980
92937
130926
1099282
956784
58932
408642
15403
628535
188230
21458
17977
134064
249647
350194
207000
160773
24262
1777191
187239
247391
125266
49809
32348
239891
138625
331925
162983
200756
68671
16587
79471
244760
8610
568509
372333
799100
219115
8453
103338
34309
19533
98623
78519
34647
191578
1116602
456256
248078
41453
4496
356232
9097
259609
185016
12788
299860
80801
361518
26161
183647
67634
673076
79623
82950
31633
1074754
13533
446234
2779
2796
30983
72235
356170
107685
58528
1023567
335436
88456
323679
574282
20547
52486
14754
4313
338946
97048
218441
5648
90438
122580
129345
141063
407961
11800
427650
1053771
295518
4641
72104
102441
47529
143898
64878
295794
252618
159993
200350
205946
1322856
938
81901
340863
166444
2940
31584
2706
40096
7025
314347
139056
156500
0
51908
447262
82684
847604
1190
209114
352754
56966
23885
24057
694001
80869
708441
417465
230179
14539
788798
375636
210508
47967
21347
180473
34338
118521
47757
187107
82483
358353
16476
327102
532585
30148
31008
1740
480201
345278
62325
216716
119615
136237
21597
54293
209535
149899
141198
412485
19585
107880
149349
292879
633870
3187
253697
480966
54528
192
676180
35467
26508
285332
109866
138868
115003
6868
335752
110472
24962
179089
520809
36423
118625
279550
264553
48068
234166
146629
152513
6582
66709
122811
88335
125217
3892
1024763
1746839
81879
298706
2877
58647
3158
248154
373866
100399
47051
153893
21512
109853
33572
120398
13372
33521
386380
10190
752114
18440
41072
341159
97866
69543
29067
79250
41553
52510
402851
82724
603227
232878
3002
37407
197164
579391
142136
160226
172094
149070
55017
350465
12997
167230
154515
386824
780836
357808
56167
106363
6148
73639
6551
118166
105717
120471
35229
392576
113930
44955
324365
139460
806
26854
234406
0
99392
37238
384984
504768
329082
302420
13917
240280
14131
66786
96225
36876
48213
216410
55032
817957
5370
86038
53988
71058
134337
67791
84710
9017
89173
624410
703253
555607
59667
45505
914854
168770
519152
42838
549500
94269
69667
231826
2031
85079
624763
770635
15549
2398
368587
1268070
1481
74179
52067
223133
199071
465533
1476
479
3821
88949
11292
48622
575936
285970
20812
239208
32817
93899
175045
48403
33667
113357
269811
8870
5438
89429
414656
127830
388691
114435
108968
150477
3578
38844
464366
113844
98496
344636
15507
94421
130529
84865
58542
843768
520288
20220
80189
474771
199675
613672
253024
347178
33451
445746
87868
4064
123921
23331
355015
68473
385322
230885
148912
319773
232548
464708
57448
40911
521037
27499
365287
20703
18068
534501
61475
355493
113305
46736
374855
151090
420706
65765
201209
164646
878736
264096
1255302
215525
205504
6221
25983
399710
147642
0
411998
304750
729034
242317
1348695
34913
457694
1988
271965
65504
103447
11970
421589
30162
251256
271888
83255
196598
315437
90643
553255
23208
676681
11409
464808
1064050
49446
3624
310680
831455
337
312676
26263
138595
33169
406194
61887
77955
464321
62044
14199
155752
27600
306282
27502
2673
23092
7030
122324
111495
220689
17465
83070
84899
57804
277160
281914
59279
1487139
66893
450098
83748
326707
3866
665657
8983
3457
340776
8210
101980
62384
268778
46226
43293
108532
27821
2129
808751
150787
187364
92140
37694
529604
2
279974
27397
369125
934523
223657
1333320
162671
461750
274135
276241
105794
223425
37916
361346
241675
58270
38285
79720
537621
120831
561676
38668
176624
87784
319549
865234
164714
79801
312679
9849
248210
1272595
212754
193348
346108
127939
140187
54648
54348
6164
455230
75741
7140
919868
387722
25446
836566
120096
79443
43071
107955
61417
51346
127209
125540
66247
62437
6124
184282
168607
36748
77980
70039
693973
580567
6680
1446156
21295
162846
646770
206359
156098
9130
13328
506702
3193
923479
26149
345438
419943
69933
789904
479
451335
3514
339729
715385
39388
868440
477035
89787
122799
86929
403499
527289
215101
102257
204875
188174
562243
121717
268844
140959
641311
715598
452644
161573
38117
163281
10404
742732
5055
49348
159674
53851
227906
5798
127484
119135
99975
243092
150306
279031
33674
1217
75943
186827
134653
25930
297721
299296
198378
3355
350108
137679
100022
68563
1125221
75856
607
43247
345920
822948
117349
996308
127854
32808
47398
59106
196199
18145
81192
79365
17587
487071
318623
92729
115427
100382
961
82809
16372
109027
160044
187589
23479
2659
164018
27582
241574
3068
144594
6786
584067
208834
11053
6689
92150
16960
202543
57062
753986
490839
27570
16277
30744
36322
52642
832951
36715
216896
281344
250021
317589
43892
244914
46392
565508
17049
2709
587025
306478
3709
130130
106184
40134
88215
1018
132413
633991
225851
12248
245555
22904
246201
264857
232919
240173
19045
412264
89768
1611404
274053
187632
8351
250754
87844
403677
33990
152461
726202
61559
470297
213197
185247
49304
48428
77598
9088
493042
108472
27782
1135492
10147
398078
344258
322543
83842
271645
1043217
549162
86179
24526
791842
66309
86974
453318
257991
349010
377123
13147
116661
331105
2737
549774
10730
177546
39903
145100
345189
90717
21967
136467
0
21244
323572
87241
276848
682534
142258
58402
230136
519922
148340
52609
2446
262939
38514
203945
328149
305052
130653
65113
58131
22750
160570
33512
348068
16943
310210
17066
332201
2708
92057
9241
321892
588592
204328
268913
104700
197837
18233
494841
4084
200086
415725
9928
904667
29097
786080
79261
255873
5212
68881
79455
46759
20753
23210
8032
112469
94661
11961
350890
87957
12994
557436
21963
46388
3365
422789
124643
20744
42186
52745
126929
503563
329206
23477
186710
524917
4866
2033
1143664
572912
47531
13924
485739
75242
271154
76486
21857
625449
81963
295346
306885
281459
373198
58432
23150
510032
1903
91894
199764
415426
3093
166756
1220261
292548
53771
61974
167268
636795
14813
684111
834279
33087
190519
10360
232353
170216
60003
398095
43361
542882
49069
577871
308333
43719
51480
281398
130805
823767
546705
334939
85418
16050
177066
90133
130954
14223
46294
37443
268834
810166
54414
117093
95393
308561
96701
917248
12731
1166738
28228
382286
64221
336286
413306
12908
496341
140266
3932
171884
66787
805261
122090
152075
590698
47911
86923
244875
700220
16678
401974
115206
19791
144158
241608
637
323704
119982
142930
25035
271171
66288
277738
32381
146930
2087
56885
696204
9933
553296
59173
210970
1576
229761
303108
1047751
466194
12167
1409421
473874
36721
724712
120372
43435
239656
148271
154082
9500
103012
26859
887155
14444
146876
31415
51655
378399
67262
717664
110157
27011
236440
447009
568189
174739
157292
276367
464088
181035
11154
569272
0
45926
58818
144290
31507
638044
415579
134688
289113
377541
146897
358559
260448
233165
45491
130832
389274
9114
399965
22016
45813
44382
500565
107946
280235
4227
75018
105401
82068
511792
247382
422153
929171
165349
482860
24340
234826
29813
169078
56484
190159
412291
5863
941607
218881
846764
238091
28500
34212
137687
25589
381998
1335028
18261
638121
255550
952254
1008910
480539
4390
89434
28257
136704
575304
183855
211431
532986
3992
79906
477984
730152
10909
657834
790489
52745
714315
299481
18343
69003
247385
189478
438
76579
26735
14280
16703
4355
154158
47412
199834
43043
163320
37890
12773
131654
509806
239742
281014
422435
351061
214251
81835
358796
161330
515436
5660
943245
41041
12735
106608
0
53662
485712
53300
439545
34870
7344
765486
179295
42362
627196
570382
37781
335314
1311031
212347
21651
140389
6985
201553
14295
520218
257262
404329
128621
111581
64408
462621
130459
7678
199397
37654
232465
417611
475146
3478
65800
641824
15265
143484
48850
220030
7620
49150
38203
28059
631164
59347
80622
25691
932195
33713
66110
9627
368385
34447
330548
1217475
11795
750947
270913
305966
33793
150941
115067
65158
7377
164817
146993
49087
186587
1449374
53742
659326
63478
747223
33499
322043
148613
262612
88319
343830
38965
71482
237887
280530
172556
106505
422051
382339
454515
69110
6771
395696
257085
602349
30876
211690
9842
179241
380278
175351
166823
80091
76097
33498
90791
92107
122824
206771
16111
575259
125621
1874
64576
2392
100488
465307
599700
83828
201210
161117
509488
60776
252409
174448
37935
359106
88287
65975
73461
13376
930
527692
105771
119015
9509
14398
28816
184346
3879
427793
21242
775349
348694
144540
674289
44730
16511
160684
28187
311908
32816
641219
84475
714746
73884
20191
367481
363780
447945
184769
35519
347707
585497
76138
309479
729974
508241
156556
232068
75319
480619
281134
109623
923291
723225
204065
70632
745794
32306
151294
23759
289555
319022
82152
440931
352971
26364
66383
246401
2959
425737
82442
55109
827807
351978
129676
39682
1436338
228140
178688
16932
10519
28749
52173
62947
6236
82355
26887
26956
80164
609439
6776
84117
42183
946695
10156
430752
186923
71941
872661
361711
12851
7320
32491
463237
1551969
200708
349996
201975
675392
191242
802693
22895
142633
52603
182130
22745
317552
15118
339466
10834
31311
832409
13881
92492
4244
685774
339429
81016
100932
473565
6725
126002
12812
105420
439795
778717
46433
104291
684794
17235
347
62113
149261
1359473
65937
187647
127972
6668
206115
26346
954595
64587
246396
72296
25460
529897
196481
700659
1665
135013
80023
6651
103488
217007
394978
82686
208511
76314
206494
305925
260719
615365
86555
15512
279585
48357
141869
220767
19319
412636
177386
9026
136766
2407
182602
119916
7420
349171
339
73204
983781
128247
133284
235352
1052841
347611
185111
46793
79911
418485
8470
121045
8654
339080
190990
211081
928558
96663
99498
322284
8379
65129
258815
240099
159622
258836
48480
23529
59791
21074
39554
11156
22666
682454
311088
21356
446506
146347
138174
40222
1305993
16300
288051
188433
108335
841974
84353
6138
232113
11455
371503
88924
198017
166337
39536
295584
214633
21125
182420
81938
54413
258764
9810
399951
11882
8300
500232
7534
179504
31968
70803
63083
683477
474830
241050
193405
27123
167630
28009
124869
9691
559701
74846
253838
164581
286550
261689
857002
12742
101793
12605
82290
1001270
282534
653460
1038533
270103
303072
96300
21887
476123
15695
3126
39641
115199
210787
1011122
8244
18761
933058
500040
38409
147046
458165
106465
87882
49746
66511
1015149
53303
213882
291506
117828
160883
71612
341695
18176
6412
356438
32444
323976
1104797
724
86578
205704
29314
6854
186172
12542
142903
7718
12606
459330
496145
165005
97170
1383171
593384
106661
53165
42823
903179
94268
173465
81852
21636
978154
796405
284314
125687
150707
7320
577881
36184
471166
848208
172513
59418
27976
134241
55306
144229
71693
8242
97960
145639
330385
417886
325913
99279
180120
541642
223671
141020
557235
17815
98311
220423
8904
495751
127348
5212
1321452
6001
509031
805
380181
28807
470373
253444
415832
3146
29426
505784
252532
29161
374
38119
746308
55350
130064
965602
10572
154798
68130
453155
196265
15072
210990
384655
74101
755855
113728
966989
428122
7133
335857
22640
237869
259031
449973
88830
532527
14745
448277
9253
157311
25258
65927
242285
418072
48302
151700
16460
139800
380948
27397
619121
63943
243521
2696
71775
104008
2556
55501
67183
298897
137647
667774
207102
338256
110754
135017
14759
417400
9521
155919
400570
128780
1056463
159117
145642
434201
204936
2059
376632
645174
74689
934250
478940
237859
123887
116015
27887
3902
175116
35235
44740
6593
168105
58229
70582
75375
84104
32359
200686
145400
166527
892857
16463
392300
223879
94195
317389
248015
403615
3249
615430
793089
119477
163082
122418
90917
59620
109442
655261
588533
36707
1327905
1028778
64441
94380
419168
684195
556489
167105
24028
5593
249167
39556
347739
1470820
10623
703635
162867
121401
278177
105293
194666
2501
227308
365023
102941
983969
6338
41377
227332
42968
130607
164597
73914
432460
20531
161217
14230
82229
122932
340644
219051
60600
88772
301806
144282
161278
540005
39516
201970
155119
183669
0
243996
657114
115095
68079
385582
29697
368345
17248
336
47148
10573
1180485
4938
406885
5818
241941
66219
507249
92264
200162
20161
197676
230696
282310
56970
15823
36847
38206
23102
404565
233188
179257
651051
666351
130416
7490
3062
101577
75570
76354
533330
133778
576491
84519
714680
101319
477479
515
417428
2482
41963
655126
199490
328752
441601
52037
661089
136152
278100
195067
585976
9075
203041
337312
168380
386439
82402
11628
59251
236082
498951
881775
111962
751888
123601
271165
111471
39898
3998
8177
62439
3700
731845
234734
33226
110463
49667
2456
6809
22705
485572
83608
267996
682226
12097
5914
293
854550
175213
41878
46101
130760
47064
144123
4306
183692
168439
721353
52245
118536
380599
859569
465723
180436
6039
618926
52431
214450
5477
801944
17580
422235
4696
4400
199388
1341433
18349
39294
1307597
36354
713045
43756
163767
324107
408859
38181
94708
123703
270226
697700
120678
562318
77128
450168
91
31352
41368
310378
7780
1055310
2919
556484
37344
28809
313986
94034
103235
78973
371082
417652
6577
903948
231920
220319
1387578
442296
16200
701117
13865
359565
14644
281573
1182933
143710
80228
39981
135984
170714
94447
24471
70316
582315
316430
1001174
15495
60484
549803
171809
63148
32269
15763
959978
50802
315874
244966
200141
336501
151245
659614
31615
762280
36979
371748
47271
16571
292710
182692
203600
326986
91164
170257
5414
50277
145386
301866
555035
304782
49337
282656
13290
279703
316748
197575
938115
17198
85666
517173
48009
3436
135726
400849
2610
351480
884391
99170
1067179
31595
7985
1038
888612
5755
373716
474074
137122
1111260
179149
15093
1271530
135422
427131
41364
179902
606560
45635
60490
396327
61773
513851
155737
588219
51630
85399
182378
385612
463889
62549
368495
119880
20027
270243
46972
85174
71742
226112
640490
34937
110348
920385
381583
96726
761256
9317
125343
151333
298845
34856
431632
1351824
286022
192774
346279
71228
1793
553883
13222
171309
108339
50946
220858
1585
75366
287726
4802
5374
470747
625926
278864
426710
137999
133516
39381
363818
256102
20463
23539
475211
383028
7131
356127
149884
16264
690991
233018
409439
19903
63577
304
1225826
2569
977830
826987
15323
130134
113652
187278
432829
28891
46184
825510
175115
241528
85865
48969
179401
1055905
40369
410168
39199
662026
12074
73985
198804
901610
66534
1437301
21298
383553
207652
799394
2530
14551
2950
10377
557647
307406
292800
113998
55756
332796
1068756
12431
423253
39554
1105061
61959
294697
112584
83039
85469
557711
29967
40635
182631
93602
141650
209458
305531
165476
21942
158274
184682
93219
226929
582803
1108533
151438
635473
50056
343472
18084
547119
187851
323008
72703
39230
905498
146902
814345
13552
281009
184053
311546
110501
72753
139347
38811
211215
446841
6207
108053
34853
488506
356006
66764
1385507
50943
1081520
2833
470447
266585
303671
8413
2565
687096
23006
264087
110372
22196
332266
18430
213471
74669
185691
40193
37075
6851
11277
96766
22662
121629
524926
18144
357129
30947
752565
94177
115400
149448
36444
23129
98182
470449
136375
436643
110530
99129
244819
579458
407529
485499
119089
42932
501281
282229
1006385
114480
7211
391551
1468798
45885
282783
78393
9327
444771
256590
93818
1827476
40693
7898
310054
21484
635619
25079
25474
89528
37070
1495203
658740
174662
22351
246285
625
377321
7373
780044
669304
34014
644990
128763
642938
1033
1129910
32814
708094
185552
125709
32528
83595
3183
487084
12402
104419
56702
13732
371257
406543
19527
730849
46213
780268
355883
1027
637960
152011
73608
34587
1604641
37637
336646
357445
141832
592526
136866
445408
283762
154540
93514
251196
100538
760610
2921
525419
138295
1819825
409986
60138
398593
35420
163306
93868
297001
1125515
57168
308100
41381
158560
325030
693234
7418
12918
344028
92800
54326
108291
14097
221276
1019685
415022
153702
65029
408961
127767
594244
42270
34263
13820
71833
1165996
573780
11178
3993
97891
1040626
32472
2406
849399
389634
137874
304821
1155979
1175703
29368
140768
681262
12653
200848
200236
557411
355979
165487
161059
806005
483827
3097
900124
63000
610058
679351
24418
13025
373822
24763
728310
1107
361695
1043889
14190
1119998
56575
260985
105932
18311
630579
22463
17094
13031
228392
424578
183968
97093
66219
45288
294775
44602
308266
14698
197602
81343
73355
605150
10862
295343
1112
768162
1287906
857908
28317
87199
222125
95989
906170
523782
143516
609263
286520
453219
42813
365815
58176
78565
63395
526548
307555
531146
149124
902489
158698
322398
239387
264474
39515
254468
24476
105288
757815
128648
9870
51129
806278
55458
201988
934747
320693
17894
12283
37107
907093
258277
1010132
1181
59538
248728
191820
227067
49202
65585
250814
605
194958
25961
1303147
216259
330751
485104
831865
42445
1085977
254728
769046
25458
151055
82256
97301
918194
106041
8619
89484
395000
4828
266777
11956
377
666387
46919
160675
2769
372515
27638
345580
58901
270475
803313
15101
293036
26467
861636
100648
220790
228146
42568
283505
11352
376865
388020
25510
299878
211056
31387
15565
271309
416700
257611
205204
350961
8082
310563
95860
63358
1042438
28715
345920
794873
129042
1167885
532217
17207
548081
166741
635413
4484
129268
376310
383748
866518
125819
27548
10394
727632
258680
578628
126358
388518
409948
182009
12317
320312
19986
16581
14994
177728
75101
406800
20356
268237
134797
559481
278195
105768
90472
790847
119117
134803
66292
77045
316986
11451
50792
63577
68130
59170
69316
815449
30006
129559
316775
31643
526534
2143
13377
53777
281870
94216
163248
410668
245640
1355520
11198
196515
365162
187050
266841
129365
93300
23976
318393
262418
114820
31456
56896
102107
579522
19445
76956
592
513185
722432
93192
18681
1051017
93824
7827
88038
10819
12746
189874
372904
358613
197827
602863
33035
1674607
4723
63193
26387
6245
164842
1397
198831
513606
219600
40291
128149
243203
181140
607017
282167
133233
164661
176290
84303
150338
148483
28068
7549
131289
72415
96428
38610
223828
1521
700333
680573
1731801
75629
116448
2392
439653
221227
33139
516
395139
2930
263280
428081
708972
183674
2942
296644
60452
29299
239395
791093
65566
276579
682170
496230
26876
432229
100170
259535
11755
272257
11103
1431926
7131
577387
148274
265175
186153
14007
1877254
143956
10422
55941
153721
84629
56257
33614
188511
138694
9584
150299
281492
354785
300170
287911
14463
568054
211962
206564
42584
35323
3548
986871
448932
91532
1107226
21589
1375401
22203
213799
135293
296058
296648
66360
313310
243387
253130
169171
207514
677338
492085
183866
323459
954501
434406
238067
142136
232634
342692
321334
300033
203852
517327
65549
83866
249750
81883
253974
226671
31215
112764
35708
26879
820104
117934
21419
301924
127580
190858
139104
941593
137490
34821
1631248
219852
16729
123787
1181063
62698
239667
84702
1120973
17023
134726
864104
472800
25972
695876
8307
35726
426085
129668
63796
587504
94632
10084
674940
26737
825308
3425
164239
128345
38040
684618
450895
111917
605717
908462
42221
442083
142746
117593
525853
6232
3314
133025
1046036
10670
93831
581791
74371
121943
3389
170538
353583
243801
114741
19765
8017
120098
93526
138536
139808
31639
458334
773
1198317
69650
200154
38323
593091
249742
681347
190146
48833
867845
64520
108028
489636
13781
146940
199367
160331
60124
75493
144408
80514
345735
128808
51728
778764
54383
950361
5783
31797
150684
10747
1075360
46516
61576
252683
48351
21376
10049
26489
1299918
170018
388160
649585
32956
47229
127193
573120
615396
173341
56670
147040
18825
212697
128843
409591
233378
996237
61526
207070
18476
768030
2378
721266
371363
1058924
341799
603909
97671
706326
15570
31597
10118
3616
76816
17419
16088
96908
25015
36504
82519
339081
103644
893
1106501
30072
377230
672936
129169
1566556
387121
122175
38916
8771
326886
472147
2724
272728
2490
509879
26520
84254
578993
149274
101813
255246
174315
126671
589481
16920
656804
21451
56605
44707
335890
101247
44255
541687
494052
9178
32295
931043
373092
339515
100401
240015
198123
1097
18681
15346
167190
146198
122352
512099
7552
625791
3676
96489
274817
43269
656069
372093
6213
367183
220207
196842
28247
101683
77905
755601
55833
1210497
32132
1078206
393163
60530
516529
422718
501148
162869
835391
34877
732517
185966
451007
1709
496713
22315
119089
62298
185863
42150
68922
142615
31386
1441686
25629
67669
688953
584469
32135
22556
585927
175258
96287
1100394
63601
103236
37059
11982
367635
453007
252282
137665
428284
16021
1168621
64944
550157
74505
27547
1300287
36158
67669
114839
23434
69775
694393
1512
72785
261145
28995
587588
1106494
56325
127655
420910
48046
221602
16733
1369802
128827
89113
12248
1835
309376
628446
28566
166869
1134505
215311
479202
79007
652718
134400
1050501
373146
216390
49860
77667
991967
466332
45218
454880
1790355
143118
282088
130159
182280
145894
676667
76288
95423
216581
1110657
101602
227098
89857
35040
158653
46260
486
130714
806813
22494
62780
4932
20215
395174
62971
78858
502876
51598
157781
488619
234164
239147
386335
553894
53386
337881
45093
897473
102960
318864
845801
171562
115827
261541
3161
139521
161713
346901
443377
873070
248914
219512
58541
265433
28958
124784
364733
864829
940949
342375
55034
32104
536737
666970
22169
655030
43220
941041
105211
56390
118656
332619
274971
457705
42445
81262
1873
461613
74937
763853
242469
1073663
888615
156018
111754
91247
83618
144878
33423
89860
205112
8906
618353
78098
720130
21004
143267
508127
171394
14422
153845
66168
28973
1215995
181671
108177
50744
148805
509172
104361
117659
38139
1008980
180016
262886
160116
260732
917925
108952
631703
475609
209746
323254
371351
213908
385367
201736
36575
218620
29646
143734
56912
842117
517679
30921
900378
15491
740994
19443
1101728
692247
32619
142186
105163
170584
198212
40870
2016335
134469
37542
485597
144952
129530
261126
390192
87207
319832
90179
421670
49147
260895
88186
892848
511237
17102
208845
136970
713631
15611
95027
337658
15654
94954
1657242
14689
71048
670144
826822
154162
101619
1545143
15173
11783
211940
148777
12451
35039
75066
1035816
198188
161269
370270
70263
172393
247476
35415
492316
27716
49807
281113
29883
1382872
115855
332
237931
12144
61812
193219
39187
34832
220258
393031
607353
38524
156964
651004
252122
109976
1087367
207287
29183
13227
1238157
4900
819344
91425
314443
133681
209920
246167
581721
159002
2755
178320
298662
778741
236073
46461
236100
173746
501094
464495
75051
222197
55223
677077
240633
306830
8687
1060073
291394
10338
61302
140169
72066
467012
355949
5198
196266
267409
682680
0
1316074
180549
16149
49777
27602
562899
252308
108738
1281279
2297
331095
94453
48150
17013
1039984
127330
716008
10783
258266
35779
869601
69777
105963
760132
44768
8347
186502
810170
7541
69203
1217955
108218
906276
425877
15278
433
95529
14114
54000
81872
252476
3802
148328
83207
178659
123106
177146
59673
276164
27858
180006
86480
455907
247867
2826
299542
175372
38140
222317
31967
154477
509072
16529
270129
1263
1791
458791
115283
263352
8703
63576
7454
1638202
118618
633274
79968
627582
453227
91458
1011848
219677
19777
700173
807077
151634
482324
371313
46300
182185
287446
271046
759675
137220
38663
592635
1297758
8253
382891
12180
108669
1971
685898
524557
144471
175659
144796
182281
98093
50442
187551
82472
72081
163469
87568
1479
4252
73434
583898
25574
1088525
16005
73991
136174
9542
535572
70976
4001
525613
502499
376641
1600
92332
49080
1295852
394729
292417
46729
203619
12179
414197
618
511878
29513
1048821
77306
322758
40592
75191
259508
307169
51404
414363
18982
509203
50008
87775
1783880
156281
41544
37296
811337
1588
958595
273186
169528
191454
288236
71408
9765
19207
142138
253762
11894
54238
17907
319
186158
379244
173435
194656
71208
27099
5014
790086
108988
20435
405173
6932
105240
422159
192508
554493
172261
245073
61236
359861
202652
149278
521747
372862
7959
14868
53680
111543
9451
44146
9965
586
60125
74678
607068
78127
26222
346895
270833
10653
1071875
353498
85344
263362
1220896
613857
718280
9137
332828
335830
8534
15322
597973
391670
780591
230687
94758
16040
910614
67941
286775
731206
250559
114849
3056
104148
266647
12773
41039
551966
286061
462226
26629
281889
91283
250802
44228
974069
7136
83714
1789
294690
76215
6742
18730
461196
19288
316643
72652
224618
112534
127841
25845
764821
57486
7062
748348
155621
133154
217340
127380
71008
237371
18523
66119
775218
1044484
78788
450576
236516
150987
252514
142433
220257
40602
763685
33197
265365
93288
65865
52804
36956
374810
282807
83151
15949
1478789
678519
32270
629129
755034
144728
16181
12765
1315031
8147
1500507
460206
36655
68149
1620982
191896
47797
69996
636399
730370
85934
261199
339778
52918
1212044
92306
2461
21031
132757
116839
139292
140339
1505
290885
438064
5047
26199
10251
12482
39515
170526
221319
5089
26217
246180
164598
64284
29332
243908
808851
66088
109656
104092
206257
76142
144647
152503
160741
112506
519334
196438
42668
375112
5671
47906
342553
260766
128472
19223
380327
95729
639512
746709
78750
402743
909682
300286
88963
33090
265851
82585
199843
214928
50756
7936
301415
38802
191481
829297
2306
1016691
43598
231059
460338
7422
300700
998572
746577
145255
940137
62408
84029
67218
434286
45793
387512
3232
98466
765946
16760
268629
67122
54932
140714
879313
100172
99463
690001
49143
46838
112349
392134
144
259811
140134
276451
19722
600378
778480
272634
36604
153051
45285
46342
764879
121047
942127
38974
724993
21563
358527
111078
3644
109245
563362
398862
25659
497104
86047
401497
208022
154686
61669
244089
1685410
355134
75907
36952
103940
12258
11837
29681
1059814
152414
80335
487306
77919
1404326
152502
499567
49678
298924
121442
916725
46931
74328
445135
557058
89937
521549
167219
121533
32443
480172
389811
130522
731362
285213
72754
584398
264168
33329
218310
236389
110511
79116
341382
80601
444435
252004
306698
230458
275490
301820
148208
272390
3070
473634
63704
202787
197637
23621
580424
1126764
600395
414853
501055
444382
320830
406418
62471
149900
115397
1015426
831507
103629
165414
30868
405130
294934
40756
688672
101849
112645
75950
265360
260686
442656
40587
284625
207774
62127
1163329
588112
806620
11449
362035
21722
139929
240369
87867
556620
80122
268335
63896
75476
872475
21064
351
64412
8369
182801
69304
350933
21569
30531
157737
536036
17082
462564
246166
9177
121182
289465
184127
318274
111849
406119
804271
223832
341910
33122
6235
89529
605262
247639
626126
32493
331492
122046
288397
543700
100362
78600
192535
225284
151646
648633
331319
1050247
195943
183641
231297
8520
305
1329
229384
59467
197144
1289326
111132
432900
363157
53601
255438
44680
60750
718431
548491
40076
1417561
346558
637958
278297
273115
708141
33875
54721
145059
42066
153425
352535
340362
273934
829890
352767
901640
215999
26684
104622
332051
276705
596756
277177
107825
1163012
360408
293127
62280
522863
938421
7094
107033
250971
142908
49787
46374
26192
22057
228390
29335
38077
40568
401282
145518
1328885
478824
111190
4713
97974
1275754
445262
8904
1291193
92308
5115
30948
36086
585157
88407
6634
417044
24533
177137
74696
226100
100341
346554
86407
336484
621044
355228
76985
274505
711297
46887
272241
511190
2067879
3310
452222
657775
307104
651029
48183
141582
642853
355326
68735
42003
14797
192138
80466
484222
71433
476376
128080
199658
73497
639825
68190
602805
955784
555052
134224
956309
50401
25151
813299
15588
592540
6466
1126279
563949
258922
642271
66207
332333
270088
1759780
178562
144832
1024282
497051
151852
130684
16175
156534
1064771
1899669
71631
1589665
11594
326014
0
109405
47354
33675
57384
424988
450505
237434
7052
3269
156952
427
84319
20618
162054
625726
114161
51380
204166
4585
1382457
8421
358846
73510
688227
34081
314004
110720
177328
156685
1783762
11829
678985
4149
283595
19076
278613
37145
31093
26750
163366
181308
19344
240542
41657
655461
4275
60139
136972
514678
838
241873
48736
779469
695303
309485
131956
102505
21106
148811
31262
26840
563886
9069
42078
1245625
109498
76409
465153
2482
99005
5216
166188
3944
192147
467056
1218191
2255
32898
121227
76818
7839
792126
419357
918764
713025
134192
1508451
27587
302554
70839
90604
5982
62281
223682
295538
56584
88586
193087
686357
83125
251575
72499
21267
275663
1053418
118273
21935
229695
172406
2439354
264309
98725
154050
897948
96290
596576
173399
761369
861842
437011
300682
678656
33129
425226
172377
7218
7980
421695
7995
437122
23722
220733
204031
290810
136200
36345
675468
262185
417410
1146077
21538
138150
822734
3174
281398
62095
507709
358693
3766
25955
154821
8858
522510
67041
5396
179233
67592
621887
6989
729213
428648
27261
290675
67346
151824
737524
8460
66901
123995
249289
88031
634451
340721
266582
375714
34417
44657
878243
48291
33608
26323
147385
1050895
25504
12639
461664
134692
636269
341174
1072412
632839
93408
1646953
273792
152396
77755
844502
282916
1051789
172134
75756
356909
120964
413331
64655
29185
1258093
27738
340900
316869
51015
166052
13176
83249
41615
301147
116394
786840
127167
411327
111779
606058
3999
64758
10113
147137
81888
123647
830173
169345
150800
121033
519590
40876
81696
53811
236319
60837
229440
235825
345536
147353
153877
612267
41616
72626
912904
79192
502447
241443
276238
409823
545664
6630
120675
121560
42761
646936
96837
36921
94389
272072
35043
451569
1287502
149710
96267
233221
10459
191243
113751
740815
48477
1315
191563
293138
3398
594965
17468
362546
1664541
13014
546634
194334
482555
693194
445391
49034
859677
43078
433347
140912
295508
10245
1514316
10273
35474
977836
112625
252833
166047
62887
75541
41906
365436
1081719
35453
823643
1362478
128311
15018
612270
527933
575757
43813
421531
448087
1985
487459
46424
395034
520766
295504
233131
283104
1067401
675483
762744
51079
1802
172463
229636
439237
67223
378038
238973
170033
50170
51224
22232
32173
125420
25040
394612
90713
95507
68477
120377
74176
292262
33046
713972
23319
856584
487
177497
72576
429348
895
864729
87518
43049
87606
1360471
225571
284699
31214
24240
84661
234668
468584
885123
98725
1091989
17851
377688
55037
471725
815747
20274
226307
3955
79474
251249
36174
130651
854452
369388
698679
46687
141270
276498
195370
22185
286111
36052
1056921
43084
18197
729049
41829
50232
123261
13059
20258
579217
10770
627238
778226
76889
56663
105761
799730
326741
243520
82474
1087206
570378
78413
252869
174710
26058
390594
64047
211253
669509
139673
155393
416435
127160
229986
7377
1331045
487083
68269
12466
395501
4573
194657
47848
686960
26056
280098
949185
130958
225874
1327520
808773
680902
1870122
21943
615
1509
76822
150473
75539
12232
795472
371310
249066
827512
350619
480590
187778
80948
1391712
527232
84137
257852
858274
225288
361569
198915
691834
1389
489619
939820
300221
688933
110478
337601
175254
432257
77156
267190
399509
916891
11528
257087
15487
193797
1081855
786462
208941
135295
252108
125325
84570
300029
176358
62711
8596
8682
51295
407389
384455
26460
257363
15695
599854
285878
645348
51177
53614
23408
53176
403263
421493
50581
325318
147909
60685
1459591
324175
142264
467778
361917
139974
101744
132908
97448
257515
878556
506516
60490
9259
1377478
97533
534783
5311
126954
66357
83871
120126
4389
29400
228405
7613
634185
2127
13115
242383
30655
597108
155130
181750
118603
437026
3657
354358
734878
1897444
168701
202073
100286
1689939
67098
743
22079
109588
9931
639607
271927
178138
59963
1657535
417180
927954
6985
62935
1224952
104985
544053
158097
30846
141742
930570
147883
223736
563122
55789
1307190
119225
12289
20630
13543
555330
1159375
440912
296296
466695
225192
100267
184700
107732
12319
1250591
52249
38342
126659
782241
354372
994198
66164
18371
12944
66611
925603
302340
106636
134513
49167
39951
616760
346616
227742
141294
25321
546012
63298
120541
475462
336407
16257
628288
280039
1263211
509355
129001
415527
464090
163626
376941
22794
2054067
65276
37370
914870
247363
26197
1275505
1962
2486753
1891
183656
10956
500085
42883
3193
256986
58695
33663
342411
127659
279145
380690
388802
575807
549353
139710
411922
15938
104526
252826
58323
622568
271769
55879
507130
54825
506831
40934
513645
63297
1478300
123540
894953
1480284
1016962
245244
72496
96088
1185216
228864
29100
349388
803117
319934
27489
190344
694155
72300
12765
1442589
1386
22892
913742
123007
998116
23413
2450789
391186
6900
318331
224780
452965
41613
154867
175594
131401
68966
1693208
62175
61696
60268
36592
429442
107627
205416
150435
296070
741256
96464
344697
18615
2045131
8603
1107935
19146
148433
128621
80739
227368
196908
36276
158051
18168
295710
230901
604555
994981
251929
286419
303912
231991
580709
388159
121560
274808
215029
245722
291066
68619
564734
140247
299984
238953
104582
258408
81253
80168
1069321
203580
367743
358618
869286
703493
12961
287931
32924
1435084
6891
268932
41332
291461
58184
792017
286052
119234
56648
213824
156253
332138
161098
1243075
1930605
143762
673277
170899
102334
408245
236214
50222
92682
241313
23619
1293109
156783
329767
23465
805691
128822
362500
1025539
218277
88736
24941
207618
18732
27281
169741
55130
103280
80680
312190
36576
67117
258349
163944
983248
86490
145025
60336
385500
408060
1196742
1381
169734
39025
2613
646195
1304010
266606
904672
160895
469666
634396
112650
213859
77473
1510951
345721
412456
1199853
84580
32690
87541
329344
1994822
187494
51723
101984
14541
100247
3117
36657
446615
1488723
89310
646787
43369
276539
3296
578646
12658
1064655
100516
196051
19789
128246
315036
346253
79950
411528
15434
213474
123386
198458
86912
16540
751824
221
114774
139240
155239
105819
846974
16135
80925
730555
409487
37354
409860
295548
15110
375043
25300
204029
1229006
359408
183720
68796
41579
346675
25644
649553
1808432
205440
168201
147127
201727
59934
140356
273918
499793
10241
255807
201458
201601
73520
1053913
27944
208496
591240
327656
127126
70034
578406
43629
236528
31945
202495
15330
76524
380577
33018
674783
9945
225296
390176
1595238
564076
9439
813513
2054
663039
316610
391727
793633
92938
32197
145922
315634
26810
1196109
7485
396536
5804
385117
7782
933225
146224
335421
12548
1326343
221988
12830
53173
11272
428985
130056
318892
228613
914093
167539
34851
1210986
537284
63138
39777
396785
110500
68508
337772
267093
1101388
1188003
210866
1578
460404
220365
849649
296040
183060
44304
495879
11446
473954
34928
116769
281579
1013237
1171099
105516
595683
324204
596827
93081
40251
24991
3674
488806
321065
341481
75212
339188
185499
227663
256266
7702
372119
441439
21736
464365
36805
668424
66518
244482
453029
128365
204046
71734
375790
765738
125935
663202
235780
871696
107653
833318
81799
422846
58938
720918
135773
1985840
181608
14794
1736571
120264
34113
1622013
42532
76268
56783
485240
283574
277528
121541
93386
147427
244676
382410
39679
139651
603419
16517
250697
1953
896087
1213183
248870
7364
400161
130085
1123170
99903
1582110
2249475
19004
1626784
313752
227694
39538
726432
126817
47082
775289
285160
662931
221524
100878
910004
211786
1133412
77493
479636
41488
75595
10096
991309
128146
214704
53315
107326
622974
89664
1217014
107595
1337333
679807
449017
398519
88257
1389556
7579
295280
1483305
718620
1389382
30607
42780
188560
115701
840551
64940
1324058
54266
265388
1107568
487030
60136
1171650
559658
10365
813037
53898
42098
56350
111516
74196
263147
56828
598303
14846
297496
28880
350069
78240
19157
305299
409066
132831
178021
166088
564271
175850
522247
3726
69532
279480
165509
316765
474495
668287
61578
89648
96834
203253
81968
34245
497796
58814
1561056
383630
655
8664
102004
413289
548114
287011
396762
12132
661584
51920
136455
435043
261213
236755
850345
29496
266516
479312
337541
27845
10337
22072
268444
182096
391707
1087197
138838
18336
355113
1295320
62696
345710
317098
843843
147295
236923
4229
581312
6386
87498
1051472
516884
253231
1006237
50329
1252358
144272
478068
1333
213391
111158
690849
25310
70564
1506570
217287
46972
64356
1093837
330148
107350
318350
554951
56813
400610
18028
94407
1002287
27417
44579
1394272
856224
160392
63454
161842
168087
371244
56620
45032
111225
209568
459040
157898
37567
649011
70704
107424
26520
657226
9091
669157
165389
75052
1101875
1264
309930
572629
500848
501488
1199038
335889
807759
246593
125003
19888
592107
14101
4126
1067893
110254
69864
457490
677
243496
282550
47829
50851
11742
278469
342451
683674
199006
310144
94169
645887
235724
2242
340265
19229
1131173
175788
414835
187585
383374
110505
579464
57712
879920
339297
883037
18487
899447
165329
33784
321904
525653
447860
2876
538499
9189
299412
10604
117709
109376
10651
121240
394137
131393
686966
149489
1167717
142062
182088
3312
6769
809590
20982
479551
591920
75048
113103
879432
63674
966830
28965
93187
132700
173076
4493
505109
18625
378558
284456
678191
67110
562681
47988
100850
352291
543401
498369
554629
214146
230894
103063
78990
25752
302978
634154
149370
881853
543781
129773
63004
120676
252725
8775
75079
1032706
28771
328361
41514
283875
392367
1746310
83301
795548
244323
426338
638054
458951
1475
271236
762336
12536
103455
48430
140134
32275
76019
70904
378020
1301284
2810
13201
795481
26363
1122425
13562
1953532
176766
514872
50964
928852
91577
393011
167555
11486
539360
852496
42254
839560
86642
321762
4265
1264285
185532
689268
1186143
78187
583436
74439
1240302
11010
852200
136274
185127
172993
1022750
540340
18438
82303
283500
41477
359825
40407
88835
245059
192814
130161
105418
2627
765878
411029
674943
25506
415966
73543
18122
71112
173314
827058
853891
68289
622246
111372
313869
926750
59801
35382
573699
310338
60937
399583
149721
620906
93906
773304
197934
194628
792912
11616
9058
85452
72049
138477
189785
26970
750134
568491
141429
619550
1507569
751578
718054
38403
45754
85576
32129
2353
255221
987615
71423
39526
1752612
6236
890055
98097
77653
187743
474476
46495
4946
213035
472841
476659
70053
191499
652230
47072
41375
4829
69724
10204
234016
152145
402724
242804
649761
372712
88881
240162
100727
276179
218912
81208
255059
310100
70849
84313
39726
163550
191593
3331
630421
708751
295282
9815
1146853
14980
424324
166535
40724
1869823
104971
454491
31228
12995
332452
257747
601219
353703
249997
533400
13145
14806
46024
484130
202575
636993
48239
1433958
138282
220069
419353
47742
2042352
299139
97718
305914
1296409
260617
120386
818766
1214945
167934
123478
379484
426300
226321
104080
264890
764845
110321
303303
43639
1517490
780762
1504399
1464240
26245
440701
115527
171556
212778
3687
194366
433669
113881
1874
38388
416652
16394
3661
468718
1670449
104704
349409
8324
588445
267859
119873
273331
230499
515346
222943
379282
719017
362528
264827
6970
504954
785216
647748
176730
807736
4964
95553
651169
50164
185454
80287
64853
228871
1814672
194767
424889
350032
210002
250392
382342
34294
436984
8860
1959221
204492
739084
76641
229297
650497
143447
258436
257201
48328
273422
980213
58686
569116
150806
366153
4589
41853
560379
250804
158277
79634
107928
576097
1314475
21132
360969
225516
194164
186167
223557
304484
4625
78506
227399
136199
282692
783474
658684
1906447
29746
169937
90745
784406
464751
693603
136710
265248
12795
184819
612379
515809
108062
98873
4798
90593
122214
141017
340259
1911
856318
80179
265335
315348
805789
20177
298811
111548
13039
232206
20965
40061
303018
6247
261041
100900
746648
74146
131324
333736
131950
5498
579189
13270
33614
136555
14347
823803
93965
555352
85225
42782
179712
85770
899884
43924
1827308
22775
497104
569761
179944
116378
813
1884381
28544
114807
501714
58802
2081
197272
1230655
154623
229983
242498
328244
47393
129272
236376
118319
1015595
86211
126011
47974
712463
494416
24262
1004291
689592
164763
605169
693546
143401
53153
574008
395292
147211
77775
483569
68161
823001
202715
52187
154095
321971
210621
183953
79964
79471
166835
256750
6362
228975
96878
6625
447419
134511
483559
4371
1566004
68296
143354
58594
102947
63414
889512
23257
313134
13160
636241
328352
106394
14173
2057578
193022
810985
71218
1316607
178875
543892
168429
245153
918291
125772
207220
186180
15744
46760
505509
7844
32996
213165
211666
219708
601658
183045
2289557
287232
163925
35849
3008
55405
672924
1208851
146193
139751
105568
74498
124493
251548
59819
299338
1303433
18931
329969
256197
51442
204485
257903
1847584
143360
1085067
484860
8955
45352
128458
66071
119512
278392
228660
259261
501
909155
332971
262309
14734
33463
1497562
1345788
83785
303326
252513
624875
112372
498206
37297
18916
403840
173287
245694
662002
523722
245988
146957
276559
13140
1035053
238322
341735
608911
1252746
377485
324865
25958
582912
24268
402096
36324
526001
2216159
36937
725174
170314
832589
83497
554873
129618
33105
1155169
19676
814640
41162
761587
45279
740001
51516
55660
3740
131596
278441
222269
210437
1602492
135011
491439
120518
476047
1047606
6107
55803
1606097
275234
213941
296026
907132
83557
108807
245395
440761
226611
118573
59542
702426
40924
384735
31060
644379
44813
290163
418942
58144
23064
958437
176228
1689189
618920
66002
520829
24536
21932
277486
26874
86201
106728
24314
290496
280538
322611
98120
67091
989335
88359
556826
1052511
418502
45422
36000
2534
223525
203821
169799
235839
1391323
276310
131561
604309
185026
120772
42264
66574
412056
394293
25051
283973
5961
608035
80890
855586
99666
143119
72641
26304
57351
1398415
407289
271597
72474
50884
410076
32427
608085
94500
221260
395899
70447
29818
584864
387200
239137
1557130
145624
29649
52746
607629
74265
319723
150601
630382
42621
10316
289782
12779
154779
658324
9576
42949
137704
193869
7486
280712
351421
842466
157046
1038957
14240
301103
532816
1829456
36190
264892
731093
399165
101616
1443525
601705
55484
341357
4589
43582
287546
53721
657747
26781
22673
116979
1112592
192330
531063
80434
447521
63607
1256104
1085312
89909
827136
143464
335963
39436
617030
157753
164291
1807264
409910
840959
39070
97393
267801
177878
24965
931569
90476
48940
289724
858339
166988
97604
589639
225188
359422
17194
146607
100571
456385
1211730
366080
263815
928156
4061
151972
15613
1005643
17956
176916
288073
39802
1417816
329631
325954
152425
6746
447090
122333
223923
539910
331318
445957
59364
161002
642287
297931
361961
153472
236461
13499
1886338
115019
1488429
150305
814097
184775
646521
53231
128488
349060
212638
379156
90591
137151
47520
450375
416711
637438
770370
774608
62151
1026609
23467
123520
32405
868885
114072
314789
1105750
392077
261335
109050
119227
428489
208644
855606
98183
48026
120388
1019455
125024
9627
70246
1136142
464598
250394
237756
466325
21104
498121
21516
410795
1026559
10783
299819
595500
204515
214537
132245
150765
38633
474477
19446
303351
100111
194534
1656692
136768
64523
633646
85128
1888621
207730
261707
168214
319555
366906
255369
12630
123428
25359
265785
28009
1026696
209710
633341
43081
482768
305882
8332
63138
169420
415261
172390
62512
797582
2291361
5408
98022
164729
1049245
259115
386930
86517
1399588
1493402
213670
184756
172229
247005
66747
417777
70103
48275
304863
365012
250495
135617
25909
15976
415762
899259
66292
1782959
1222536
75297
156251
1236106
9933
48240
44273
1225594
66530
147887
349120
839763
47220
230228
195981
310206
26646
3382
444329
72461
45503
1438161
133832
619400
48071
328146
16290
336649
161954
115576
156258
684067
660475
689701
70880
326734
305455
822961
874818
4031
449098
103636
84143
1365767
23359
416591
125426
74137
22146
99292
135182
899495
218280
394727
361121
3573
32754
1169877
71806
106857
19628
256339
241013
39156
22193
39658
20476
596118
48985
350811
64938
971266
281149
861387
727834
39118
867389
55250
1739289
79173
316963
18836
1180557
398006
1168823
458929
91613
1727199
381107
189449
202743
87715
5199
717552
9751
404860
135255
72742
207349
565091
17894
105404
528894
31284
230188
864247
116381
792077
216084
1742391
56714
952594
302753
1069870
369198
347133
1085414
145026
3651
75338
747657
211094
37077
882577
676656
104511
1090214
10175
563818
159374
71355
116239
331242
75061
391424
489704
308788
113207
751497
48564
222987
696334
97687
81433
187948
151074
806418
211951
118991
416472
142957
393567
157329
716382
276871
138374
125685
840115
633737
842901
2239
713977
656070
892492
588911
108823
227151
93657
117586
230517
109763
47832
170160
200748
27357
269273
572137
176687
37049
21403
241329
138383
81041
923674
148791
153291
1055365
47388
106404
83403
83000
1561931
132836
345407
7482
143359
15720
640294
750530
119073
4232
462119
98990
916341
209430
471139
24773
289292
428241
271977
29965
1335955
34426
817831
28590
116414
118083
388391
517982
162144
334702
78786
47650
350713
532083
285945
57335
97068
502393
2863916
100587
823209
38182
1069556
145763
71490
62747
219752
2295
899597
716167
414127
491346
118417
1077409
69883
548918
338139
5992
296038
345196
560029
90933
625178
45853
732388
370946
154321
26906
439472
35163
629327
362013
450939
1245778
65231
469368
814916
801139
92339
530324
4338
108399
641099
1365024
17640
1230300
6127
102798
10052
797626
430905
32568
693470
100633
127181
18859
734514
34088
315203
28125
76611
326724
1634689
241962
240505
655478
779674
401844
186468
343090
732833
4603
605101
70701
1198441
503750
1322194
638891
2019310
307301
343549
6738
185189
151319
698671
347997
457721
162193
558784
41034
65092
299899
338454
7871
590366
896715
15258
860756
111508
1002302
591259
19993
346015
6745
228282
563684
1548851
19832
1212583
295752
297231
280561
19122
55124
616462
1565
12906
77895
40020
610366
712355
223437
674666
10668
888151
159470
9199
520668
1456681
523104
1698096
30229
232640
288132
31841
1491973
317039
1455427
70505
225874
728828
124571
17555
86745
844773
471686
660413
25814
390628
834943
219407
549678
17362
86575
715596
44201
23030
40278
74014
326954
278301
65317
96407
157043
66662
40839
467790
85910
988051
37448
3487
134607
196210
497185
160144
306530
213989
306413
219652
265488
407510
291997
198887
511828
24231
15666
177768
799083
11785
438230
510103
23819
159271
38188
193891
664086
1216
108980
658975
119176
48237
72874
12768
186114
106589
464638
5404
395263
2823
526290
59383
170685
238967
102399
1553805
197367
754130
228708
173265
3984
106412
1772527
121753
356737
12011
247718
151672
29772
1057132
4990
723105
5075
94906
12380
470568
402020
156184
447658
88271
295367
248765
34355
177454
11441
471923
339201
1419301
373239
330752
1175487
16169
125761
78129
147223
1149363
59525
296399
309881
133338
1524498
1171302
10172
391966
16881
558139
54968
291414
142225
556403
178644
603564
552692
1197329
390395
609216
22322
126826
603135
27083
59643
32535
411537
45995
528765
832407
499773
31597
11003
521133
299393
61503
4845
431744
68180
321092
231783
1013786
10614
1555431
4529
40772
31281
10987
772454
926979
139156
183255
51533
327751
1005176
1231749
397297
671791
8281
8494
164214
29504
52713
277563
114559
314403
60251
141866
24015
232477
426495
48830
728869
28610
269611
412845
262324
293712
255823
770893
55196
182470
579049
637899
20942
447535
212183
265625
469818
8215
1055029
397424
523550
241
156104
26725
170380
277300
175113
91107
916725
89328
326865
47752
616146
773744
786922
6240
755538
67074
247176
2122
781979
191252
16084
544135
20269
27948
694866
140091
342691
478320
128957
1173387
113892
14028
846563
59146
676261
43202
945996
620767
139734
375068
92903
239179
133293
74005
6774
149757
657805
756013
89888
232618
354474
49619
331337
1096153
672912
124839
925626
401388
169462
332153
157890
112055
771825
165282
2961067
367466
61448
0
49510
100834
668239
143540
578969
50234
123460
811260
11227
192942
476096
162438
1968250
166491
49688
82559
1006202
599942
594693
60470
446021
36264
1208996
959084
430839
122703
556465
143476
269168
36395
407769
72381
765158
90995
744933
302952
271300
17878
960055
255209
1128451
68919
911927
582795
82495
83585
730427
195743
1891553
9987
1170368
112539
186684
840587
74354
19471
421996
10252
1839730
1160
653697
137358
229898
88030
535476
74688
89359
168635
369862
1015507
1222713
293948
19010
1795283
384489
578329
207637
128911
159213
670944
104145
692487
240198
68015
23084
661054
368580
485368
88703
968728
478123
22431
1145508
85197
1142179
56698
351515
67104
180446
286288
608171
28992
217511
359168
1706
105455
1024636
4819
407438
309462
156035
124277
425537
468748
113351
1132085
44162
61838
1429883
84119
2846
1146328
293352
12510
1604362
7212
202108
227920
173878
118259
37198
604323
491316
793388
1211793
2000499
61310
679354
1258175
1235323
6939
378329
15976
272317
65970
21043
421619
630780
83284
35941
25733
448446
515025
481123
475087
431211
44043
280611
485621
35773
594542
136933
78243
173405
92842
545337
197980
153657
5833
961232
118351
55368
2106816
161562
31182
506858
139861
55947
76102
16852
2303004
12026
1412227
144338
342584
37946
455070
34128
724144
224085
1429280
230916
102316
108888
401206
34702
37773
125644
377525
102854
1373469
43732
1238861
324662
101673
498594
362143
1235459
1177761
166431
545140
267350
15800
41866
11921
787286
122782
369186
146168
97303
198236
440593
2107
318957
357653
47520
99908
30372
2629
489103
112935
213856
7205
516408
127499
59941
37909
183183
42310
352262
