0
0
0
0
0
0
0
0
0
0
461
184
14
14
0
1113
0
14
184
0
0
649
0
0
401
0
203
0
14
0
523
0
0
0
0
31
631
184
0
414
0
290
0
725
0
297
0
1592
0
1020
1294
0
1099
1018
297
1082
1549
0
1140
1082
73
658
522
890
0
354
1534
290
0
0
0
2449
0
368
1213
1259
0
2137
477
1920
1651
2073
0
817
0
0
0
337
297
0
3137
1901
0
1406
136
2481
870
63
302
3428
1833
7890
2207
3872
6177
540
0
1225
136
73
483
14881
732
0
6643
542
0
1582
2633
7412
548
767
442
3290
465
1095
9428
472
45
4071
5204
224
567
2150
853
0
218
6190
0
3713
0
2741
4242
3214
0
2304
2160
4231
4799
351
0
6087
1133
0
0
1325
976
4212
3034
1077
3545
5356
7715
3885
571
598
167
1125
480
4156
2169
2834
347
1913
2911
5789
14352
3095
3787
11602
18850
1477
4970
155
0
4505
3529
9804
1059
11558
0
1657
11412
230
23531
2058
717
1633
26525
4504
1150
1728
5531
9026
4432
5227
10730
717
4111
1403
2064
525
3102
735
225
0
17819
0
20381
876
7192
1425
5245
27538
13114
2197
21193
8264
414
0
2016
4164
323
414
2173
8021
12627
904
929
1449
6788
1876
4846
358
18239
5424
2800
8069
9246
3968
0
22384
3973
3728
6805
8980
5049
11866
3196
5985
1989
980
1314
50333
5559
3340
16153
2633
14985
5095
24689
540
0
4611
1525
11832
0
1726
1056
13114
5180
41664
8157
10313
794
45978
2983
27317
1579
1379
0
2753
1593
3301
1292
0
55
26095
5662
5454
1462
6393
4623
2708
1108
7134
4175
977
2719
1498
2642
405
27983
659
11933
0
6551
5236
282
8955
6148
567
354
7753
4313
20974
8765
18384
16654
2413
11530
3970
5689
1819
8732
392
15650
2634
11313
10416
5648
38739
1458
23684
1656
31230
7312
38680
22962
17897
36324
4079
5143
5489
25331
2117
4161
5000
6758
23114
193
10363
984
4304
2408
4858
24148
510
41977
31
15282
5938
12281
5339
2039
39353
155
23130
7896
8028
510
7552
10666
28950
458
1269
5158
9755
0
9945
3337
8502
3553
19007
9371
27150
1383
15848
8707
7598
1266
41781
1280
0
4404
860
4627
17446
13773
14361
19165
6304
8805
14847
1850
34345
1577
39975
4145
1145
5117
7968
1973
1137
3551
20331
39131
100
16194
1591
0
3912
38801
16656
13832
68
320
24155
438
1657
3953
4
9073
63
1709
1537
43160
8601
475
70482
5039
4274
9696
23718
1863
46323
902
5620
290
0
310
0
59435
32397
3531
13066
11441
2490
5701
49551
900
39530
16919
611
20670
0
25122
433
5048
6474
2958
772
11245
7646
189
2724
30644
11316
13256
9507
18743
26225
275
39539
948
251
49353
4892
11061
6928
8575
7184
2146
248
11225
51232
39573
11176
442
22958
532
194
23417
0
10196
4574
31090
2035
36526
11187
39309
0
9845
16462
1170
2060
16862
18397
17261
16447
62124
8678
16160
16658
5924
11232
1694
0
78539
44160
2660
21004
67903
14471
4691
5807
19060
1179
2094
6887
1808
27751
10770
17804
14583
14536
3101
31780
2286
30250
29412
5356
9528
17135
3666
17944
17737
2949
21113
46803
4917
18633
50824
7743
15676
11021
72622
4788
20041
13245
512
26724
269
10952
20929
6999
21796
18564
593
7880
1150
32896
4928
92
43689
9216
6545
0
11644
14054
2657
0
11013
1779
38087
5255
53
14068
1129
7127
7055
440
9033
6757
3766
8721
2529
3165
1761
9140
13932
16127
6422
15357
0
3844
6711
9557
16807
64612
34810
3907
23569
4719
9547
22963
14806
5740
59284
9982
16758
6825
19853
8720
810
26541
5985
1095
13176
135
3262
58584
12334
512
21240
44271
0
7399
52235
30225
35520
33201
15400
13739
1342
1096
9680
6361
3166
2684
19255
5689
35675
8926
1101
5577
32558
7693
18592
1314
26821
6771
1810
0
50893
1247
1295
9934
5673
35311
6139
20340
3512
73572
11769
24498
8538
1024
4925
56391
13243
3266
63838
8647
35135
700
0
19065
12372
58603
2362
1881
21106
4551
37320
6270
10245
1497
9272
1071
28786
2356
10960
6666
21170
32348
34545
0
93378
1433
14626
8104
1511
310
10941
13095
3583
8090
673
43401
1460
1815
8729
26423
15204
21179
1148
11134
3522
21373
7919
7895
2797
12168
71401
6824
10925
61817
13000
5431
564
4335
13650
5265
10
53697
0
7987
64950
16439
1168
26340
28251
8913
3325
2017
62599
0
31043
732
22483
26237
2503
17811
489
12119
9272
23760
1634
26647
6269
53049
10265
20213
7850
17024
40621
32687
2590
848
13629
29616
7356
57905
5558
14079
18815
22447
5042
18954
45655
51856
34638
111302
4038
823
30674
19216
38376
8476
37845
82332
790
58724
12016
39744
577
47668
7625
100298
72243
28001
0
29826
69767
0
3942
29012
61555
1637
791
155
29902
2157
49352
3209
11830
59148
10755
13058
40360
12522
1568
27382
4491
66809
11811
7467
23605
1617
3517
4614
187
9467
12626
23569
11286
91080
28823
27754
28824
211
3115
39263
34982
31272
6355
17346
2441
90237
26581
3062
44747
24124
1661
22798
20528
1555
25827
44056
1627
57179
2308
47265
580
0
25362
50698
3282
47677
1857
26028
3622
1019
72377
11916
10490
9931
30123
23218
24214
6128
2043
3150
38941
5690
471
27170
29960
52956
20888
643
3323
18616
8140
1343
30378
8219
20516
1411
63244
65704
10357
68951
1652
45953
33639
22675
51447
5157
15042
21551
39151
7206
36929
3991
28810
7362
13548
1020
32458
33662
5628
10341
2823
2261
2068
55169
1095
15296
8043
34989
2747
54198
2010
2161
32572
3687
37877
33789
6165
86468
29782
41504
76849
6928
12063
5465
111260
57715
12107
0
38409
5018
475
29580
7548
71605
6562
24128
9727
38397
28727
43843
58115
4131
118272
50645
8833
67616
7515
76182
29688
439
42974
136641
11904
25512
18205
41557
29065
6648
89765
14920
15581
13327
44450
30708
100758
1607
172209
52411
26475
32714
2670
1953
5895
8300
132180
8299
39790
45232
998
4523
20310
1835
11800
7823
6234
31564
32397
4727
12859
8427
4018
33369
22899
2770
58258
950
2023
6898
20827
8909
30050
5050
21131
3039
39880
39965
0
138735
27393
16845
31932
16339
19767
105
26661
53125
25490
81376
59419
20352
89954
27890
5688
1699
1178
34207
65213
25501
2559
2669
29471
17071
16088
12697
2903
2417
83875
23197
7400
60109
15682
11300
345
62449
36027
22762
6479
24608
60695
42797
210864
205
83274
26952
1614
0
6769
139
105854
48549
152227
50074
17449
6187
1453
57524
51518
25900
25299
23496
3264
17233
2556
20933
49044
42905
11005
8145
111506
8479
38488
937
3950
7571
6946
74271
6567
22875
14334
6304
10637
6271
72561
32310
4770
78170
4021
38802
4676
7556
68719
21207
53165
21993
12337
49925
12544
83395
24975
147131
1964
7015
76167
1042
30277
972
73453
158606
5246
0
47277
16744
22045
22760
45260
15765
1656
2685
27298
73929
567
55726
5594
27296
3335
19646
15219
203607
8625
62960
2728
100435
1299
72464
5966
150649
0
21937
4166
6704
0
2301
652
5517
24992
3007
44948
1800
86779
13586
10707
57805
10750
1844
40266
2705
3732
9761
50947
24310
9791
45692
14019
24722
23248
10155
41324
16190
14045
24843
26907
18297
80728
9032
3441
1731
27368
46811
3005
15521
45095
2211
18881
9273
14516
11557
8886
22167
1414
59196
12180
10245
20207
82863
4329
128286
5558
1325
829
124887
53789
37508
7229
149982
28387
87849
12811
28645
10105
6299
52960
1672
1334
10670
3969
10147
10568
92417
3708
28378
31241
63923
85378
34666
56094
10302
13746
2819
3191
14906
143607
2128
40965
366
6523
7526
11506
21856
2558
79362
12867
16182
15621
15670
23402
140
2558
2924
1221
48305
12803
57137
5517
139136
50901
58652
0
25912
30366
26509
35183
29731
835
3377
9077
66198
38050
3783
159452
144798
5184
86479
7521
34696
75086
17600
12476
136125
11834
16716
8777
0
46896
13278
1142
19291
2355
43683
14741
30988
3007
72789
2904
100328
370
67112
2337
39483
2112
115177
93065
0
984
19011
3556
15739
3759
50336
14192
1734
2846
73471
10512
22883
16104
141353
71682
9525
46698
16097
1160
76192
7181
62476
17628
20459
5712
74635
7663
135729
623
15630
34567
4688
941
54499
510
73113
2480
106068
20723
30692
49005
34967
5820
534
10492
48236
1032
2169
41667
489
43336
5807
3345
40982
22390
6143
50977
36961
13703
6694
15144
773
59137
131
18648
93230
3072
2157
30850
47810
5365
69928
64959
16961
24052
27259
25596
35174
2277
7433
229
1431
72785
2031
7988
2466
3451
5172
44604
51067
57176
17107
34216
16539
7275
19179
1081
63572
52452
25356
121950
70770
1825
4094
14541
8971
13317
44167
5041
38796
12579
11279
21878
37792
12573
2421
69101
7239
28772
35002
3867
55951
24172
9242
30715
30006
25190
5073
104420
5200
2277
125818
2189
34308
99490
9173
16818
93500
9494
35309
919
27380
13140
32379
5339
16695
19741
19394
116672
33190
1971
99012
5180
8390
384
54548
55631
4936
74263
61992
736
36836
6770
27731
4343
129727
61351
12374
139936
50871
58036
90404
621
30267
22252
46413
8613
23664
5127
56942
32225
12571
25080
27115
4451
58923
11386
33110
60299
39688
40840
1175
16073
26274
9143
9424
9829
52698
12883
132222
717
43583
7395
84038
9717
138614
29915
1630
23234
48650
64167
19401
59468
555
144129
33157
27386
4506
46649
11734
84481
5701
74265
3040
6465
48256
6715
13672
49533
23946
2226
168274
2575
71054
21909
81507
32021
1841
38450
78972
2833
17329
92894
78650
29828
4163
51283
41149
15725
19762
56388
5096
29924
3509
11879
16303
11056
25207
87867
89259
21151
79111
9291
41942
215
36405
4335
2461
53784
1996
7776
8166
1522
3520
107827
22207
4004
59624
7917
2313
781
14644
6609
4739
28409
957
19138
2917
47212
3583
49635
87331
33689
10892
46815
104601
7543
39896
94409
24082
99317
20106
115634
15594
34369
5180
63029
18861
61641
12368
25756
1153
64246
99804
20646
4768
10442
426
29490
12159
17602
72083
83831
32260
7482
4088
90385
193215
828
8883
5953
14636
8020
51498
0
118747
11488
59436
7567
70911
39569
67266
10099
62759
73145
12104
18740
65550
97503
54868
63918
1794
64181
25400
20564
4245
3956
12724
557
9696
68089
8938
51697
2517
38136
20369
482
10539
13942
198701
48186
5058
3818
448
93287
2579
136938
1706
230777
30161
25810
3149
6678
266439
130832
10556
49845
28995
74217
1701
41155
4571
24442
71004
1794
117966
0
110182
13948
385
35869
68321
10
99652
8376
12341
0
9036
84177
19001
2199
111331
68607
155756
36448
21688
116307
9346
16907
15384
15694
877
32317
94977
0
11979
3621
5816
123314
10851
101372
20169
42828
7515
32993
0
15135
208393
9440
34969
123781
5211
21287
22712
34284
105849
43347
99722
6130
28542
2296
108093
47369
11684
218189
1066
17344
46780
26300
7197
18861
702
1623
77307
16461
17901
17735
16299
6083
51037
248
56677
215941
2121
22250
152957
2576
16298
114448
3226
16235
31252
106478
1564
159989
75136
29703
27033
15701
47439
35909
131491
3794
11439
16237
1516
101795
188
94034
39001
9082
125984
8678
73150
22858
18938
128507
0
123281
2105
150187
6433
47873
173402
899
121825
23682
11372
64885
25900
96034
38290
100034
9884
765
11115
92323
50705
0
3998
24133
1969
26491
97743
1256
7247
10711
7519
49137
27914
10784
1221
52287
10061
43617
55361
12246
5620
149421
110843
3387
15258
32078
5323
332210
1980
125635
3184
40157
2912
1912
16037
1948
26440
19617
4093
130548
4707
4627
54847
5506
66109
5125
48253
5471
20071
10276
7423
45482
16628
102588
9817
135098
40732
46004
12734
3430
26454
59622
10976
24012
10970
33317
60417
178194
11075
119376
11459
4661
33415
3914
23764
26365
9989
12527
19426
77157
7812
86754
42411
1251
86181
24908
205903
10556
120519
13319
78677
31502
22209
20994
197413
13771
60263
16547
45387
9725
4386
4616
17473
10398
163183
4143
776
11032
33690
28348
110317
4431
36622
94589
13125
14534
108572
13969
165315
23084
24656
94134
39164
177801
17068
35944
2621
54589
32751
22171
29210
4856
2283
24970
42139
133006
36572
130260
8034
184563
5260
188603
213211
55423
25635
10113
34879
45502
6191
7902
21098
51442
12174
17286
74267
31710
32598
3102
39655
125221
2120
77456
17738
11938
9585
388
106583
20287
34102
63454
143512
8276
23866
12822
59054
21695
160963
2321
63593
23254
10558
3251
210314
17125
844
17205
6572
8919
43366
0
7410
12322
235709
4336
109793
316
20111
17216
10865
4581
138386
977
161973
17924
107039
507
15966
0
83544
68801
42390
35619
4070
65040
180843
21863
114539
54923
78429
19957
153114
20419
64780
52331
67255
42389
3863
24768
88979
10259
70302
8409
10487
596
220321
2745
65943
185397
6618
663
13427
63070
5191
30966
48441
57312
99079
635
92909
110316
7435
48808
216604
12021
33239
47496
8024
32092
109439
1139
33577
26788
4724
221289
219
223818
43969
15591
4112
51882
16937
3087
1660
4941
139765
64794
82091
38793
85679
67065
200602
63515
5185
8495
15760
131982
14931
67212
3166
63533
85071
4971
4951
4895
32895
1129
43306
172355
23462
362312
2275
50662
22343
41129
12876
125322
3974
33256
70970
103438
47615
122341
1821
22482
962
52758
137186
27820
125361
4490
136517
22204
77366
5918
68725
45850
26772
127550
51935
46551
3856
14838
2841
24089
7568
9866
5359
223679
126422
9852
3473
56895
7413
6273
76763
1983
37382
88553
0
66994
24429
76829
9640
200645
45454
141356
173179
111286
1979
147541
7967
89723
58096
27469
73163
2654
41139
8833
1012
71187
1261
142719
42911
88845
57723
84900
17423
2427
41860
35344
6058
10417
223817
5976
96676
1208
22169
49128
16556
263946
180524
70701
9294
6757
4314
19232
14266
12295
52309
58089
107433
5881
138639
21426
168741
46918
61575
52898
32955
120709
11541
53275
36626
32607
48355
4255
197448
29904
77554
13874
30474
232693
39224
1516
63074
72353
150047
15996
159546
35293
14410
6113
75243
70807
126995
3176
96453
1176
29064
33588
37278
73211
29490
3184
26521
39221
39141
26487
76005
37160
125452
140371
61226
40750
17664
154598
11687
819
20113
1802
34594
38545
13320
39233
69505
30136
42299
12805
3818
237039
6447
49538
2202
37045
18998
8913
53190
43008
8232
3264
173147
48845
53237
4543
87821
7256
56992
31963
164683
12576
21465
109719
1173
802
11522
12971
12528
22151
88618
668
48620
3149
393
199632
167587
52707
85210
1535
140412
36981
5358
11446
105824
27960
131584
106992
125386
10307
347054
20585
17297
67833
3363
7049
156673
1115
127737
8525
182429
931
20052
109514
45761
98050
6476
7886
12293
29031
21285
16607
37597
201430
40159
61404
6767
75561
14019
4857
30223
28842
69818
61603
2649
75620
10082
147128
2015
38401
25837
8088
11102
320263
49069
18521
30955
44861
5483
275990
26606
51762
23359
58548
299
51920
2042
127177
84093
5105
74499
137376
56896
19491
23389
82476
9865
124897
41072
204528
269447
10185
112685
123524
19276
129667
25663
6033
86688
16788
33402
5493
172848
48539
14181
5026
76259
51899
8411
28512
11214
22013
72533
32082
8360
26592
697
29537
11140
8524
16008
0
281051
2982
16480
15975
6660
164158
2177
91304
5882
20209
29367
61448
49085
4482
15014
9485
74715
2662
56852
0
152988
11463
20040
199782
84574
5690
73869
5873
8866
164512
146824
31192
83954
73148
1916
2653
293343
22325
82648
27826
415
141536
2333
1002
14861
1556
47348
960
118556
1547
121600
85337
20923
85470
57523
0
84563
9826
28521
47182
104988
234563
5791
103471
35915
3681
1830
9178
68956
66262
53814
183555
76872
41676
20336
26614
10138
52979
13457
14701
304243
35394
90686
2635
27059
93316
73562
22477
71735
62153
82800
202585
1698
75
40770
4622
1707
36713
6060
77449
21124
35751
35962
10434
42943
15557
127873
15618
45517
13974
106454
9945
27645
164771
7488
366795
25947
95576
13485
101871
8541
18714
52305
9984
36308
193497
5363
310273
4764
3100
192502
3150
74935
14860
779
48105
25210
41843
13845
212765
176096
61936
216722
39502
5600
34130
6925
8211
17255
5684
195423
16792
73180
394839
10597
120655
38938
1889
199415
6438
59656
10979
30298
171611
208290
2224
11818
1618
16338
843
3282
9723
30026
79566
2427
118534
7476
17953
17352
119891
64806
32693
1763
169671
6445
50804
27210
2890
34858
29351
10133
33278
127402
14334
296880
13868
160237
146306
413
11779
36379
22720
2283
57038
780
92291
50148
30402
41558
12272
1865
23378
11501
110604
20695
9698
16248
34755
114272
104766
30409
106101
23422
47329
12133
773
7686
111345
3826
183115
36929
92867
35664
98398
6738
76979
6965
3817
26585
8969
93322
15842
135085
0
76577
39021
43012
119634
110906
4820
12959
54115
17764
83513
2277
103696
1208
92992
7133
35134
44667
48973
7082
12478
8105
16090
50807
94361
71966
77035
7744
6772
9024
69047
173066
6689
9748
100578
22257
89631
1089
38783
64655
66672
42110
103178
173075
51962
11309
4513
2961
2600
77713
34456
260300
58123
241388
4301
41850
57401
30920
10411
14301
356994
41235
18435
30193
493662
315692
27177
177
31834
760
158550
106668
275
63825
469941
44224
15572
76059
11016
14075
117
8539
61677
82026
209351
1814
77485
53177
47772
10805
65204
44324
87386
50418
115186
0
75490
21977
45752
320819
127111
95743
90835
135279
18007
8316
313612
91965
2847
40500
7954
116337
147342
15723
283639
7570
1790
7283
2234
25064
48058
100280
41432
8920
3919
4245
4387
14290
31508
54807
151253
6219
4787
28221
19221
74017
15967
21126
472
167803
119590
29713
3522
101459
4124
63962
22175
63551
27744
1111
125290
50554
3855
69363
27292
32580
72646
61177
68695
42705
1741
31522
113687
15559
3455
25246
1202
7901
164191
10788
3008
319501
2182
9824
117584
25470
111518
26498
28944
82412
13105
200015
1494
10371
18672
0
103874
5053
12378
41350
1068
13484
64067
20
391
169115
11977
104500
16271
910
75981
106766
70886
107715
15496
0
20875
258097
121578
42131
110
47497
21471
29286
14042
127225
7307
55499
172030
4945
371115
1936
146706
33711
468819
2323
342670
149840
1237
137252
9783
35047
36947
89082
7131
146658
18502
241279
43687
6297
19419
4248
117056
80162
80028
28397
14521
13862
135580
93542
113940
455149
162940
6385
10653
35764
37544
5509
121084
33646
13658
103578
23495
18330
4691
12376
119187
33070
122926
12309
387695
12798
216734
2122
6785
1783
91808
56757
13305
36158
64085
41098
2610
3084
12032
0
12822
40705
20172
173361
2634
3460
8126
117755
143748
51738
83242
5247
11181
77757
17463
41787
10113
3262
74468
54735
0
0
87580
11000
172874
5175
49981
67273
272027
53896
91953
49393
1978
16934
2000
35199
16660
4126
16599
100423
36735
112847
307861
117435
52472
18813
162330
41468
3663
101141
21596
341
35693
26222
227421
10850
24779
19664
937
831
163314
20193
93903
14863
17632
29223
723
182778
13742
928
83889
170722
176506
43651
25359
6676
147164
100296
10818
56702
10347
6606
7938
81002
13367
102999
115442
50545
5942
31822
89113
15832
142156
5994
214959
7273
30586
57166
3782
107483
83100
312780
685
9537
78536
82734
380954
33408
123839
2564
10369
58343
2393
268479
197
61268
2316
49766
21516
42513
209276
122435
142451
1603
32182
100721
27893
99393
2539
306545
5829
58148
7571
41716
2255
7759
185665
11184
29831
21339
89199
155460
3503
12964
22887
39032
34663
6506
2262
455946
70270
7290
49119
68993
39877
421
0
96714
49456
71636
7687
12548
211544
27778
44065
109641
34205
2224
55449
1929
12856
18755
11351
14330
4943
20148
47602
0
101043
4289
3096
1433
76441
38448
15897
112921
97270
6945
80491
95757
140336
376838
13346
8169
140093
4370
139493
157760
9289
1432
33182
31497
31429
448967
199430
10364
94823
160630
9658
130531
38147
3514
80191
43925
24377
48934
299907
0
1357
121058
46353
33792
148143
8153
0
9623
75245
199570
17434
58658
24499
125933
52719
23479
63064
212895
10198
118484
4974
289099
7617
58765
29478
36541
14025
122730
4374
96055
178348
27428
56706
38837
101515
18973
14160
101522
906
20748
163401
18421
33234
126836
2540
24599
111056
2188
431135
172758
30696
35331
61145
84843
47208
27338
246881
184302
61362
5125
78791
9199
80445
78584
4257
68927
84766
167637
36167
16765
16855
108571
44784
5829
2315
56875
0
152089
3707
262813
55607
150450
74224
68675
239794
81750
52457
332687
43266
170617
145429
4190
23553
2434
2445
117138
8377
312080
18143
140250
226241
17367
75140
11557
261471
36226
15993
77834
151222
109658
673
14869
22151
54200
36721
37016
359455
111529
288587
184235
35977
98137
28801
15378
1647
179459
94597
56572
1141
19154
137522
261062
66080
46893
160194
5913
3101
7318
45939
89327
120762
2461
59718
71500
27885
1692
70088
48823
4102
67993
70308
200314
0
20516
208790
11539
119596
47924
64271
142831
270231
17035
2525
6460
30583
4551
247062
203603
56800
45730
186759
7687
8277
117638
16981
233861
35988
106507
904
109406
10888
151344
53191
8940
1134
2572
116428
4079
237574
94737
592717
166038
40132
32100
9271
26533
8830
11394
62591
60791
45024
159486
13032
25197
13550
24404
6540
15559
78876
9271
238364
9395
2395
347676
173185
291616
1755
22121
2386
92223
5428
14574
10930
23342
14169
46222
6758
856
142131
51132
39171
79735
229111
27536
82573
30160
108732
16659
229084
1669
179985
18662
98672
5228
3725
49081
175443
3573
80017
78700
45068
56621
38326
198393
84286
15990
320416
88824
20735
121954
242795
45908
74259
108882
88928
105007
155336
147457
305920
44864
30192
136118
146200
30442
95031
79467
22822
1917
86949
13739
101820
5146
156173
812
17511
26992
128363
15925
11994
234630
3844
169314
198179
135998
71783
78017
97306
57096
37418
148077
50255
22858
335894
4615
282550
135006
12777
54733
12024
9712
30749
293074
1750
136139
54328
30219
5863
90477
82848
10603
354557
2828
185480
20578
88372
35815
24342
223401
1024
18730
154
176345
32372
53121
326896
120618
13777
2073
148984
20974
54650
112143
64681
141760
131867
183451
66638
137244
208906
361050
418
30662
83982
176448
902
65351
95815
7637
26417
8530
194739
486
12378
17120
3829
43251
268100
13649
53737
1388
54167
60652
121961
25047
692
160444
24904
224287
23180
41734
7457
85047
40601
218365
88644
201401
32637
54797
96378
169264
65273
60573
465069
65468
38875
35080
37476
257761
10745
350351
125005
30470
33668
1020
101616
45711
82959
25735
455619
0
53384
9323
265564
42597
61368
48536
7178
139031
17273
59457
26111
19777
115180
92403
69690
33611
340848
71977
59692
11074
109029
450
136834
40818
15051
30313
196568
476737
1942
134097
19660
94951
185232
89112
814
11869
209536
50672
5550
13485
30064
10118
7688
177792
10853
35998
21690
77555
17934
21242
5405
65093
11678
23339
68829
92218
52881
85196
3580
111229
26758
2399
148860
23716
132486
236622
23332
315508
1550
200005
40750
38026
280773
144033
8691
15569
612
9681
146233
13333
29562
130694
4302
151277
48901
27486
181984
46299
75638
39314
145889
273942
13617
243637
6810
123205
114770
21538
92865
67070
63707
48450
3773
51290
391795
18031
5371
34893
127606
175
75519
15175
137167
10073
221640
88544
25440
44630
278506
21292
386631
46521
3082
24427
9117
7056
69718
93955
5450
157645
3258
66391
150083
8173
19240
49660
70405
222875
32651
20772
41379
26441
11726
36339
13119
2842
54529
24504
61057
91658
10728
43557
31948
71392
12223
100584
22756
156524
83117
103567
16551
349166
1279
6858
109544
221137
12689
43851
4754
11973
20447
93611
76412
132136
16723
103579
94811
54687
31010
201070
4264
105447
13823
81905
17734
152727
8982
13225
25123
73207
10405
486954
176382
3677
142100
5307
140834
0
65577
14241
206060
90776
31041
4141
23255
203974
4748
54540
8084
229134
119722
102989
235445
49225
131651
83736
34122
19910
160064
97702
2846
241999
15556
170022
304749
5633
80286
2196
18606
184918
238920
8204
89075
112442
17942
288337
39685
114750
1242
85805
3154
115246
44639
17640
113047
109814
4302
233631
58663
627312
34897
130888
47828
145445
9626
212967
1586
130676
13763
114087
1435
8167
146152
815
118567
13863
24698
17951
224243
0
20309
95823
127637
22251
140986
941
288670
13464
287331
5757
46426
9464
215953
446545
92291
1221
271816
55298
169862
63464
260927
245239
26028
220863
18
90748
74601
58816
39744
142009
181263
23749
95687
134123
52895
494344
238168
3396
7587
153884
79975
9269
3163
235343
115471
171969
13280
179923
11201
31124
17827
100243
15942
216942
61381
193074
83175
4991
226164
30265
491388
18314
266856
190648
66331
10656
61077
18516
24397
24310
52507
34785
7012
11866
272595
27479
80846
144847
6627
106870
12286
180523
119417
67293
67981
13161
9040
31524
199687
21747
124844
12161
445795
155097
3861
59491
15581
126350
89577
38357
25763
43314
20553
6749
136660
104615
44253
55828
3364
182017
30981
91273
100373
239465
55175
88030
2093
173257
121783
52899
101911
37847
8222
240465
0
301638
9682
205797
145160
57482
320090
61203
5532
2105
103640
8232
1000
29142
8813
21207
274870
19876
68183
420645
66159
368845
224153
39221
396855
30995
13671
325278
661
287348
7296
114367
9065
166127
56748
189517
26893
23333
223847
17311
85384
256905
88153
243659
38243
214459
119913
44944
33983
67304
105534
309356
20337
44833
67694
125492
73522
95137
68949
272009
50840
69661
81891
10106
2016
53586
85025
12386
172210
2342
179365
21844
58575
55241
30702
107171
49288
402685
1791
3936
119633
11433
97247
91603
60295
131244
16313
35976
1141
266666
8606
151801
78035
39006
18013
133975
6497
48646
68877
30162
236792
355191
14519
628840
184862
22372
33719
79614
43422
107180
64267
3775
145318
52001
21228
28606
115039
193216
4765
234487
56831
174453
336887
16713
10408
8581
412379
642
44540
158187
8671
8660
1979
116
60516
18437
1470
31563
23303
19888
135400
29324
231558
111202
223263
298961
66272
13190
129867
0
144996
667
28875
372929
20715
42782
64354
47215
8638
66315
116975
274604
113102
142708
7249
295790
26683
22099
44938
22854
134107
51442
232837
161159
18647
17246
120789
60696
23660
8311
203690
207779
114431
5836
11070
39629
205653
2962
75512
102512
6071
3375
26775
5687
280666
103652
47531
142445
3918
23273
2472
32716
64110
330304
9077
109120
42214
127478
70057
726308
6234
71199
20800
572549
262149
37959
1154
127467
103225
179790
71308
22397
5019
98986
2822
219578
126797
4302
19397
188471
41964
150558
930576
22354
109739
2034
54694
34994
359956
68927
36273
519
44303
63732
206069
137977
76406
49887
6976
103818
34763
51490
172164
18836
413917
109867
62462
8305
199248
27232
386185
461
21864
122764
1233
411378
33113
14111
149596
650620
1411
104923
265531
478637
5066
52525
68513
147482
19522
0
2404
4993
3555
48813
58323
71161
345142
5538
58928
21196
18975
196291
59756
2501
196448
36695
158743
66387
181928
39561
133959
9052
49571
181051
15083
5281
597389
45614
461937
46409
77378
64331
232022
238207
0
26451
331427
27578
9163
16974
6759
93750
27579
182263
42552
688
27553
46730
21650
88105
7669
126299
91520
256985
12708
6188
581665
719
17500
94720
337876
1620
82044
585905
109622
55010
354909
38237
19583
53189
33212
17895
107068
100507
45121
17943
165024
538743
84831
73247
1382
68383
49742
2432
17395
23270
133184
25128
141283
33482
128375
11427
4073
26127
90834
543902
228015
44459
332882
10071
15177
3624
19698
107562
63582
41181
373559
9060
212379
105429
33937
241318
141323
48996
445945
35372
73638
37292
168564
103346
46538
232093
418895
26596
69300
26561
20110
3630
4006
65609
18740
140426
384454
66487
347817
13642
12065
62890
139054
184636
190893
24980
200931
55318
11463
68514
885
133087
140678
88383
71827
130337
8673
88827
103374
14173
421013
20704
40405
5046
53998
128273
5823
132925
69098
7649
229657
239718
68945
185519
187727
34390
94910
72925
391073
110614
146165
90605
54367
106144
339531
12915
52932
2370
145177
177711
3330
142716
2991
190524
70533
52070
86429
56598
62723
718406
0
143140
61505
10268
108578
11398
41020
55301
280985
144539
29492
174286
127017
320182
3782
133403
267981
44826
101200
137418
92833
114853
107917
4218
1466
163895
140950
66147
201469
110563
9234
20557
27066
415660
261866
163612
5393
11501
547
92572
178603
8452
336938
36687
455712
224458
40692
0
22301
20092
50940
20528
41820
30228
104499
79529
111468
69405
12031
476041
159530
221447
23032
1477
26804
46517
41691
46557
110388
50133
142398
227414
34053
58808
13789
7304
132807
11563
0
10909
22145
181527
79498
105491
100639
72778
111967
5175
173190
16257
14834
79440
16070
172465
24217
48837
332015
4022
160464
20808
338925
2281
106676
25341
81819
11357
191696
14013
4694
8653
11259
43357
8030
96382
63631
38192
16470
15554
789
101013
653831
121072
42108
29005
63994
298171
27523
3676
572636
4087
12290
22767
627340
154058
38667
25525
197459
7910
259272
666822
57109
19752
2248
180151
252171
223641
3613
128284
102113
92429
105322
12805
588469
218351
12843
53618
452081
58025
204480
2284
300707
66738
511018
21944
511924
23025
170973
95286
56
170211
112139
180554
262595
134416
25365
50602
127886
66742
26458
71912
221113
51262
110609
69104
47347
92989
38334
282736
11005
22545
69849
46557
56811
163146
340228
20014
265334
27868
5991
85080
199450
26393
66646
670683
23969
248729
131318
2444
174137
141879
11477
35685
81379
485243
14856
2882
184164
23490
79294
402792
65817
667081
181357
106336
83778
46475
50336
7167
139271
93030
19081
16398
266242
15262
293508
51546
177492
42517
84281
131373
1096
143640
45287
31611
9938
17317
222651
75749
160172
4343
211414
198154
9031
28436
21691
25810
195822
101179
701768
375306
53542
389983
18220
286500
133841
215237
10788
475470
9124
14837
515498
48289
47082
204277
115410
90445
40433
382761
60750
30684
32777
26350
26973
47965
285035
15569
261823
16893
77609
193849
434724
86731
54553
50063
104105
76915
135098
302766
61875
54566
360696
3780
20173
1843
33181
17175
11865
35739
348
199147
49938
211044
194392
72838
82382
11017
473231
20308
171563
118238
59259
117349
229003
12838
220461
89682
179407
509
291289
11160
205829
9170
840
61935
37556
179571
361228
263337
45993
4332
118241
175996
4970
1057115
72041
408895
28
314144
8918
8028
110418
408779
8513
22356
71966
131920
618510
115768
312
322132
20550
443442
2067
151587
40024
134212
147260
271358
37979
11703
119171
2780
13351
50602
59690
15895
170664
3347
62462
366434
113011
4557
36618
56179
233252
55139
3188
191646
105916
70367
72820
469930
101756
104756
0
238634
67777
180051
198698
3739
13016
33534
62524
303521
70610
468550
33929
100227
98861
366445
31221
23096
11836
124881
4093
1724
487
64773
101977
81382
63647
93896
14227
163243
13488
227591
39983
77271
30008
156544
5421
546841
66725
15547
345840
113356
15664
159089
64277
237502
122262
2599
404129
59973
140058
23972
322751
197059
5630
300381
219596
3343
2428
71922
111774
62691
26554
255672
28728
20297
349338
51130
4263
199030
14467
294626
13233
35097
452905
4262
214224
241382
25127
71948
104124
96422
87848
13423
17135
174285
9188
69110
13197
206457
113872
131299
72003
63618
2361
229760
24231
8915
62203
95709
46234
208600
7474
165775
187113
1652
38871
46951
3097
25188
205516
227092
84631
8005
6133
64131
4072
52623
290029
354748
37231
454752
1995
676382
123511
18253
364145
16330
170031
56929
22735
86325
527335
120955
68741
8368
359429
148721
248473
62469
91415
7587
9116
18498
58948
259180
54990
124846
3696
96403
22650
199066
22702
502845
795
190075
10818
87990
175
64690
42527
352967
71528
110023
379566
12868
82220
934
55603
20189
436315
10395
357190
28414
6280
52571
5824
127176
125806
38255
24931
54579
83295
145985
23214
243828
133194
11430
112104
5097
81327
40405
141614
31189
205238
817129
163812
139558
12463
495296
8636
289239
110626
4704
159738
56208
29524
179705
1036
203821
120379
62189
6030
51117
52156
186805
84307
85347
86948
251103
1183
42628
179180
48952
49980
337340
50242
480745
65568
36294
278993
3165
114380
254229
115672
286759
152217
52048
323001
11918
345763
207889
116606
42454
272241
63419
28008
33930
3001
236858
77540
442609
49437
19824
132895
487
776419
493222
24524
214936
67388
582659
3107
19838
8031
217596
13869
296307
15216
3505
185785
23085
360007
294182
214070
50996
469014
128189
80887
815851
8110
232750
63753
147832
457449
10652
118223
36988
265700
119370
11002
6919
70451
50582
91826
82855
142666
70373
133774
14360
46977
112485
156247
20359
423739
219178
7769
11845
52797
4104
308161
16033
25256
24957
75205
84062
56249
91983
294523
32741
389
117257
144773
29234
151105
50910
22805
126630
279537
14615
301639
86190
522705
58404
66242
314758
103895
578134
148991
69211
113953
91901
304547
255183
18199
76089
327901
182250
123365
114421
143272
72803
225184
136509
133380
23378
64891
23129
284634
441756
44834
244823
61465
23804
397658
260
186391
186248
139111
2
285834
52555
25526
201718
80131
237585
22017
350312
4242
71687
83015
44829
338042
18752
411247
7738
17580
18502
255233
69405
9421
86949
279537
36478
93590
264372
115859
9598
51704
36387
135348
213651
14878
580254
10482
21721
10216
31407
140426
5427
68194
480967
12966
305332
366346
314127
46934
17261
11537
167898
105825
180345
84090
67305
118223
40634
119327
61087
12641
239026
26113
69173
51119
11786
22425
13596
1314
57741
2309
129338
11478
31664
145878
4433
386003
19207
84785
25238
62691
387385
42261
97228
111731
184460
27841
206191
107914
338600
20150
13255
93936
33188
66724
69
6917
199004
86507
1808
164484
17832
188356
107215
103363
48569
119467
910641
88843
76655
34162
142717
8211
22747
184446
12563
55641
2150
7641
97356
45814
22709
39066
209080
493922
174587
134873
162667
198860
140765
2887
221172
449480
361710
372790
215035
47958
7704
411196
286857
65443
650296
16821
9226
27852
169150
63160
434891
6717
125134
15963
7118
45275
3762
129513
221121
76806
120165
82060
552571
73902
42093
233434
50571
217266
24582
107535
14049
18868
169782
7072
144597
2518
319503
20549
69717
230051
93886
126495
23529
15147
29004
148577
24048
285173
5060
20329
68029
8118
111376
200845
37753
23592
16043
184863
6085
72734
11068
615160
28637
488502
61886
87805
28282
194268
0
628874
66624
30577
178260
17482
277
233606
26598
224798
11270
8278
49580
334102
11459
189097
1495
54044
205672
28438
1893
173900
3131
313939
171
386276
10858
218072
1033
36557
39256
80133
6030
37160
96565
195435
9513
22358
12620
199929
11915
20322
251315
91244
6971
88161
41323
38137
247063
12061
108853
1668
681406
31954
152224
51173
15890
288820
33415
224746
56553
48053
1784
169478
14115
91108
313241
247448
110801
109530
150744
4170
46380
163802
14418
125108
26926
61966
49511
10268
106642
17325
10448
68682
100243
45166
15336
216294
28470
44810
108994
17671
136592
492759
25379
773085
8648
86761
46004
7578
920317
54719
324541
28113
396652
27216
26303
2975
140143
13854
255451
336421
224542
74465
88931
177444
103194
447376
64173
176531
87749
767103
540744
12409
22281
167192
7183
65833
206279
120632
54497
118102
133821
34843
116620
118414
27158
775292
19101
50925
147443
328817
9826
24449
3371
85319
101539
255404
35115
2343
764
208372
2659
169300
3551
268165
14694
202673
132280
21460
9016
13249
142606
68909
71548
84589
82479
15743
170511
84177
6827
65351
29723
129305
1375
607906
2623
105626
33881
2719
34966
356219
498533
228582
101174
12006
761483
42417
183451
89963
8745
49873
126903
66620
13154
194340
2242
450265
47782
7951
35954
270422
22124
107262
167142
62776
42835
181067
6007
437388
3213
232505
55531
446729
4049
1301
165002
32585
327812
72233
97898
18483
65788
109519
2836
20854
74306
65302
264610
30609
361151
91934
2321
608647
55247
105574
233405
73854
88912
17042
673357
413838
36492
205831
94951
36054
311771
19720
324423
83461
39023
166883
164470
5334
266031
5217
15999
397786
797
115110
84451
531285
4308
257896
43854
7496
33859
6304
65024
286062
4248
361243
201999
30267
18719
104611
1527
64493
26231
43653
19076
1749
19404
390670
19219
265139
333852
125483
129992
139917
143978
27524
432557
204763
80946
117002
91003
249512
1040
8225
137694
73447
94854
35547
93212
123603
15918
895630
190685
22013
262506
252468
26647
0
54445
3735
11901
33492
5800
36131
173149
325596
39078
418552
273691
10469
198728
39369
48945
117273
34633
323262
17210
7074
37448
285994
55547
32718
154311
485688
14851
650816
594974
25662
146583
123659
18827
518
129406
68186
37434
3381
4374
31619
51623
63235
82898
55820
292531
28792
316832
18023
22071
27568
49357
2759
267428
214023
866014
167747
307052
1070
317969
140811
88657
20892
365430
5110
547873
8056
111448
164140
4356
676764
108364
29025
354650
50352
662517
21378
169442
55147
210590
11122
461642
21372
417469
229254
0
2320
3216
49469
288843
22378
60722
38533
138002
149802
2627
37061
70515
316709
58297
24167
872005
52447
247733
118274
738078
341304
69082
122482
3625
61366
408828
169684
60086
32649
145306
28199
16715
50146
57147
38509
94350
247466
14871
359296
243494
146192
9876
2701
823805
5431
30391
545028
775019
147884
33408
41107
750851
114671
19080
98631
7867
39380
64330
643
13506
47753
1674
77699
5216
1120
656391
16608
60499
112805
9601
211547
2340
154250
115923
43000
389800
127199
173007
120057
502088
248839
6163
297626
2514
65234
102350
434066
112378
4602
1178
237950
21794
161123
120720
71295
68874
336
79100
123837
6428
578880
139535
124849
101829
25203
94613
46244
89393
124506
322241
51309
203878
117890
1112
58284
362018
73089
115129
207094
163829
152965
100248
4602
343533
1576
155916
144062
33661
165885
102735
60908
37200
288549
267423
261901
14624
222122
229264
6474
189970
140644
642821
79
155502
433724
31588
307932
100381
77318
121485
299933
232786
39056
130297
338147
801912
68619
212783
40147
17229
567867
42454
153912
30431
109210
51145
76856
156395
226177
95698
299453
96853
91784
62946
367861
58748
24858
71001
11168
1303
517018
14604
381427
290542
16582
498735
28450
279572
978998
40847
49461
31315
8291
30849
6052
316650
45052
100318
36598
231299
153675
37140
546156
59157
18595
321866
133750
103017
36650
269354
9294
214486
18969
65498
338793
450318
43500
86836
100998
6242
362393
299104
88846
229739
757065
16234
363838
234176
34
316262
157318
201130
68343
337820
21615
211981
115276
21016
45176
529573
49729
581874
10978
151105
129056
219744
60934
24978
129590
130482
60429
23480
6151
46250
145653
23527
373051
191299
44503
427482
2223
58933
282587
39086
1068502
174053
749829
191119
3817
227532
53526
15787
229731
110988
111379
29690
347727
109643
64575
486940
107230
135591
198
462507
39329
108295
219688
169790
233675
185847
241411
110010
5269
54410
52365
164090
49936
84162
94608
122185
17890
219692
23843
453518
34500
28438
282298
59492
13634
3480
902
31671
150584
3581
40975
717679
12762
270649
231714
28280
250700
8940
181839
548964
14820
104925
14692
236328
396734
2351
63909
455523
33392
93660
69183
213591
14778
308745
98284
19615
367570
93591
51619
844735
216702
196711
764
61932
434881
5711
556661
5486
64572
7935
116466
337014
208391
31507
224619
520746
20289
201818
151438
136556
1840
4256
16326
793197
72732
268896
135764
102348
186045
634254
122085
5990
0
23585
56738
515192
226451
5206
88325
76329
145250
11075
496161
430562
16036
84104
227124
9456
498121
17235
391995
98307
829903
35608
56190
11514
113567
53160
27573
629746
6638
58914
171268
36493
345069
6480
109236
34517
148454
8842
1071880
74987
20504
43700
127835
41723
196775
46188
323872
206685
212093
44408
149503
22131
125122
196016
110396
46939
261869
116435
43134
186861
707
46091
470593
21900
279830
247267
13800
71552
14025
44172
19643
158220
177646
133236
12408
144848
236
310458
112801
89277
99636
25228
118656
174591
165213
94189
119614
26591
443400
2291
164239
81493
94763
214311
323589
34091
513159
275814
93641
321358
12598
146721
13352
143020
60777
47973
52133
704783
165561
93468
211031
123852
45213
146815
73878
98708
297767
83652
27238
7866
574529
50563
24817
868
467443
1943
211154
265360
14202
276902
85284
29863
144345
12374
132221
229414
46486
130421
120350
510285
156614
1060304
1865
191720
156810
273341
278555
300944
132519
24950
163767
1294
10815
4678
97068
157341
4721
220349
3749
152022
24472
133181
45083
8686
292454
68654
49291
97667
69576
238009
114515
225276
425155
28042
40412
229437
82953
132037
5298
128116
212438
174579
1293
208623
125982
12841
140690
441336
1217006
543470
167285
55461
5075
12213
108607
4208
111993
202111
42540
569216
129512
370238
176126
91819
35013
799571
77471
25049
49620
289257
101760
156312
237420
191604
169509
46881
34028
163264
492613
61738
568517
552333
317084
409435
399308
818
169935
43671
2887
151012
880532
76985
27034
294834
93940
184001
1464
352318
11529
290370
93875
3793
443206
534107
8796
736880
39695
2197
403584
43808
131911
10859
358697
15088
415076
4485
16501
89630
205564
12617
129277
226982
75937
69364
7200
341530
3164
15398
171393
24976
156124
13332
147046
13351
835527
137194
84931
149606
91630
957035
127216
0
116343
29862
166781
85170
746454
27759
202928
19516
180169
19874
261219
5604
408935
271661
8858
324103
98430
496797
79021
247848
65196
224618
47687
183189
113046
715297
10951
47762
566281
77085
22351
86188
1175099
252986
442212
2628
252146
48502
810519
330505
266189
8665
5791
173851
263074
10284
509195
56113
15133
304895
21115
363469
134569
32693
506359
79538
70112
72446
61695
84459
128257
18531
453342
124445
93890
1450
1271
151380
9509
34702
297550
334565
3375
78686
7546
733411
672926
13881
29073
488306
311314
209458
901
364732
20370
232093
9570
114239
207170
31288
537132
55841
106055
109693
98437
654254
65474
90537
201237
13216
186948
54748
191538
19408
185878
53983
179717
396868
39838
39140
322917
181807
70584
95022
21106
27666
418443
86245
257605
415480
28359
428467
17904
37579
14224
640313
330207
101620
74720
51056
376023
370238
27753
5272
529070
0
178901
83554
203495
4353
188116
7434
144651
35458
135788
467951
296
28620
77967
167325
46623
400282
51246
655615
78989
76967
95163
71091
20379
161538
341014
635981
19142
357578
31509
19609
512825
102226
999546
10512
113739
154715
74105
184104
31338
52512
3575
76224
9016
16594
50113
116202
159088
366781
116616
120984
4988
51900
22661
280481
187434
125202
43235
252794
14300
8819
10856
1825
313746
21428
81091
107475
863319
824602
179298
84423
89953
231468
96416
195441
1029
304814
7380
332805
34447
77014
56522
577615
98
939108
40657
401494
19475
1200855
962060
424145
9900
86227
211456
468227
114241
906201
56950
242678
2405
95275
554618
27060
180062
111873
116209
132209
76028
2949
48036
30789
646282
94309
124865
13697
40127
140812
218677
11189
497681
644384
425223
118368
50787
170293
10431
15153
43207
21295
6958
6872
293822
304246
77888
351265
19837
712831
16108
281861
192212
357616
20052
165471
223283
9229
1341
64418
171188
501676
51896
22944
13303
581021
45285
16871
47337
45818
16877
226442
29189
6966
27466
154307
4765
5739
344795
186628
166876
292072
15443
141125
61968
59290
830931
259325
398665
132636
23829
361736
131694
36115
38742
797368
242824
83215
159985
633439
102661
111873
140797
1471
2133
242036
40407
109097
193502
30753
310859
33708
101133
238915
245193
396701
24083
334428
351403
4781
182306
68131
36331
37294
81924
3108
53593
274278
94574
30438
216867
21866
47359
1119199
104207
151888
49068
259787
210513
18008
13347
86652
232122
1097895
250603
31368
981
30489
480756
52126
29114
256611
82568
79713
4253
294686
185257
353
217469
385293
6124
3511
118371
12224
266696
138824
79405
97700
7860
258530
60327
84187
275359
30758
21417
244227
295662
124474
28331
425103
420144
132696
46211
103120
580328
17751
908799
92450
16103
76213
237251
6271
77747
98637
65458
189318
12689
31491
1662
59835
59367
593446
311
253590
25327
112023
12383
267983
115181
21357
60069
16369
142411
151749
153673
85198
83298
4936
124386
35858
128339
182836
6891
11919
145904
168145
44746
59934
548655
50108
114371
73917
379797
17365
37818
19658
134606
45965
601020
7193
59538
266749
173375
449252
19118
108598
72601
712548
17154
6445
188451
364723
455481
94886
250829
10444
539649
36263
112272
327
26737
115938
7437
220750
3678
238359
176393
2277
282783
826580
61490
431439
56117
99061
227467
689867
29327
446719
995950
75792
132100
83592
80187
529430
4349
453051
69132
534092
42293
95336
108270
17192
168400
4756
467959
7579
1264
9869
191255
864390
114014
104486
299742
60724
50399
1668
102290
101218
145225
115937
526171
1127008
9096
140388
185702
25055
4836
503946
17326
157455
4458
32547
24648
44535
4204
255657
10652
291258
129771
155135
15979
2054
13716
37380
212768
12414
188465
44720
525429
2856
121711
323456
20673
130237
142398
76888
14350
991311
24779
116632
58933
4045
101754
424751
65958
64885
232422
332305
6173
1177513
266313
24529
44191
256302
80402
142724
19925
449435
81231
5905
189
18382
75994
61267
103088
1372612
402879
100125
349992
245471
36156
567527
12220
553249
283517
55767
128524
336820
182661
282813
86332
405599
344614
202825
9331
430906
165696
27615
120725
221499
64330
120
684428
56345
249980
26202
344861
353292
504
793839
186937
38813
280928
65904
638835
16122
635902
152807
245441
20384
63593
36794
173266
117676
34611
148702
219465
50444
170683
42991
219095
8871
132040
12539
358097
229145
458096
33675
45191
403605
1633
407221
1665
171237
20898
489886
328193
308595
287920
275671
384
81227
196303
70520
24614
113607
78371
237777
57761
685463
105747
27500
680641
64343
779741
12307
396405
2484
337437
14141
302080
959893
87812
489678
24023
1321881
8291
102957
254044
81631
37815
461326
86619
314337
102266
91618
509821
3806
182466
317404
281162
159503
190358
389507
3481
11950
147329
239143
38527
195789
41621
624342
89656
32144
406971
146082
46812
134384
88393
2660
119448
40167
105700
657866
64124
904870
422850
402223
66335
62200
141945
1755
14501
31341
62970
6455
25784
81512
51374
93089
292549
36659
103607
31980
32152
120473
177810
258501
133
345684
59033
519257
254596
44685
62914
64797
27044
131463
24540
393741
8101
24397
14060
906032
93504
285694
7171
30883
2770
355640
109393
324004
321916
53571
2720
40415
39465
443607
1428
191576
3451
123835
272139
3606
61036
361596
198601
74859
108398
52943
50708
201056
458992
3700
25964
551267
39165
13885
10556
71706
516726
11940
618832
85748
59314
21843
271801
13323
4296
42409
692975
249684
655323
9473
27750
286
885
313284
77724
44693
1354
104817
154840
54368
386699
102826
29140
508495
43548
1030291
507292
53318
24660
206902
12518
1298606
91728
268401
99521
146623
133873
25297
210460
124832
421652
18530
31504
647762
37862
42065
137507
207577
133462
823312
16468
27777
69109
93703
301862
545220
31403
382815
23020
102943
63329
63237
64411
153075
22324
119899
1282507
75260
37850
154209
40477
694525
10396
14242
667330
81308
147993
56572
146775
92933
132784
6378
625594
348313
29210
443626
210878
105738
533212
102113
20039
91264
1245
90113
288672
248495
137612
215510
61519
950011
20265
372786
10434
27033
185253
124379
11683
527670
97877
1290
53974
92523
319364
14266
13299
478071
26438
216315
160732
351687
180680
260440
155930
157555
1933
128472
135437
589981
9708
444152
93719
129040
12587
74160
120700
309742
437706
15023
230632
140144
13984
13206
136766
259180
151974
553519
5395
383137
1163
327321
121860
489046
169700
15700
130391
8339
350386
93823
106656
46635
533002
125056
56840
81729
73159
122694
17860
84916
123411
248966
58059
164521
331865
187250
21451
555785
322384
51384
470181
230074
803319
70568
31531
46109
127854
58984
660285
76407
611
414117
19547
75518
386299
249638
41625
72781
64700
22369
266359
612145
437088
230000
35536
118961
11060
121516
64056
54889
55279
17473
130658
14881
320598
302046
210414
131450
919172
256064
54772
665111
159095
26177
39788
212065
27585
357639
377939
463254
66546
96033
14775
603193
913
33995
233661
81772
45100
166268
107957
170602
11076
51161
235224
215947
45418
39889
151092
24312
152860
164311
335487
12196
73674
162565
848
159293
238899
201382
19146
21440
29107
1223618
882713
169444
57235
98106
89449
92635
54477
440583
268462
46587
17513
110497
70780
97968
112017
2996
103325
360802
100504
268298
242383
30949
65019
542320
106146
274538
66913
227200
69728
485788
58832
55635
160431
150103
57836
203832
497295
7019
532916
18320
213719
308167
308015
1901
228713
200705
117934
101967
27597
450062
11607
663256
3466
115201
219969
1576
7593
237002
391918
174467
323461
264331
91860
165174
57940
10031
68568
134312
870676
404231
266620
171671
391174
499843
48206
826564
20027
197891
18383
191806
533460
37406
69849
632519
44623
598214
86755
143512
9787
256987
7175
366634
921269
38599
767422
35839
854497
21214
79121
28635
159795
5218
207034
349225
101258
36929
263226
129038
23652
607821
18337
261868
170623
118262
555144
14388
124614
56868
258722
148723
172046
20988
124148
155
18084
299456
5129
842919
362473
838661
57180
120036
59810
209647
110958
236908
184698
176442
30456
670013
43491
59766
267166
128074
140713
774021
161681
5089
838580
2374
238453
47821
133914
23850
48443
219426
48011
47666
30121
19058
183121
183489
140835
20806
87875
516780
103878
153645
16521
34594
155963
57656
519280
4683
172778
1878
235990
108004
454433
16186
98825
4118
711998
449495
29558
588126
252505
14344
11402
151721
14329
4530
46406
369906
39864
301511
18176
926706
135832
54810
234686
138794
87443
151600
195430
24358
220708
33460
67271
40873
456308
48736
737395
148365
8659
220315
409997
32771
52023
809997
6113
32927
102259
571352
42051
20851
78289
20970
10400
119694
230114
387841
113773
95872
86130
5845
19542
75066
9924
101330
34790
7303
253092
0
504762
84992
837893
27127
34901
544536
202295
292594
1651
12308
5135
1011643
43989
359767
6142
320886
369595
10072
298138
1985
1417995
76308
49588
226196
61427
72915
245673
61547
331691
193184
24167
717812
141089
399884
14
115406
4262
394672
2921
25714
10630
60325
627072
73872
412492
362480
690638
32504
426166
3130
397583
75545
30686
372311
44500
82440
24108
227777
274727
29439
3323
5812
96087
219979
37188
135532
54850
33849
14306
140421
13837
723119
28996
49948
518252
82479
666815
66846
169221
112383
595832
85507
212441
1669
169043
352974
502497
273969
25095
270338
119883
37140
26613
230111
283981
81827
13381
380168
85534
352232
1767
3244
116580
6049
182902
239848
162674
741756
186529
14579
178164
7608
118966
218462
35076
207429
19018
115508
1045443
15998
469381
65898
3118
132224
807255
226194
7674
6268
595389
14214
191089
60290
1034842
142712
23561
600507
29409
105433
155951
3479
144788
196085
105018
101851
11892
661470
185732
156929
771391
283873
346644
193439
28770
1091611
52943
18458
579859
56617
111928
326394
332555
61442
131763
6248
294286
6633
362030
335619
11311
289777
4126
184416
695789
38097
567802
9235
490107
255
29811
86808
10722
744024
746963
24302
41701
326609
56667
318113
18707
64798
65982
25811
84282
61665
114846
589721
17949
414402
423008
628909
26286
119867
692724
27895
480595
493980
403123
21423
51125
48721
7819
157965
1438283
171752
272856
1452171
421112
9225
129030
204743
356012
93565
163718
350969
108189
153862
5271
9794
220863
32413
129220
192559
1423
107384
121710
317739
11513
50937
992999
311293
381112
33508
306244
397684
47444
31563
465571
243832
829667
173361
6889
170070
372138
208258
701711
206870
792286
37404
966014
12028
214079
66898
343984
211550
85842
183264
25274
410508
517642
401357
168904
456397
5924
541836
17196
28214
253207
161472
200857
756310
82741
177337
170005
67331
13689
117023
40558
278329
177944
4781
567366
369057
50449
674591
38719
375153
113233
507835
934272
34495
399421
67498
526630
151750
138801
32867
4132
143801
239625
26148
40581
104724
121428
503242
7581
470953
150733
47022
222309
280751
88679
5470
711536
11644
13564
2280
452556
59932
304707
236572
421643
10141
210356
224499
110062
92461
145823
226972
281589
328746
151964
176410
41737
416224
99349
158823
43459
7288
185828
40227
317840
5128
3365
105807
940146
12972
729587
3723
553673
83904
779237
29315
22702
147476
400
207103
554899
22663
85533
122418
124366
154496
103
481251
106508
130371
962
276553
1616
193068
35689
56803
518917
56869
108329
72795
270641
594761
24297
151012
2519
14634
87114
186258
256803
11668
718649
208586
363875
145325
699625
126694
166695
223807
139247
80882
28156
218581
14241
371916
55367
7985
802521
26245
152107
150787
60029
47976
4687
138345
6836
110713
2748
163563
58958
270523
6792
2050
248408
372877
126732
376551
20980
17118
400659
705789
95284
7979
44345
138463
350408
821
474455
56791
109111
339872
279184
56984
144431
80808
107046
73441
221186
64321
74756
32448
253772
57081
251692
578972
3621
61908
297225
38195
1099347
137695
166892
363441
171043
58575
42975
27637
609315
139700
1710179
6134
847071
774869
3440
294462
144733
135474
153466
31950
34847
32015
182122
16976
208689
626827
246151
232247
66429
692342
34713
29424
2048
98745
236516
177936
112366
299733
38000
235748
87964
275608
10572
259083
20810
255822
3308
21996
54179
52192
13448
103848
13061
328216
3389
1534081
227141
324669
158611
62808
763905
119857
5687
456272
12961
245565
121893
160480
19566
98186
17524
4772
702357
113365
128773
127679
41319
620275
3783
39904
15774
149371
887828
58914
225502
1931
59169
45403
32577
6465
203732
328900
28300
50002
222486
705986
18762
24859
400832
140052
1795
116888
178816
59783
745449
108832
232631
312605
7867
383593
86993
604948
2470
148023
329161
363282
44853
14318
357365
315700
425223
714290
26073
3554
108169
20577
2432
694495
6278
148672
163005
703092
492319
308525
558376
134571
311982
380903
89190
252140
312232
21290
8992
2313
155533
555073
44470
538879
43895
19288
134740
83062
177452
575072
108029
579593
76565
127748
70113
130034
708350
124380
629624
205272
634284
142543
61900
61422
136661
79056
240221
95945
51050
126755
94990
338157
476349
51842
11048
4775
13130
38176
494571
103671
7593
846688
32577
325040
34597
19026
448033
122681
64056
71190
130974
4602
7057
602931
4592
316824
1423975
25383
263564
68348
614581
57962
115534
32820
58548
22371
422641
1774
361208
749284
0
234060
361207
109094
409679
1062
13549
274823
268809
54321
5978
179746
601681
20719
2668
59679
90859
70646
8216
21621
253877
15140
10300
134061
67816
92520
53742
59113
555580
71523
86350
164731
139345
11460
9934
284967
24321
107313
153860
431247
203970
374350
104988
37823
21072
16868
218783
205332
261360
331401
598956
5742
261
219894
340168
153846
261545
5974
851907
30726
314
513134
154322
508025
2232
37700
145112
57673
278603
345958
491335
52583
55681
7251
43660
407666
263776
158106
272058
56186
59691
236362
8939
57442
43412
683186
31790
343280
657756
628314
16952
121778
65020
232323
80120
64554
104908
288332
64440
1008847
136008
2568
71271
50386
2847
118101
242910
12320
96079
5959
262418
284531
31377
552695
340100
102644
98237
241334
309470
418472
620
261651
624317
47951
21885
213195
840377
10036
8122
526989
58814
44077
19391
1004947
191140
22664
293428
266472
57867
231113
61164
244848
292176
41553
391143
139290
161729
339121
807
598573
771102
160490
8311
525282
986200
28636
168181
96926
272159
348321
400799
17583
343195
162406
184046
28046
474985
263149
56334
103559
15526
94216
16690
265693
29059
7000
345595
2267
131554
414523
841579
78243
397429
11639
156451
638519
350046
155523
651925
60671
636812
146734
144468
494193
3615
313095
397893
206715
446835
53334
29544
281162
98580
286391
126934
5690
419340
68851
130649
82341
120946
644978
91683
4380
296175
271679
57232
986
265654
7256
534543
272371
65531
152119
53133
152801
339682
110265
50040
247465
153935
392443
156203
196181
123724
89614
149466
105636
195609
373664
12513
443324
59440
576820
66137
65429
106500
349107
114325
368589
371955
87204
29358
498137
14656
28402
252933
1415448
45888
337075
93761
93816
18395
552174
96652
85764
58390
9153
325095
9863
179568
308503
5069
420948
106978
111318
22641
11266
167062
399336
172433
19292
465030
116569
326998
992238
496493
2128
123814
16147
9397
479802
556
282242
29967
820200
116189
69929
107629
92574
618547
64549
200324
380915
56996
41350
153501
65926
684891
187285
0
2886
99459
120725
52950
256089
234545
31411
36509
230606
217148
25
257998
10496
171569
84384
467315
18493
1075353
326190
9086
149628
145723
3487
148384
327763
154561
201520
229561
10679
122497
16295
1006391
204101
149559
137021
262529
348468
16866
151407
2651
965213
197080
164282
83841
7569
7201
335594
427495
72844
899203
5749
347596
215602
9746
43004
911341
46590
96913
27015
170234
727625
208885
10123
548615
68154
135239
2747
116917
213466
331733
15439
201876
41490
292
32112
183247
451
194744
727920
173103
119383
28172
42388
774671
171599
281208
277026
107132
39469
274541
60520
504090
7145
21771
23977
79443
665248
216896
74519
29907
94633
28002
740626
227489
87
242524
96607
599104
771028
149062
244162
300681
874606
258447
574269
251761
254187
640709
11985
13399
108575
80109
260563
187405
3428
87367
211707
33707
3043
396130
221884
24481
68965
168848
107154
93334
909539
5247
435260
93933
25168
1373309
15196
94338
100441
427950
152171
84438
7467
118537
399111
1383668
145393
324856
214616
3877
377747
36891
486115
472207
317047
142417
160764
193926
42487
657291
308029
54239
329520
57163
2005
187737
30045
252859
3017
1081
384060
7787
178589
84098
122783
102362
645776
65450
580506
207748
20131
281574
172857
203734
145436
771006
144287
267269
90579
74506
64511
4244
375616
543545
34183
847898
23221
174647
3774
30987
84590
100796
28467
400587
76795
177521
777088
631616
34805
196390
25557
11260
173795
220262
15897
59077
25629
345611
38485
31991
596004
161178
10261
124150
100164
22897
150586
466312
54657
80362
438960
583311
54561
135165
5329
17610
24711
78579
256259
72891
858288
199247
4076
294137
619809
16575
326005
101063
766390
4672
14704
436137
214176
1881
34785
215412
8594
291452
16824
197592
3039
84549
374386
139294
61784
80379
59346
132752
92889
63366
218055
565347
72445
388793
22616
620128
23577
463941
157653
1170488
165219
84807
192793
9455
414346
219037
182543
51860
7062
437152
55999
279028
71474
108544
2300
321487
56481
82001
49928
481270
1068959
110
1215
485747
171911
328622
86029
427068
2081
49600
41652
4840
271678
65608
39613
334339
408829
104456
52848
140769
81950
776186
28870
223906
202880
10820
935792
28146
211444
58461
569425
35888
322609
109749
619010
746221
53216
756106
668230
64702
802
19182
38364
101871
524728
220914
138187
55715
159800
330326
92931
128377
171622
100623
142770
264640
259109
162489
215465
35083
114129
172609
243570
13208
442290
52346
500876
53995
5855
47291
573721
45082
1058653
298432
175459
13331
74119
158790
151574
217209
22995
852954
118622
58451
198030
78849
335424
463041
201597
278193
854653
17267
61828
1224426
244769
313593
3972
390848
166699
173453
125419
3419
673157
26999
78744
78730
643373
280833
620035
236834
203505
17603
16093
15743
118797
340007
35928
4656
383525
26061
274295
15879
466738
553024
646601
211070
52182
855838
1945
18418
8714
162986
16474
319029
1693
745391
31331
650450
27628
219918
176042
67496
233070
110078
263628
240069
21559
28452
39186
4261
42834
255330
477591
79492
39696
434193
20449
293257
286978
94482
78134
340854
47607
31967
215910
864993
749637
20315
17760
38169
853165
291972
107937
12365
12648
86798
5341
236767
103815
19392
342298
467803
30694
187671
99592
328985
431693
7187
49758
1033
231536
563175
619538
18474
354472
43779
41488
1948
617949
344124
4783
430359
43377
191262
203236
18836
151874
464513
337986
636122
71416
431539
574026
88204
33037
415112
145636
95466
95478
26854
20159
233206
15593
294032
632723
58375
423258
30512
39494
39392
663238
130848
77948
3503
484764
66173
27387
582138
922602
428298
53085
297496
228371
147926
2135
635171
152559
171135
48284
359258
656108
13214
207390
288806
104426
11332
88454
25293
529360
6297
51765
126756
974
135541
10213
72768
2269
62870
256666
33445
5249
72208
614231
341047
49208
63316
32118
378523
35650
220599
39211
728565
97058
30948
341625
335955
135911
221826
7355
41881
43543
179860
16972
102960
57948
50950
71402
267040
443567
15244
20416
98969
288684
56988
291986
107908
109098
1107
314292
29747
687025
1436
206538
172162
259135
585318
226803
122432
108733
232596
970046
45278
405510
159050
204120
332429
168667
13577
9533
1123680
2398
78570
287518
52830
6449
144439
987747
334883
62295
573909
140466
579447
218422
61089
359788
19668
442753
310314
58318
7897
168456
550939
117105
131426
50345
601366
527314
9878
740641
420617
33473
20266
417269
189140
24172
309640
259613
111319
148708
339858
316619
376
127501
227960
196526
40062
9035
37970
325317
229096
28027
105730
584043
80738
274845
831595
215842
204366
176768
57506
452449
184372
18961
434906
97085
177941
67313
1808
416993
418026
30574
167759
187499
60444
119150
501535
152273
854701
41431
121963
79671
25091
267858
11284
18857
90424
140133
221312
42254
71907
165015
358611
66764
9879
1329
612434
93724
856673
13738
243972
192068
8940
65052
98509
275398
4017
1223
76294
16988
182953
55055
145877
16435
364975
21387
43409
56059
447409
20564
246311
190646
167172
852495
40753
89984
486163
99170
237861
86518
138253
433009
96867
350762
20570
147804
363615
40264
125874
137723
347315
58300
59069
662404
1779
98594
37339
854117
26404
337968
28350
151623
342386
341284
26674
927535
3139
188620
61685
100871
13422
105944
220298
980516
632634
185851
376876
799850
111828
32605
146004
25680
35627
0
28556
556799
509979
645323
134189
342841
102632
206526
73390
29806
2041
14470
106664
28647
37199
176251
122952
689139
1300910
10917
98971
1407096
67148
129526
33047
80134
35844
386602
137351
78949
52450
70282
59867
168591
47679
52516
621474
391744
343910
80318
595214
267515
428796
111652
62816
281545
1163478
41482
313915
829405
13727
220113
112444
421824
27939
745795
646639
42022
200658
12494
477365
16904
135706
355483
54096
145152
92934
104081
249721
719910
51002
64720
661450
512667
4151
108833
33595
40961
1002483
627536
113765
397664
13250
267812
264012
72786
180065
385988
56350
110613
27215
35145
93610
142867
46934
324701
160935
85329
5756
355995
187356
1044
69187
691932
178180
406208
11077
29825
271151
56642
8534
25889
396496
92688
1065781
17357
3774
106963
10171
37725
71235
73170
42194
216062
947167
148604
32784
609484
94987
221538
1799
38154
174804
78467
261127
43505
0
77357
590
90032
82680
420639
259442
7666
282333
51397
2865
343624
61901
256189
212230
950321
9110
971301
425620
89759
373812
223988
319635
2141
1111777
17885
142373
166266
417913
397687
29025
312508
95511
112523
5144
687846
11098
534510
231940
114780
883470
101757
388754
34437
305606
1067962
72776
112204
264240
19936
255871
60803
69377
170742
184182
576372
63577
161904
421563
293757
327769
345794
150981
1263
7132
59087
336807
115623
357863
197640
1218968
16274
243522
807
554443
9977
134785
105402
74428
9119
818016
311661
142188
434307
1703049
474388
895570
55704
192270
1393
370284
36218
100291
81440
82419
5312
1172828
435400
1127536
91985
208891
53730
119435
108514
71163
415337
27182
8851
7539
447288
472663
32209
517191
138177
57708
161887
186426
198471
48108
45274
551713
63566
131296
2942
251027
663617
405786
175697
279350
121454
951469
7446
184588
11686
1105522
1698353
358420
175716
100656
285280
38797
284252
23916
75207
39456
237806
27322
127244
4887
202053
958200
51805
112906
259098
1254
313685
46666
46358
619503
93450
1305939
63655
48160
1047822
51536
96551
1274314
937037
56891
167751
93528
574841
17322
365753
119756
62596
838914
263718
54801
77203
758984
53494
806595
196662
178633
746241
446456
681448
246690
77802
165611
682493
94452
215407
492931
824545
17928
153326
8924
8494
438790
3990
209215
109407
771594
138521
377068
19568
245708
8700
339254
35180
224790
281750
197145
8288
223124
386975
17496
698581
1096609
126210
375219
103776
1117290
8121
3344
95119
24486
2102
77939
84305
49163
137751
330931
57903
130919
102533
110505
29606
31065
307327
27032
1059203
198470
174228
4812
14954
143562
124177
832208
104490
1667
43176
248446
1758
325212
13513
61303
168477
61507
248353
282696
29415
153122
31036
549702
39898
285511
103312
714557
295900
471
174213
478527
229844
81647
162974
378980
9140
77588
828
264925
3790
1104961
17904
514118
617377
399532
11378
734442
68375
682652
281326
877272
110061
586719
251811
265536
104398
227797
49768
1012270
69668
1081138
457841
185052
254498
20985
212031
809450
56338
272152
94016
3815
50227
188805
138415
319830
619911
182642
15990
980339
4024
380971
148694
103711
82261
578292
31288
394121
600931
3842
959916
27857
17056
628676
185542
129749
393234
86450
454121
143269
415362
865168
719605
115369
230819
81380
156542
3769
3586
131396
68792
669143
132313
278166
262163
2432
210244
8953
76107
255392
71653
358673
214692
354811
91117
53973
70424
474091
64332
12083
278439
199841
124915
734131
181615
139344
1791306
142389
321242
14671
992
14509
258543
16366
766771
369485
90128
162877
258557
310549
1703
16241
203693
62664
590123
213338
1090982
177002
361584
526613
108317
638348
2161
1213387
102272
487035
43333
34325
128159
73020
409551
70575
855970
22705
137064
219897
24520
175262
101724
47137
103807
50702
1321147
395612
15496
555365
7914
744872
38267
6364
661251
298
4303
86074
129162
23061
138626
70327
99518
46931
653456
1547876
260473
7728
63747
18207
167713
34374
241937
71628
165174
842124
43562
589006
55167
537396
6692
689373
411048
74788
426574
24014
41822
155429
50882
88492
18414
80594
435542
1329
328791
356334
421932
8098
505894
41685
317570
173662
39560
440889
66110
1112096
136261
397396
31566
394958
222228
218546
232346
94711
712911
49174
3297
199716
275464
10942
52860
95843
310693
480283
537388
126120
18728
74877
37755
84472
63682
224522
433418
92478
1145
35139
213645
174883
425946
15373
699520
172331
41589
585502
123993
140710
431765
379023
220841
24244
188754
4494
1036485
191118
626225
5904
976982
94401
5591
278113
21821
91821
6851
259856
152564
1121102
161726
97913
227123
38607
269304
74755
139615
354626
18502
43993
505317
817589
168585
433463
52192
558318
37012
304270
553928
129985
1213788
163016
380494
52370
72121
32568
309640
198671
261227
26887
287272
83158
754228
840905
43651
167778
119283
166539
192037
527396
104032
86471
36986
1736516
26541
782181
30235
16615
1142149
74013
70560
490774
77538
388020
111685
473159
56207
83100
346885
11395
40590
1064894
62948
307320
42842
1520805
123555
158453
118648
256494
22099
140399
200339
70406
15818
1249857
411086
146447
278980
263035
224209
28926
278875
90834
749445
108519
58111
565453
81741
0
276018
61160
305221
79130
362844
448423
491391
81896
400423
1523
121983
8954
20431
16238
1138605
271210
100280
151928
541005
94834
743936
51246
90297
854491
47750
246918
201759
173050
84901
364105
73731
21062
75435
427960
6797
203972
207738
9156
226978
221272
1946
81740
26603
739571
67712
117662
562306
927824
14579
17882
3886
432164
188737
61190
75287
556017
125823
840972
39474
821555
93378
14483
410340
153025
44817
21
281317
2255
47074
498470
173508
626638
26732
333765
576590
505312
269452
476428
748874
56645
1198400
805754
60016
24713
237599
24841
113104
607833
106959
294572
102797
185741
884056
176011
111833
11759
199609
1164744
42180
501327
59671
108926
127909
151531
497998
11193
135344
7168
137612
29527
167132
210797
72870
152394
569655
13730
3797
145339
2175
392506
267281
479918
77141
615288
126
217401
447417
28049
524550
258617
26807
44120
649212
67991
523563
41308
51540
249110
153547
547303
4315
340228
59659
698
91578
241235
16766
12447
47376
802321
20054
1244890
26608
34461
1209620
749284
55715
189216
74338
4689
342542
123945
59882
45700
172001
106713
662217
283330
169215
1254600
26257
51804
158685
184629
33136
171743
276734
445
32319
317755
984378
9350
260578
440775
39000
258610
319735
136547
331967
132018
149824
221040
53211
80598
224060
176449
7259
53060
935191
850800
487042
218085
1283563
50685
102112
41141
68427
172239
39761
232356
9459
37177
579851
473
88232
134070
48756
63290
204403
61562
321770
117716
66063
27145
56098
126138
615879
1037956
158453
53942
543715
137729
67516
125809
80811
111559
4474
1414889
307860
276995
82068
1108814
22392
145968
80565
283129
85985
981141
37660
200240
71531
96208
526939
312230
245079
34718
333065
441664
320230
53179
22949
73429
420432
970046
5858
17605
318196
442081
258675
58910
120031
15349
38568
26095
38647
221143
106631
272761
64615
521966
34814
59753
39508
140837
1038
849466
2565
873870
83753
195040
1049560
21676
195763
599786
280887
531955
376111
134160
1059564
46170
217077
266770
57290
256448
39549
162272
270375
817325
246906
1982
129195
678127
8957
56224
441390
2320
996174
197537
581108
326543
100463
17810
245220
156742
24524
79699
610749
68845
92491
17618
7269
21225
44270
122000
677628
2731
423856
18454
34415
315248
380494
244670
38772
91274
32085
42084
57358
208594
11318
578864
10199
453723
319165
785937
8870
15055
38282
2156
712395
563585
237188
1823327
37649
429114
5142
278808
309030
18085
243841
451838
354814
107821
368823
159782
59536
262430
397433
23916
10174
251823
18215
5259
609949
82922
130811
53823
75624
4595
768531
127056
315297
33331
320535
183533
164788
1524745
353126
17539
178340
24822
448257
287821
175959
102962
417193
1439226
123093
160653
494853
726254
106847
53167
350538
13120
23536
26283
375480
4773
295514
236218
87010
361663
7126
988119
125298
806014
482750
228011
23277
126728
39195
1084633
6561
159598
162287
170718
1711
69846
181348
53043
17043
100076
774609
110005
175009
262182
512410
111669
35318
706416
190157
395976
324732
60035
19815
1438504
19879
235122
398348
1391913
5005
97880
403476
727437
62811
13426
137618
382546
35863
32564
236744
15084
262720
136418
65360
1187928
81504
42826
119026
70833
609386
440890
48629
437606
5345
1161591
133743
1170309
197663
602975
586632
86457
336103
206197
10206
563889
147658
68801
820021
60387
373712
109210
2992
21353
159688
107575
398938
484336
83397
47550
106767
55413
298038
1773
178617
1403835
132952
376767
570861
17076
177107
258547
83265
580394
100621
161844
1162119
16957
29943
77500
128778
3573
238424
614742
42530
34381
356772
373834
209846
1184265
241822
884505
62608
754489
347839
115620
453498
121968
120001
632833
131011
222438
32916
54094
203559
125324
1317
666993
138971
41870
85124
17690
354112
358454
169968
124156
411698
884014
76652
4051
581435
57709
571095
147862
664371
16502
682895
3466
624287
323812
148431
282034
1297195
174981
109316
93963
316942
11486
123257
68573
946719
192801
865315
59015
181351
48517
425201
110831
1779008
17600
1054656
206274
100846
9393
348
389404
224356
1276912
94493
285191
644742
20576
313861
22159
750540
221483
41477
24799
467605
377245
97072
150165
159
112070
1241998
159578
98941
34233
1332220
0
304088
642873
286977
135437
15745
74194
45956
47536
574017
180691
13653
18900
355411
284904
5171
910287
287379
1147959
272390
366961
26128
1412273
710708
176502
32299
113116
315475
32527
536245
191940
555010
135387
219349
834
567501
10114
89879
84163
265140
24088
21964
47015
983296
393589
171264
53490
1329
268352
17400
346870
266742
15367
499062
4310
1341277
176823
63049
1375
781291
18688
84492
94030
80685
449984
12069
463405
274709
317956
497801
55363
312885
57606
24178
273143
52817
11086
259800
29029
697696
227688
97594
65277
434403
321011
588481
363133
712946
156583
63251
43324
89769
198884
50354
1476818
114352
8776
337996
83616
76368
193407
15804
922397
156687
41643
437923
73521
84005
6216
69485
561072
50590
65912
364696
215640
19277
237343
174733
1816387
98432
94626
368189
198983
296481
1653
11114
72893
324333
289082
100827
215100
232544
690378
111637
251841
808181
594044
175521
88228
161193
73595
1210536
49941
399611
1495188
201497
747311
161744
172670
958620
40760
5672
164913
79280
50129
238423
7029
245814
1352042
18405
1356165
131402
68239
1106
783853
59923
604224
237688
926107
14782
235455
146835
268796
1236387
109410
76958
456358
210135
475667
340112
90407
1168864
276876
590471
103884
13826
186404
36313
625035
328484
912285
11989
1076819
15803
310146
92762
263250
19723
130071
155172
33146
690190
127632
475093
256555
18674
1271644
759270
44294
587751
101521
235262
22533
85739
397753
272950
774783
56146
60088
605409
363431
3819
631406
46391
18421
50068
51419
523483
175665
1199034
28819
239882
129644
194043
19696
47006
763810
117115
414510
162692
836402
14450
427340
51413
834659
54446
45432
471939
11615
136083
183043
784863
454846
627
755449
34770
2534
12028
150103
905810
197437
66978
242531
166764
91627
427858
467616
36895
2980
713881
213716
94393
12362
81832
18783
113091
273423
359072
42722
84596
121310
33205
904795
197516
1069727
85542
491787
27323
778991
32414
396215
462939
457361
16680
59373
8427
211812
24749
14765
195052
730957
604491
93164
707104
454142
44420
1381889
57789
783776
101855
534397
196065
182774
333058
172249
82530
190997
385222
36411
51913
597572
94442
234544
522
94046
369310
2042441
1132188
13687
1889
416968
2549
151343
418557
291783
246256
53558
405241
25240
50624
1239564
896960
134551
391288
644060
842516
175659
164138
2104414
629078
511271
378680
107684
606066
69439
511156
391294
97770
428428
26309
183632
41169
202967
782463
142694
55282
239133
404519
34913
240860
69963
358216
0
943217
233183
63875
319874
506490
487158
524345
7643
56212
846510
11358
127626
80367
68521
160746
211707
130086
54165
515375
117128
115475
804941
75318
31560
227141
488790
7289
587667
2248168
8795
821502
110834
44772
327644
1294
33597
165961
24363
155479
157551
9274
289657
6147
61816
74922
500610
5719
224223
4453
218601
137486
1059137
103086
62068
64322
97701
840494
432579
13873
37029
457744
363689
6773
483058
623631
14379
202845
6586
123704
116493
1121662
220995
1274435
50906
152437
44995
510791
1122091
352299
206420
400566
156491
22330
45947
174277
296624
62768
1305325
35335
779293
134787
307640
106001
120884
593901
48716
936712
804237
283824
431145
240381
47442
19157
10711
112378
770985
3440
276093
1690048
66805
149354
389166
231464
50411
188362
116212
357586
131463
116609
98533
432742
285881
500082
789240
13474
67904
47846
141946
5411
135751
6188
140959
675839
26670
44906
2021944
9018
50178
282086
191
938878
29714
85123
7397
68514
40180
79423
26344
282523
21087
20536
980377
624904
12112
27571
303565
598285
106837
748318
36202
372425
85136
1027737
222776
380384
13589
53388
339451
263855
63168
1151221
329121
33979
29500
333373
541166
292155
539877
471662
1302709
70830
1026813
75795
127281
84524
893917
281579
769027
11403
238883
31214
435020
37421
76073
547406
12712
371745
343796
51373
38316
802359
434825
880160
27107
41849
364858
47861
108056
18207
586492
323272
44295
8933
116914
179221
18029
458446
2371006
35581
355374
45750
119225
27472
358847
155533
446176
186112
1037577
224785
1354431
15381
240893
199715
10813
690095
21277
90075
692712
21503
238997
19231
425831
212709
698536
12324
162707
503002
449117
151806
55483
333537
396355
19877
405512
307225
429621
183669
235515
12023
386497
463687
192612
342308
284318
94519
267497
25931
217905
240367
10778
531093
171786
181175
577769
678893
145039
315777
134823
564785
0
714306
11826
4907
98768
153958
173008
142809
7601
349098
250204
463388
46310
789323
79330
627904
1059752
39018
287522
34750
32157
164897
306260
45361
513404
246533
61281
504831
17456
595134
11991
363411
6353
663498
285112
96676
92848
254608
190488
218959
34857
11270
116628
473185
267462
107567
147007
5429
52676
160466
168280
809817
403124
34075
505029
175688
10448
2054
425758
399749
673665
103984
480258
91234
57366
34371
142110
23056
47320
29707
74874
394849
7589
82950
309440
378244
259787
443645
446515
92586
124985
182770
85051
101911
62259
165954
35704
505894
48627
215841
49366
266984
152095
4844
1082069
58423
297491
84435
647595
511
652313
370396
41192
144622
65480
823348
90733
165909
6264
504877
150279
179314
105195
272268
25859
65359
146303
25608
66377
157788
613538
1080716
77670
557506
181828
246660
210581
588029
92713
628012
7541
417022
1491796
28374
67338
11800
391446
241777
1202297
284427
128643
467985
19055
843234
159129
161458
311966
128580
42767
1109075
943695
71486
461110
9793
217360
25454
153354
347980
1021296
5678
248253
254494
1004209
88869
113067
50495
628700
75381
107329
209290
683789
44295
21348
60318
227493
803708
73976
338677
394721
167216
36973
19615
1341750
63712
102430
575
102733
82690
112709
229782
342575
301978
235872
1127025
116837
50858
11853
162914
93687
14586
773239
11857
7610
367382
329298
1339157
59162
722014
1143
7898
210636
77378
433683
124226
66962
1974634
799714
199051
635610
791452
12126
656439
146089
69713
113837
356171
35274
783151
231117
437142
192803
43083
73253
233916
206474
0
324163
749288
68913
343596
21169
89
346872
5953
255645
86666
213923
250664
398494
509146
1120352
766153
38192
38839
129447
153172
43072
695651
257747
87211
307
690572
274632
237366
14501
306780
83410
103319
53364
743361
125034
218117
217986
3027
823877
139193
174678
77487
143656
709577
87203
682181
55778
119928
929514
572256
355223
195340
41136
417138
76286
102646
62851
34940
196311
12939
1178333
1003280
183275
686
349338
101944
149486
36886
2079155
132804
5166
124793
62985
51917
257066
399446
95835
318050
2037
700550
148972
15635
20155
854993
2620
116321
81300
49744
48459
164326
561854
8527
138229
182904
37587
19293
90932
23372
1009035
741706
1276620
194396
11783
315158
164785
48214
526661
339196
1476780
104318
166870
387425
113925
66999
481729
324708
112695
393278
67581
309188
24614
291640
123122
21266
259584
59568
336527
